Log file open, 10/25/16 16:33:54
LogInit:Display: Running engine for game: MyProject
LogPlatformFile: Not using cached read wrapper
LogInit:Display: RandInit(186602908) SRandInit(186602909).
LogTaskGraph: Started task graph with 4 named threads and 7 total threads with 1 sets of task threads.
LogStats: Stats thread started at 0.079204
LogInit: Version: 4.12.5-3039270+++UE4+Release-4.12
LogInit: API Version: 2992821
LogInit: Net Version: 3039270
LogDevObjectVersion: Number of dev versions registered: 13
LogDevObjectVersion:   Dev-Blueprints (B0D832E4-1F89-4F0D-ACCF-7EB736FD4AA2): 3
LogDevObjectVersion:   Dev-Build (E1C64328-A22C-4D53-A36C-8E866417BD8C): 0
LogDevObjectVersion:   Dev-Core (375EC13C-06E4-48FB-B500-84F0262A717E): 1
LogDevObjectVersion:   Dev-Editor (E4B068ED-F494-42E9-A231-DA0B2E46BB41): 2
LogDevObjectVersion:   Dev-Framework (CFFC743F-43B0-4480-9391-14DF171D2073): 6
LogDevObjectVersion:   Dev-Mobile (B02B49B5-BB20-44E9-A304-32B752E40360): 0
LogDevObjectVersion:   Dev-Networking (A4E4105C-59A1-49B5-A7C5-40C4547EDFEE): 0
LogDevObjectVersion:   Dev-Online (39C831C9-5AE6-47DC-9A44-9C173E1C8E7C): 0
LogDevObjectVersion:   Dev-Physics (78F01B33-EBEA-4F98-B9B4-84EACCB95AA2): 0
LogDevObjectVersion:   Dev-Platform (6631380F-2D4D-43E0-8009-CF276956A95A): 0
LogDevObjectVersion:   Dev-Rendering (12F88B9F-8875-4AFC-A67C-D90C383ABD29): 2
LogDevObjectVersion:   Dev-Sequencer (7B5AE74C-D270-4C10-A958-57980B212A5A): 0
LogDevObjectVersion:   Dev-VR (D7296918-1DD6-4BDD-9DE2-64A83CC13884): 0
LogInit: Compiled (64-bit): Jul  6 2016 09:09:46
LogInit: Compiled with Visual C++: 19.00.23026.00
LogInit: Build Configuration: Development
LogInit: Branch Name: ++UE4+Release-4.12
LogInit: Command line:  
LogInit: Base directory: C:/Program Files (x86)/Epic Games/4.12/Engine/Binaries/Win64/
LogInit: Installed Engine Build: 1
LogInit: Using libcurl 7.41.0
LogInit:  - built for x86_64-pc-win32
LogInit:  - supports SSL with WinSSL
LogInit:  - other features:
LogInit:      CURL_VERSION_SSL
LogInit:      CURL_VERSION_IPV6
LogInit:      CURL_VERSION_ASYNCHDNS
LogInit:      CURL_VERSION_LARGEFILE
LogInit:      CURL_VERSION_IDN
LogInit:  CurlRequestOptions (configurable via config and command line):
LogInit:  - bVerifyPeer = true  - Libcurl will verify peer certificate
LogInit:  - bUseHttpProxy = false  - Libcurl will NOT use HTTP proxy
LogInit:  - bDontReuseConnections = false  - Libcurl will reuse connections
LogInit:  - CertBundlePath = nullptr  - Libcurl will use whatever was configured at build time.
LogInit: Presizing for max 8388607 objects, including 0 objects not considered by GC, pre-allocating 0 bytes for permanent pool.
LogInit: Object subsystem initialized
[2016.10.25-15.33.54:878][  0]LogInit: Selected Device Profile: [Windows]
[2016.10.25-15.33.54:878][  0]LogInit: Applying CVar settings loaded from the selected device profile: [Windows]
[2016.10.25-15.33.54:894][  0]LogInit: Computer: C108-14
[2016.10.25-15.33.54:894][  0]LogInit: User: r018136e
[2016.10.25-15.33.54:894][  0]LogInit: CPU Page size=65536, Cores=4
[2016.10.25-15.33.54:894][  0]LogInit: High frequency timer resolution =3.507178 MHz
[2016.10.25-15.33.54:894][  0]LogMemory: Memory total: Physical=15.9GB (16GB approx)
[2016.10.25-15.33.54:894][  0]LogMemory: Platform Memory Stats for Windows
[2016.10.25-15.33.54:894][  0]LogMemory: Process Physical Memory: 190.48 MB used, 190.48 MB peak
[2016.10.25-15.33.54:894][  0]LogMemory: Process Virtual Memory: 195.36 MB used, 195.36 MB peak
[2016.10.25-15.33.54:894][  0]LogMemory: Physical Memory: 6382.46 MB used, 16307.88 MB total
[2016.10.25-15.33.54:894][  0]LogMemory: Virtual Memory: 555.01 MB used, 134217728.00 MB total
[2016.10.25-15.33.54:928][  0]LogTextLocalizationManager: No specific translations for ('en-GB') exist, so ('en') translations will be used.
[2016.10.25-15.33.55:328][  0]LogD3D11RHI: D3D11 adapters:
[2016.10.25-15.33.55:348][  0]LogD3D11RHI:    0. 'NVIDIA GeForce GTX 660 Ti' (Feature Level 11_0)
[2016.10.25-15.33.55:348][  0]LogD3D11RHI:       1988/0/8153 MB DedicatedVideo/DedicatedSystem/SharedSystem, Outputs:2, VendorId:0x10de
[2016.10.25-15.33.55:350][  0]LogD3D11RHI:    1. 'Microsoft Basic Render Driver' (Feature Level 11_0)
[2016.10.25-15.33.55:350][  0]LogD3D11RHI:       0/0/8153 MB DedicatedVideo/DedicatedSystem/SharedSystem, Outputs:0, VendorId:0x1414
[2016.10.25-15.33.55:350][  0]LogD3D11RHI: Chosen D3D11 Adapter: 0
[2016.10.25-15.33.55:354][  0]LogD3D11RHI: Creating new Direct3DDevice
[2016.10.25-15.33.55:354][  0]LogD3D11RHI:     GPU DeviceId: 0x1183 (for the marketing name, search the web for "GPU Device Id")
[2016.10.25-15.33.55:354][  0]LogWindows: EnumDisplayDevices:
[2016.10.25-15.33.55:354][  0]LogWindows:    0. 'NVIDIA GeForce GTX 660 Ti' (P:1 D:1)
[2016.10.25-15.33.55:354][  0]LogWindows:    1. 'NVIDIA GeForce GTX 660 Ti' (P:0 D:1)
[2016.10.25-15.33.55:355][  0]LogWindows:    2. 'NVIDIA GeForce GTX 660 Ti' (P:0 D:0)
[2016.10.25-15.33.55:355][  0]LogWindows:    3. 'NVIDIA GeForce GTX 660 Ti' (P:0 D:0)
[2016.10.25-15.33.55:355][  0]LogWindows: DebugString: FoundDriverCount:4 
[2016.10.25-15.33.55:355][  0]LogD3D11RHI:     Adapter Name: NVIDIA GeForce GTX 660 Ti
[2016.10.25-15.33.55:355][  0]LogD3D11RHI:   Driver Version: 353.54 (internal:10.18.13.5354, unified:353.54)
[2016.10.25-15.33.55:355][  0]LogD3D11RHI:      Driver Date: 7-13-2015
[2016.10.25-15.33.55:355][  0]LogRHI: Texture pool is 1361 MB (70% of 1945 MB)
[2016.10.25-15.33.55:368][  0]LogD3D11RHI: Async texture creation enabled
[2016.10.25-15.33.55:385][  0]LogD3D11RHI: GPU Timing Frequency: 1000.000000 (Debug: 2 2)
[2016.10.25-15.33.55:385][  0]LogShaderCompilers: Guid format shader working directory is -17 characters bigger than the processId version (../../../../../../Users/r018136e/Documents/NutandBolt/Nut and Bolt/Intermediate/Shaders/WorkingDirectory/5356/).
[2016.10.25-15.33.55:385][  0]LogShaderCompilers: Cleaned the shader compiler working directory 'C:/Users/r018136e/AppData/Local/Temp/UnrealShaderWorkingDir/B872D78A41C6AF92141B418CE742A648/'.
[2016.10.25-15.33.55:385][  0]LogShaderCompilers:Display: Using Local Shader Compiler.
[2016.10.25-15.33.56:432][  0]LogTemp:Display: Loaded TP AllDesktopTargetPlatform
[2016.10.25-15.33.56:442][  0]LogTemp:Display: Loaded TP WindowsClientTargetPlatform
[2016.10.25-15.33.56:451][  0]LogTemp:Display: Loaded TP WindowsNoEditorTargetPlatform
[2016.10.25-15.33.56:461][  0]LogTemp:Display: Loaded TP WindowsServerTargetPlatform
[2016.10.25-15.33.56:472][  0]LogTemp:Display: Loaded TP WindowsTargetPlatform
[2016.10.25-15.33.56:481][  0]LogTemp:Display: Loaded TP AndroidTargetPlatform
[2016.10.25-15.33.56:489][  0]LogTemp:Display: Loaded TP Android_ASTCTargetPlatform
[2016.10.25-15.33.56:498][  0]LogTemp:Display: Loaded TP Android_ATCTargetPlatform
[2016.10.25-15.33.56:507][  0]LogTemp:Display: Loaded TP Android_DXTTargetPlatform
[2016.10.25-15.33.56:515][  0]LogTemp:Display: Loaded TP Android_ETC1TargetPlatform
[2016.10.25-15.33.56:524][  0]LogTemp:Display: Loaded TP Android_ETC2TargetPlatform
[2016.10.25-15.33.56:546][  0]LogTemp:Display: Loaded TP Android_MultiTargetPlatform
[2016.10.25-15.33.56:546][  0]LogTemp:Display: Loaded TP Android_PVRTCTargetPlatform
[2016.10.25-15.33.56:547][  0]LogTemp:Display: Loaded TP HTML5TargetPlatform
[2016.10.25-15.33.56:570][  0]LogTemp:Display: Loaded TP IOSTargetPlatform
[2016.10.25-15.33.56:578][  0]LogTemp:Display: Loaded TP TVOSTargetPlatform
[2016.10.25-15.33.56:587][  0]LogTemp:Display: Loaded TP LinuxNoEditorTargetPlatform
[2016.10.25-15.33.56:596][  0]LogTemp:Display: Loaded TP LinuxServerTargetPlatform
[2016.10.25-15.33.56:605][  0]LogTemp:Display: Loaded TP LinuxTargetPlatform
[2016.10.25-15.33.56:605][  0]LogTargetPlatformManager:Display: Building Assets For Windows
[2016.10.25-15.33.56:693][  0]LogDerivedDataCache:Display: Max Cache Size: 512 MB
[2016.10.25-15.33.56:742][  0]LogDerivedDataCache: Loaded boot cache 0.05s 48MB C:/Users/r018136e/AppData/Local/UnrealEngine/4.12/DerivedDataCache/Boot.ddc.
[2016.10.25-15.33.56:742][  0]LogDerivedDataCache:Display: Loaded Boot cache: C:/Users/r018136e/AppData/Local/UnrealEngine/4.12/DerivedDataCache/Boot.ddc
[2016.10.25-15.33.56:742][  0]LogDerivedDataCache: FDerivedDataBackendGraph:  Pak pak cache file ../../../../../../Users/r018136e/Documents/NutandBolt/Nut and Bolt/DerivedDataCache/DDC.ddp not found, will not use a pak cache.
[2016.10.25-15.33.56:742][  0]LogDerivedDataCache: Unable to find inner node Pak for hierarchical cache Hierarchy.
[2016.10.25-15.33.56:742][  0]LogDerivedDataCache: FDerivedDataBackendGraph:  CompressedPak pak cache file ../../../../../../Users/r018136e/Documents/NutandBolt/Nut and Bolt/DerivedDataCache/Compressed.ddp not found, will not use a pak cache.
[2016.10.25-15.33.56:742][  0]LogDerivedDataCache: Unable to find inner node CompressedPak for hierarchical cache Hierarchy.
[2016.10.25-15.33.56:760][  0]LogDerivedDataCache:Display: Pak cache opened for reading ../../../Engine/DerivedDataCache/Compressed.ddp.
[2016.10.25-15.33.56:773][  0]LogDerivedDataCache: Using Local data cache path C:/Users/r018136e/AppData/Local/UnrealEngine/Common/DerivedDataCache: Writable
[2016.10.25-15.33.56:978][  0]LogInit: Selected Device Profile: [Windows]
[2016.10.25-15.33.56:979][  0]LogContentStreaming: Texture pool size is 0.00 MB
[2016.10.25-15.33.57:226][  0]LogMeshUtilities: No automatic mesh reduction module available
[2016.10.25-15.33.57:226][  0]LogMeshUtilities: No automatic mesh merging module available
[2016.10.25-15.33.57:226][  0]LogMeshUtilities: No distributed automatic mesh merging module available
[2016.10.25-15.33.57:502][  0]LogAssetRegistry: FAssetRegistry took 0.0219 seconds to start up
[2016.10.25-15.33.57:542][  0]LogPackageLocalizationCache: Processed 3 localized package path(s) for 2 prioritized culture(s) in 0.036679 seconds
[2016.10.25-15.33.57:547][  0]LogUObjectArray: 28739 objects as part of root set at end of initial load.
[2016.10.25-15.33.57:547][  0]LogUObjectAllocator: 5855624 out of 0 bytes used by permanent object pool.
[2016.10.25-15.33.57:547][  0]LogUObjectArray: CloseDisregardForGC: 0/0 objects in disregard for GC pool
[2016.10.25-15.33.57:554][  0]LogInit: WinSock: version 1.1 (2.2), MaxSocks=32767, MaxUdp=65467
[2016.10.25-15.33.57:732][  0]LogSlate: SlateFontCache - WITH_FREETYPE: 1, WITH_HARFBUZZ: 1
[2016.10.25-15.33.57:732][  0]LogSlate: SlateFontCache - WITH_FREETYPE: 1, WITH_HARFBUZZ: 1
[2016.10.25-15.33.58:595][  0]LogSubstanceCoreModule: Substance CPU Engine Loaded, Max Texture Size 2048
[2016.10.25-15.33.58:607][  0]LogUdpMessaging: Initializing bridge on interface 0.0.0.0:0 to multicast group 230.0.0.1:6666.
[2016.10.25-15.33.58:874][  0]SourceControl: Info Source control is disabled
[2016.10.25-15.33.58:921][  0]SourceControl: Info Source control is disabled
[2016.10.25-15.33.58:936][  0]SourceControl: Info Source control is disabled
[2016.10.25-15.33.58:946][  0]SourceControl: Info Source control is disabled
[2016.10.25-15.33.59:212][  0]LogEngine: Initializing Engine...
[2016.10.25-15.33.59:213][  0]LogHMD: SteamVR failed to initialize.  Err: 110
[2016.10.25-15.33.59:214][  0]LogHMD: SteamVR failed to initialize.  Err: 110
[2016.10.25-15.33.59:405][  0]LogAIModule: Creating AISystem for world NewWorld
[2016.10.25-15.33.59:410][  0]LogInit: XAudio2 using 'Speakers (Realtek High Definition Audio)' : 2 channels at 48 kHz using 32 bits per sample (channel mask 0x3)
[2016.10.25-15.33.59:430][  0]LogInit: FAudioDevice initialized.
[2016.10.25-15.33.59:453][  0]LogDerivedDataCache: Saved boot cache 0.02s 48MB C:/Users/r018136e/AppData/Local/UnrealEngine/4.12/DerivedDataCache/Boot.ddc.
[2016.10.25-15.33.59:460][  0]LogInit: Texture streaming: Enabled
[2016.10.25-15.33.59:503][  0]LogInit: Transaction tracking system initialized
[2016.10.25-15.33.59:530][  0]BlueprintLog: New page: Editor Load
[2016.10.25-15.33.59:608][  0]LocalizationService: Info Localization service is disabled
[2016.10.25-15.33.59:698][  0]LogConsoleResponse:Display: 
[2016.10.25-15.33.59:821][  0]LogCook:Display: Max memory allowance for cook 8192mb
[2016.10.25-15.33.59:821][  0]LogCook:Display: Mobile HDR setting 1
[2016.10.25-15.33.59:928][  0]LogFileCache: Scanning file cache for directory 'C:/Users/r018136e/Documents/NutandBolt/Nut and Bolt/Content/' took 0.02s
[2016.10.25-15.33.59:928][  0]SourceControl: Info Source control is disabled
[2016.10.25-15.33.59:929][  0]Cmd: MAP LOAD FILE="../../../../../../Users/r018136e/Documents/NutandBolt/Nut and Bolt/Content/SideScrollerBP/Maps/NinjaArenaPrototype.umap" TEMPLATE=0 SHOWPROGRESS=1 FEATURELEVEL=3
[2016.10.25-15.33.59:929][  0]LightingResults: New page: Lighting Build
[2016.10.25-15.33.59:932][  0]MapCheck: New page: Map Check
[2016.10.25-15.33.59:932][  0]LightingResults: New page: Lighting Build
[2016.10.25-15.34.00:159][  0]LogLinker:Warning: Can't find file '/Game/SideScrollerBP/UIWidgets/GameSetup'
[2016.10.25-15.34.00:159][  0]LogLinker:Warning: Can't find file for asset '/Game/SideScrollerBP/UIWidgets/GameSetup' while loading ../../../../../../Users/r018136e/Documents/NutandBolt/Nut and Bolt/Content/SideScrollerBP/Blueprints/SideScrollerGameMode.uasset.
[2016.10.25-15.34.00:159][  0]LoadErrors:Error: Error /Game/SideScrollerBP/Blueprints/SideScrollerGameMode : Can't find file for asset. /Game/SideScrollerBP/UIWidgets/GameSetup
[2016.10.25-15.34.00:159][  0]LogLinker:Warning: Can't find file '/Game/SideScrollerBP/UIWidgets/GameUI'
[2016.10.25-15.34.00:159][  0]LogLinker:Warning: Can't find file for asset '/Game/SideScrollerBP/UIWidgets/GameUI' while loading ../../../../../../Users/r018136e/Documents/NutandBolt/Nut and Bolt/Content/SideScrollerBP/Blueprints/SideScrollerGameMode.uasset.
[2016.10.25-15.34.00:159][  0]LoadErrors:Error: Error /Game/SideScrollerBP/Blueprints/SideScrollerGameMode : Can't find file for asset. /Game/SideScrollerBP/UIWidgets/GameUI
[2016.10.25-15.34.00:160][  0]LogLinker:Warning: Can't find file '/Game/SideScrollerBP/UIWidgets/MainMenu'
[2016.10.25-15.34.00:160][  0]LogLinker:Warning: Can't find file for asset '/Game/SideScrollerBP/UIWidgets/MainMenu' while loading ../../../../../../Users/r018136e/Documents/NutandBolt/Nut and Bolt/Content/SideScrollerBP/Blueprints/SideScrollerGameMode.uasset.
[2016.10.25-15.34.00:160][  0]LoadErrors:Error: Error /Game/SideScrollerBP/Blueprints/SideScrollerGameMode : Can't find file for asset. /Game/SideScrollerBP/UIWidgets/MainMenu
[2016.10.25-15.34.00:162][  0]LogLinker:Warning: Can't find file '/Game/SideScrollerBP/UIWidgets/AudioSettings'
[2016.10.25-15.34.00:162][  0]LogLinker:Warning: Can't find file for asset '/Game/SideScrollerBP/UIWidgets/AudioSettings' while loading ../../../../../../Users/r018136e/Documents/NutandBolt/Nut and Bolt/Content/SideScrollerBP/UIWidgets/Settings.uasset.
[2016.10.25-15.34.00:162][  0]LoadErrors:Error: Error /Game/SideScrollerBP/UIWidgets/Settings : Can't find file for asset. /Game/SideScrollerBP/UIWidgets/AudioSettings
[2016.10.25-15.34.00:163][  0]LogLinker:Warning: Can't find file '/Game/SideScrollerBP/UIWidgets/GraphicsSettings'
[2016.10.25-15.34.00:163][  0]LogLinker:Warning: Can't find file for asset '/Game/SideScrollerBP/UIWidgets/GraphicsSettings' while loading ../../../../../../Users/r018136e/Documents/NutandBolt/Nut and Bolt/Content/SideScrollerBP/UIWidgets/Settings.uasset.
[2016.10.25-15.34.00:163][  0]LoadErrors:Error: Error /Game/SideScrollerBP/UIWidgets/Settings : Can't find file for asset. /Game/SideScrollerBP/UIWidgets/GraphicsSettings
[2016.10.25-15.34.00:163][  0]LogLinker:Warning: Can't find file '/Game/SideScrollerBP/UIWidgets/AudioSettings'
[2016.10.25-15.34.00:163][  0]LogLinker:Warning: Can't find file for asset '/Game/SideScrollerBP/UIWidgets/AudioSettings' while loading ../../../../../../Users/r018136e/Documents/NutandBolt/Nut and Bolt/Content/SideScrollerBP/UIWidgets/Settings.uasset.
[2016.10.25-15.34.00:163][  0]LoadErrors:Error: Error /Game/SideScrollerBP/UIWidgets/Settings : Can't find file for asset. /Game/SideScrollerBP/UIWidgets/AudioSettings
[2016.10.25-15.34.00:164][  0]LogLinker:Warning: Can't find file '/Game/SideScrollerBP/UIWidgets/GraphicsSettings'
[2016.10.25-15.34.00:164][  0]LogLinker:Warning: Can't find file for asset '/Game/SideScrollerBP/UIWidgets/GraphicsSettings' while loading ../../../../../../Users/r018136e/Documents/NutandBolt/Nut and Bolt/Content/SideScrollerBP/UIWidgets/Settings.uasset.
[2016.10.25-15.34.00:164][  0]LoadErrors:Error: Error /Game/SideScrollerBP/UIWidgets/Settings : Can't find file for asset. /Game/SideScrollerBP/UIWidgets/GraphicsSettings
[2016.10.25-15.34.00:165][  0]LogLinker:Warning: Can't find file '/Game/SideScrollerBP/UIWidgets/AudioSettings'
[2016.10.25-15.34.00:165][  0]LogLinker:Warning: Can't find file for asset '/Game/SideScrollerBP/UIWidgets/AudioSettings' while loading ../../../../../../Users/r018136e/Documents/NutandBolt/Nut and Bolt/Content/SideScrollerBP/Blueprints/SideScrollerGameMode.uasset.
[2016.10.25-15.34.00:165][  0]LoadErrors:Error: Error /Game/SideScrollerBP/Blueprints/SideScrollerGameMode : Can't find file for asset. /Game/SideScrollerBP/UIWidgets/AudioSettings
[2016.10.25-15.34.00:165][  0]LogLinker:Warning: Can't find file '/Game/SideScrollerBP/UIWidgets/GraphicsSettings'
[2016.10.25-15.34.00:165][  0]LogLinker:Warning: Can't find file for asset '/Game/SideScrollerBP/UIWidgets/GraphicsSettings' while loading ../../../../../../Users/r018136e/Documents/NutandBolt/Nut and Bolt/Content/SideScrollerBP/Blueprints/SideScrollerGameMode.uasset.
[2016.10.25-15.34.00:165][  0]LoadErrors:Error: Error /Game/SideScrollerBP/Blueprints/SideScrollerGameMode : Can't find file for asset. /Game/SideScrollerBP/UIWidgets/GraphicsSettings
[2016.10.25-15.34.00:165][  0]LogLinker:Warning: Can't find file '/Game/SideScrollerBP/UIWidgets/AudioSettings'
[2016.10.25-15.34.00:166][  0]LogLinker:Warning: Can't find file for asset '/Game/SideScrollerBP/UIWidgets/AudioSettings' while loading ../../../../../../Users/r018136e/Documents/NutandBolt/Nut and Bolt/Content/SideScrollerBP/Blueprints/SideScrollerGameMode.uasset.
[2016.10.25-15.34.00:166][  0]LoadErrors:Error: Error /Game/SideScrollerBP/Blueprints/SideScrollerGameMode : Can't find file for asset. /Game/SideScrollerBP/UIWidgets/AudioSettings
[2016.10.25-15.34.00:166][  0]LogLinker:Warning: Can't find file '/Game/SideScrollerBP/UIWidgets/GraphicsSettings'
[2016.10.25-15.34.00:166][  0]LogLinker:Warning: Can't find file for asset '/Game/SideScrollerBP/UIWidgets/GraphicsSettings' while loading ../../../../../../Users/r018136e/Documents/NutandBolt/Nut and Bolt/Content/SideScrollerBP/Blueprints/SideScrollerGameMode.uasset.
[2016.10.25-15.34.00:166][  0]LoadErrors:Error: Error /Game/SideScrollerBP/Blueprints/SideScrollerGameMode : Can't find file for asset. /Game/SideScrollerBP/UIWidgets/GraphicsSettings
[2016.10.25-15.34.00:166][  0]LogLinker:Warning: Can't find file '/Game/SideScrollerBP/UIWidgets/AudioSettings'
[2016.10.25-15.34.00:166][  0]LogLinker:Warning: Can't find file for asset '/Game/SideScrollerBP/UIWidgets/AudioSettings' while loading ../../../../../../Users/r018136e/Documents/NutandBolt/Nut and Bolt/Content/SideScrollerBP/Blueprints/SideScrollerGameMode.uasset.
[2016.10.25-15.34.00:166][  0]LoadErrors:Error: Error /Game/SideScrollerBP/Blueprints/SideScrollerGameMode : Can't find file for asset. /Game/SideScrollerBP/UIWidgets/AudioSettings
[2016.10.25-15.34.00:167][  0]LogLinker:Warning: Can't find file '/Game/SideScrollerBP/UIWidgets/GraphicsSettings'
[2016.10.25-15.34.00:167][  0]LogLinker:Warning: Can't find file for asset '/Game/SideScrollerBP/UIWidgets/GraphicsSettings' while loading ../../../../../../Users/r018136e/Documents/NutandBolt/Nut and Bolt/Content/SideScrollerBP/Blueprints/SideScrollerGameMode.uasset.
[2016.10.25-15.34.00:167][  0]LoadErrors:Error: Error /Game/SideScrollerBP/Blueprints/SideScrollerGameMode : Can't find file for asset. /Game/SideScrollerBP/UIWidgets/GraphicsSettings
[2016.10.25-15.34.00:167][  0]LogLinker:Warning: Can't find file '/Game/SideScrollerBP/UIWidgets/AudioSettings'
[2016.10.25-15.34.00:167][  0]LoadErrors: Info Failed to load /Game/SideScrollerBP/Blueprints/CharacterController.CharacterController_C Referenced by WidgetTree
[2016.10.25-15.34.00:168][  0]LogLinker:Warning: Can't find file for asset '/Game/SideScrollerBP/UIWidgets/AudioSettings' while loading ../../../../../../Users/r018136e/Documents/NutandBolt/Nut and Bolt/Content/SideScrollerBP/Blueprints/SideScrollerGameMode.uasset.
[2016.10.25-15.34.00:168][  0]LoadErrors: Info Failed to load /Game/SideScrollerBP/Blueprints/CharacterController.CharacterController_C Referenced by WidgetTree
[2016.10.25-15.34.00:168][  0]LoadErrors:Error: Error /Game/SideScrollerBP/Blueprints/SideScrollerGameMode : Can't find file for asset. /Game/SideScrollerBP/UIWidgets/AudioSettings
[2016.10.25-15.34.00:168][  0]LogLinker:Warning: Can't find file '/Game/SideScrollerBP/UIWidgets/AudioSettings'
[2016.10.25-15.34.00:168][  0]LoadErrors: Info Failed to load /Game/SideScrollerBP/Blueprints/CharacterController.CharacterController_C Referenced by WidgetTree
[2016.10.25-15.34.00:168][  0]LogLinker:Warning: Can't find file for asset '/Game/SideScrollerBP/UIWidgets/AudioSettings' while loading ../../../../../../Users/r018136e/Documents/NutandBolt/Nut and Bolt/Content/SideScrollerBP/Blueprints/SideScrollerGameMode.uasset.
[2016.10.25-15.34.00:168][  0]LoadErrors: Info Failed to load /Game/SideScrollerBP/Blueprints/CharacterController.CharacterController_C Referenced by WidgetTree
[2016.10.25-15.34.00:168][  0]LoadErrors:Error: Error /Game/SideScrollerBP/Blueprints/SideScrollerGameMode : Can't find file for asset. /Game/SideScrollerBP/UIWidgets/AudioSettings
[2016.10.25-15.34.00:168][  0]LogLinker:Warning: Can't find file '/Game/SideScrollerBP/UIWidgets/GraphicsSettings'
[2016.10.25-15.34.00:168][  0]LoadErrors: Info Failed to load /Game/SideScrollerBP/Blueprints/CharacterController.CharacterController_C Referenced by WidgetTree
[2016.10.25-15.34.00:169][  0]LogLinker:Warning: Can't find file for asset '/Game/SideScrollerBP/UIWidgets/GraphicsSettings' while loading ../../../../../../Users/r018136e/Documents/NutandBolt/Nut and Bolt/Content/SideScrollerBP/Blueprints/SideScrollerGameMode.uasset.
[2016.10.25-15.34.00:169][  0]LoadErrors: Info Failed to load /Game/SideScrollerBP/Blueprints/CharacterController.CharacterController_C Referenced by WidgetTree
[2016.10.25-15.34.00:169][  0]LoadErrors:Error: Error /Game/SideScrollerBP/Blueprints/SideScrollerGameMode : Can't find file for asset. /Game/SideScrollerBP/UIWidgets/GraphicsSettings
[2016.10.25-15.34.00:169][  0]LogLinker:Warning: Can't find file '/Game/SideScrollerBP/UIWidgets/GraphicsSettings'
[2016.10.25-15.34.00:169][  0]LoadErrors: Info Failed to load /Game/SideScrollerBP/Blueprints/CharacterController.CharacterController_C Referenced by WidgetTree
[2016.10.25-15.34.00:169][  0]LogLinker:Warning: Can't find file for asset '/Game/SideScrollerBP/UIWidgets/GraphicsSettings' while loading ../../../../../../Users/r018136e/Documents/NutandBolt/Nut and Bolt/Content/SideScrollerBP/Blueprints/SideScrollerGameMode.uasset.
[2016.10.25-15.34.00:169][  0]LoadErrors: Info Failed to load /Game/SideScrollerBP/Blueprints/CharacterController.CharacterController_C Referenced by WidgetTree
[2016.10.25-15.34.00:169][  0]LoadErrors:Error: Error /Game/SideScrollerBP/Blueprints/SideScrollerGameMode : Can't find file for asset. /Game/SideScrollerBP/UIWidgets/GraphicsSettings
[2016.10.25-15.34.00:170][  0]LogLinker:Warning: Can't find file '/Game/SideScrollerBP/UIWidgets/AudioSettings'
[2016.10.25-15.34.00:170][  0]LoadErrors: Info Failed to load /Game/SideScrollerBP/Blueprints/CharacterController.CharacterController_C Referenced by WidgetTree
[2016.10.25-15.34.00:170][  0]LogLinker:Warning: Can't find file for asset '/Game/SideScrollerBP/UIWidgets/AudioSettings' while loading ../../../../../../Users/r018136e/Documents/NutandBolt/Nut and Bolt/Content/SideScrollerBP/Blueprints/SideScrollerGameMode.uasset.
[2016.10.25-15.34.00:170][  0]LoadErrors: Info Failed to load /Game/SideScrollerBP/Blueprints/CharacterController.CharacterController_C Referenced by WidgetTree
[2016.10.25-15.34.00:170][  0]LoadErrors:Error: Error /Game/SideScrollerBP/Blueprints/SideScrollerGameMode : Can't find file for asset. /Game/SideScrollerBP/UIWidgets/AudioSettings
[2016.10.25-15.34.00:170][  0]LogLinker:Warning: Can't find file '/Game/SideScrollerBP/UIWidgets/AudioSettings'
[2016.10.25-15.34.00:170][  0]LoadErrors: Info Failed to load /Game/SideScrollerBP/Blueprints/CharacterController.CharacterController_C Referenced by WidgetTree
[2016.10.25-15.34.00:170][  0]LogLinker:Warning: Can't find file for asset '/Game/SideScrollerBP/UIWidgets/AudioSettings' while loading ../../../../../../Users/r018136e/Documents/NutandBolt/Nut and Bolt/Content/SideScrollerBP/Blueprints/SideScrollerGameMode.uasset.
[2016.10.25-15.34.00:171][  0]LoadErrors: Info Failed to load /Game/SideScrollerBP/Blueprints/CharacterController.CharacterController_C Referenced by WidgetTree
[2016.10.25-15.34.00:171][  0]LoadErrors:Error: Error /Game/SideScrollerBP/Blueprints/SideScrollerGameMode : Can't find file for asset. /Game/SideScrollerBP/UIWidgets/AudioSettings
[2016.10.25-15.34.00:171][  0]LogLinker:Warning: Can't find file '/Game/SideScrollerBP/UIWidgets/GraphicsSettings'
[2016.10.25-15.34.00:171][  0]LoadErrors: Info Failed to load /Game/SideScrollerBP/Blueprints/CharacterController.CharacterController_C Referenced by WidgetTree
[2016.10.25-15.34.00:171][  0]LogLinker:Warning: Can't find file for asset '/Game/SideScrollerBP/UIWidgets/GraphicsSettings' while loading ../../../../../../Users/r018136e/Documents/NutandBolt/Nut and Bolt/Content/SideScrollerBP/Blueprints/SideScrollerGameMode.uasset.
[2016.10.25-15.34.00:171][  0]LoadErrors: Info Failed to load /Game/SideScrollerBP/Blueprints/CharacterController.CharacterController_C Referenced by WidgetTree
[2016.10.25-15.34.00:171][  0]LoadErrors:Error: Error /Game/SideScrollerBP/Blueprints/SideScrollerGameMode : Can't find file for asset. /Game/SideScrollerBP/UIWidgets/GraphicsSettings
[2016.10.25-15.34.00:171][  0]LogLinker:Warning: Can't find file '/Game/SideScrollerBP/UIWidgets/GraphicsSettings'
[2016.10.25-15.34.00:171][  0]LoadErrors: Info Failed to load /Game/SideScrollerBP/Blueprints/CharacterController.CharacterController_C Referenced by WidgetTree
[2016.10.25-15.34.00:171][  0]LogLinker:Warning: Can't find file for asset '/Game/SideScrollerBP/UIWidgets/GraphicsSettings' while loading ../../../../../../Users/r018136e/Documents/NutandBolt/Nut and Bolt/Content/SideScrollerBP/Blueprints/SideScrollerGameMode.uasset.
[2016.10.25-15.34.00:171][  0]LoadErrors: Info Failed to load /Game/SideScrollerBP/Blueprints/CharacterController.CharacterController_C Referenced by WidgetTree
[2016.10.25-15.34.00:172][  0]LoadErrors:Error: Error /Game/SideScrollerBP/Blueprints/SideScrollerGameMode : Can't find file for asset. /Game/SideScrollerBP/UIWidgets/GraphicsSettings
[2016.10.25-15.34.00:172][  0]LogLinker:Warning: Can't find file '/Game/SideScrollerBP/UIWidgets/AudioSettings'
[2016.10.25-15.34.00:172][  0]LoadErrors: Info Failed to load /Game/SideScrollerBP/Blueprints/CharacterController.CharacterController_C Referenced by WidgetSwitcherSlot_1
[2016.10.25-15.34.00:173][  0]LogLinker:Warning: Can't find file for asset '/Game/SideScrollerBP/UIWidgets/AudioSettings' while loading ../../../../../../Users/r018136e/Documents/NutandBolt/Nut and Bolt/Content/SideScrollerBP/Blueprints/SideScrollerGameMode.uasset.
[2016.10.25-15.34.00:173][  0]LoadErrors: Info Failed to load /Game/SideScrollerBP/Blueprints/CharacterController.CharacterController_C Referenced by WidgetSwitcherSlot_1
[2016.10.25-15.34.00:173][  0]LoadErrors:Error: Error /Game/SideScrollerBP/Blueprints/SideScrollerGameMode : Can't find file for asset. /Game/SideScrollerBP/UIWidgets/AudioSettings
[2016.10.25-15.34.00:173][  0]LogLinker:Warning: Can't find file '/Game/SideScrollerBP/UIWidgets/AudioSettings'
[2016.10.25-15.34.00:173][  0]LoadErrors: Info Failed to load /Game/SideScrollerBP/Blueprints/CharacterController.CharacterController_C Referenced by WidgetSwitcherSlot_1
[2016.10.25-15.34.00:173][  0]LogLinker:Warning: Can't find file for asset '/Game/SideScrollerBP/UIWidgets/AudioSettings' while loading ../../../../../../Users/r018136e/Documents/NutandBolt/Nut and Bolt/Content/SideScrollerBP/Blueprints/SideScrollerGameMode.uasset.
[2016.10.25-15.34.00:173][  0]LoadErrors: Info Failed to load /Game/SideScrollerBP/Blueprints/CharacterController.CharacterController_C Referenced by WidgetSwitcherSlot_1
[2016.10.25-15.34.00:173][  0]LoadErrors:Error: Error /Game/SideScrollerBP/Blueprints/SideScrollerGameMode : Can't find file for asset. /Game/SideScrollerBP/UIWidgets/AudioSettings
[2016.10.25-15.34.00:173][  0]LogLinker:Warning: Can't find file '/Game/SideScrollerBP/UIWidgets/GraphicsSettings'
[2016.10.25-15.34.00:173][  0]LoadErrors: Info Failed to load /Game/SideScrollerBP/Blueprints/CharacterController.CharacterController_C Referenced by WidgetSwitcherSlot_2
[2016.10.25-15.34.00:174][  0]LogLinker:Warning: Can't find file for asset '/Game/SideScrollerBP/UIWidgets/GraphicsSettings' while loading ../../../../../../Users/r018136e/Documents/NutandBolt/Nut and Bolt/Content/SideScrollerBP/Blueprints/SideScrollerGameMode.uasset.
[2016.10.25-15.34.00:174][  0]LoadErrors: Info Failed to load /Game/SideScrollerBP/Blueprints/CharacterController.CharacterController_C Referenced by WidgetSwitcherSlot_2
[2016.10.25-15.34.00:174][  0]LoadErrors:Error: Error /Game/SideScrollerBP/Blueprints/SideScrollerGameMode : Can't find file for asset. /Game/SideScrollerBP/UIWidgets/GraphicsSettings
[2016.10.25-15.34.00:174][  0]LogLinker:Warning: Can't find file '/Game/SideScrollerBP/UIWidgets/GraphicsSettings'
[2016.10.25-15.34.00:174][  0]LoadErrors: Info Failed to load /Game/SideScrollerBP/Blueprints/CharacterController.CharacterController_C Referenced by WidgetSwitcherSlot_2
[2016.10.25-15.34.00:174][  0]LogLinker:Warning: Can't find file for asset '/Game/SideScrollerBP/UIWidgets/GraphicsSettings' while loading ../../../../../../Users/r018136e/Documents/NutandBolt/Nut and Bolt/Content/SideScrollerBP/Blueprints/SideScrollerGameMode.uasset.
[2016.10.25-15.34.00:174][  0]LoadErrors: Info Failed to load /Game/SideScrollerBP/Blueprints/CharacterController.CharacterController_C Referenced by WidgetSwitcherSlot_2
[2016.10.25-15.34.00:174][  0]LoadErrors:Error: Error /Game/SideScrollerBP/Blueprints/SideScrollerGameMode : Can't find file for asset. /Game/SideScrollerBP/UIWidgets/GraphicsSettings
[2016.10.25-15.34.00:181][  0]LogLinker:Warning: Can't find file '/Game/SideScrollerBP/UIWidgets/AudioSettings'
[2016.10.25-15.34.00:182][  0]LogLinker:Warning: Can't find file for asset '/Game/SideScrollerBP/UIWidgets/AudioSettings' while loading ../../../../../../Users/r018136e/Documents/NutandBolt/Nut and Bolt/Content/SideScrollerBP/Blueprints/SideScrollerGameMode.uasset.
[2016.10.25-15.34.00:182][  0]LoadErrors:Error: Error /Game/SideScrollerBP/Blueprints/SideScrollerGameMode : Can't find file for asset. /Game/SideScrollerBP/UIWidgets/AudioSettings
[2016.10.25-15.34.00:182][  0]LogLinker:Warning: Can't find file '/Game/SideScrollerBP/UIWidgets/AudioSettings'
[2016.10.25-15.34.00:182][  0]LogLinker:Warning: Can't find file for asset '/Game/SideScrollerBP/UIWidgets/AudioSettings' while loading ../../../../../../Users/r018136e/Documents/NutandBolt/Nut and Bolt/Content/SideScrollerBP/Blueprints/SideScrollerGameMode.uasset.
[2016.10.25-15.34.00:182][  0]LoadErrors:Error: Error /Game/SideScrollerBP/Blueprints/SideScrollerGameMode : Can't find file for asset. /Game/SideScrollerBP/UIWidgets/AudioSettings
[2016.10.25-15.34.00:182][  0]LogLinker:Warning: Can't find file '/Game/SideScrollerBP/UIWidgets/AudioSettings'
[2016.10.25-15.34.00:182][  0]LogLinker:Warning: Can't find file for asset '/Game/SideScrollerBP/UIWidgets/AudioSettings' while loading ../../../../../../Users/r018136e/Documents/NutandBolt/Nut and Bolt/Content/SideScrollerBP/Blueprints/SideScrollerGameMode.uasset.
[2016.10.25-15.34.00:182][  0]LoadErrors:Error: Error /Game/SideScrollerBP/Blueprints/SideScrollerGameMode : Can't find file for asset. /Game/SideScrollerBP/UIWidgets/AudioSettings
[2016.10.25-15.34.00:183][  0]LogLinker:Warning: Can't find file '/Game/SideScrollerBP/UIWidgets/AudioSettings'
[2016.10.25-15.34.00:183][  0]LogLinker:Warning: Can't find file for asset '/Game/SideScrollerBP/UIWidgets/AudioSettings' while loading ../../../../../../Users/r018136e/Documents/NutandBolt/Nut and Bolt/Content/SideScrollerBP/Blueprints/SideScrollerGameMode.uasset.
[2016.10.25-15.34.00:183][  0]LoadErrors:Error: Error /Game/SideScrollerBP/Blueprints/SideScrollerGameMode : Can't find file for asset. /Game/SideScrollerBP/UIWidgets/AudioSettings
[2016.10.25-15.34.00:184][  0]LogLinker:Warning: Can't find file '/Game/SideScrollerBP/UIWidgets/GraphicsSettings'
[2016.10.25-15.34.00:184][  0]LogLinker:Warning: Can't find file for asset '/Game/SideScrollerBP/UIWidgets/GraphicsSettings' while loading ../../../../../../Users/r018136e/Documents/NutandBolt/Nut and Bolt/Content/SideScrollerBP/Blueprints/SideScrollerGameMode.uasset.
[2016.10.25-15.34.00:184][  0]LoadErrors:Error: Error /Game/SideScrollerBP/Blueprints/SideScrollerGameMode : Can't find file for asset. /Game/SideScrollerBP/UIWidgets/GraphicsSettings
[2016.10.25-15.34.00:184][  0]LogLinker:Warning: Can't find file '/Game/SideScrollerBP/UIWidgets/GraphicsSettings'
[2016.10.25-15.34.00:184][  0]LogLinker:Warning: Can't find file for asset '/Game/SideScrollerBP/UIWidgets/GraphicsSettings' while loading ../../../../../../Users/r018136e/Documents/NutandBolt/Nut and Bolt/Content/SideScrollerBP/Blueprints/SideScrollerGameMode.uasset.
[2016.10.25-15.34.00:184][  0]LoadErrors:Error: Error /Game/SideScrollerBP/Blueprints/SideScrollerGameMode : Can't find file for asset. /Game/SideScrollerBP/UIWidgets/GraphicsSettings
[2016.10.25-15.34.00:185][  0]LogLinker:Warning: Can't find file '/Game/SideScrollerBP/UIWidgets/GraphicsSettings'
[2016.10.25-15.34.00:185][  0]LogLinker:Warning: Can't find file for asset '/Game/SideScrollerBP/UIWidgets/GraphicsSettings' while loading ../../../../../../Users/r018136e/Documents/NutandBolt/Nut and Bolt/Content/SideScrollerBP/Blueprints/SideScrollerGameMode.uasset.
[2016.10.25-15.34.00:185][  0]LoadErrors:Error: Error /Game/SideScrollerBP/Blueprints/SideScrollerGameMode : Can't find file for asset. /Game/SideScrollerBP/UIWidgets/GraphicsSettings
[2016.10.25-15.34.00:185][  0]LogLinker:Warning: Can't find file '/Game/SideScrollerBP/UIWidgets/GraphicsSettings'
[2016.10.25-15.34.00:185][  0]LogLinker:Warning: Can't find file for asset '/Game/SideScrollerBP/UIWidgets/GraphicsSettings' while loading ../../../../../../Users/r018136e/Documents/NutandBolt/Nut and Bolt/Content/SideScrollerBP/Blueprints/SideScrollerGameMode.uasset.
[2016.10.25-15.34.00:185][  0]LoadErrors:Error: Error /Game/SideScrollerBP/Blueprints/SideScrollerGameMode : Can't find file for asset. /Game/SideScrollerBP/UIWidgets/GraphicsSettings
[2016.10.25-15.34.00:234][  0]LogLinker:Warning: Can't find file '/Game/SideScrollerBP/UIWidgets/MainMenu'
[2016.10.25-15.34.00:234][  0]LogLinker:Warning: Can't find file for asset '/Game/SideScrollerBP/UIWidgets/MainMenu' while loading ../../../../../../Users/r018136e/Documents/NutandBolt/Nut and Bolt/Content/SideScrollerBP/Blueprints/SideScrollerGameMode.uasset.
[2016.10.25-15.34.00:234][  0]LoadErrors:Error: Error /Game/SideScrollerBP/Blueprints/SideScrollerGameMode : Can't find file for asset. /Game/SideScrollerBP/UIWidgets/MainMenu
[2016.10.25-15.34.00:235][  0]LogLinker:Warning: Can't find file '/Game/SideScrollerBP/UIWidgets/GameSetup'
[2016.10.25-15.34.00:235][  0]LogLinker:Warning: Can't find file for asset '/Game/SideScrollerBP/UIWidgets/GameSetup' while loading ../../../../../../Users/r018136e/Documents/NutandBolt/Nut and Bolt/Content/SideScrollerBP/Blueprints/SideScrollerGameMode.uasset.
[2016.10.25-15.34.00:235][  0]LoadErrors:Error: Error /Game/SideScrollerBP/Blueprints/SideScrollerGameMode : Can't find file for asset. /Game/SideScrollerBP/UIWidgets/GameSetup
[2016.10.25-15.34.00:235][  0]LogLinker:Warning: Can't find file '/Game/SideScrollerBP/UIWidgets/GameUI'
[2016.10.25-15.34.00:235][  0]LogLinker:Warning: Can't find file for asset '/Game/SideScrollerBP/UIWidgets/GameUI' while loading ../../../../../../Users/r018136e/Documents/NutandBolt/Nut and Bolt/Content/SideScrollerBP/Blueprints/SideScrollerGameMode.uasset.
[2016.10.25-15.34.00:235][  0]LoadErrors:Error: Error /Game/SideScrollerBP/Blueprints/SideScrollerGameMode : Can't find file for asset. /Game/SideScrollerBP/UIWidgets/GameUI
[2016.10.25-15.34.00:235][  0]LogLinker:Warning: Can't find file '/Game/SideScrollerBP/UIWidgets/MainMenu'
[2016.10.25-15.34.00:236][  0]LogLinker:Warning: Can't find file for asset '/Game/SideScrollerBP/UIWidgets/MainMenu' while loading ../../../../../../Users/r018136e/Documents/NutandBolt/Nut and Bolt/Content/SideScrollerBP/Blueprints/SideScrollerGameMode.uasset.
[2016.10.25-15.34.00:236][  0]LoadErrors:Error: Error /Game/SideScrollerBP/Blueprints/SideScrollerGameMode : Can't find file for asset. /Game/SideScrollerBP/UIWidgets/MainMenu
[2016.10.25-15.34.00:236][  0]LogLinker:Warning: Can't find file '/Game/SideScrollerBP/UIWidgets/GameSetup'
[2016.10.25-15.34.00:236][  0]LogLinker:Warning: Can't find file for asset '/Game/SideScrollerBP/UIWidgets/GameSetup' while loading ../../../../../../Users/r018136e/Documents/NutandBolt/Nut and Bolt/Content/SideScrollerBP/Blueprints/SideScrollerGameMode.uasset.
[2016.10.25-15.34.00:236][  0]LoadErrors:Error: Error /Game/SideScrollerBP/Blueprints/SideScrollerGameMode : Can't find file for asset. /Game/SideScrollerBP/UIWidgets/GameSetup
[2016.10.25-15.34.00:236][  0]LogLinker:Warning: Can't find file '/Game/SideScrollerBP/UIWidgets/GameUI'
[2016.10.25-15.34.00:236][  0]LogLinker:Warning: Can't find file for asset '/Game/SideScrollerBP/UIWidgets/GameUI' while loading ../../../../../../Users/r018136e/Documents/NutandBolt/Nut and Bolt/Content/SideScrollerBP/Blueprints/SideScrollerGameMode.uasset.
[2016.10.25-15.34.00:236][  0]LoadErrors:Error: Error /Game/SideScrollerBP/Blueprints/SideScrollerGameMode : Can't find file for asset. /Game/SideScrollerBP/UIWidgets/GameUI
[2016.10.25-15.34.00:237][  0]LogLinker:Warning: Can't find file '/Game/SideScrollerBP/UIWidgets/MainMenu'
[2016.10.25-15.34.00:237][  0]LogLinker:Warning: Can't find file for asset '/Game/SideScrollerBP/UIWidgets/MainMenu' while loading ../../../../../../Users/r018136e/Documents/NutandBolt/Nut and Bolt/Content/SideScrollerBP/Blueprints/SideScrollerGameMode.uasset.
[2016.10.25-15.34.00:237][  0]LoadErrors:Error: Error /Game/SideScrollerBP/Blueprints/SideScrollerGameMode : Can't find file for asset. /Game/SideScrollerBP/UIWidgets/MainMenu
[2016.10.25-15.34.00:237][  0]LogLinker:Warning: Can't find file '/Game/SideScrollerBP/UIWidgets/MainMenu'
[2016.10.25-15.34.00:237][  0]LoadErrors: Info Failed to load /Game/SideScrollerBP/Blueprints/CharacterController.CharacterController_C Referenced by SideScrollerGameInstance
[2016.10.25-15.34.00:238][  0]LogLinker:Warning: Can't find file for asset '/Game/SideScrollerBP/UIWidgets/MainMenu' while loading ../../../../../../Users/r018136e/Documents/NutandBolt/Nut and Bolt/Content/SideScrollerBP/Blueprints/SideScrollerGameMode.uasset.
[2016.10.25-15.34.00:238][  0]LoadErrors: Info Failed to load /Game/SideScrollerBP/Blueprints/CharacterController.CharacterController_C Referenced by SideScrollerGameInstance
[2016.10.25-15.34.00:238][  0]LoadErrors:Error: Error /Game/SideScrollerBP/Blueprints/SideScrollerGameMode : Can't find file for asset. /Game/SideScrollerBP/UIWidgets/MainMenu
[2016.10.25-15.34.00:238][  0]LogLinker:Warning: Can't find file '/Game/SideScrollerBP/UIWidgets/GameSetup'
[2016.10.25-15.34.00:238][  0]LoadErrors: Info Failed to load /Game/SideScrollerBP/Blueprints/CharacterController.CharacterController_C Referenced by SideScrollerGameInstance
[2016.10.25-15.34.00:238][  0]LogLinker:Warning: Can't find file for asset '/Game/SideScrollerBP/UIWidgets/GameSetup' while loading ../../../../../../Users/r018136e/Documents/NutandBolt/Nut and Bolt/Content/SideScrollerBP/Blueprints/SideScrollerGameMode.uasset.
[2016.10.25-15.34.00:238][  0]LoadErrors: Info Failed to load /Game/SideScrollerBP/Blueprints/CharacterController.CharacterController_C Referenced by SideScrollerGameInstance
[2016.10.25-15.34.00:238][  0]LoadErrors:Error: Error /Game/SideScrollerBP/Blueprints/SideScrollerGameMode : Can't find file for asset. /Game/SideScrollerBP/UIWidgets/GameSetup
[2016.10.25-15.34.00:238][  0]LogLinker:Warning: Can't find file '/Game/SideScrollerBP/UIWidgets/GameUI'
[2016.10.25-15.34.00:238][  0]LoadErrors: Info Failed to load /Game/SideScrollerBP/Blueprints/CharacterController.CharacterController_C Referenced by SideScrollerGameInstance
[2016.10.25-15.34.00:239][  0]LogLinker:Warning: Can't find file for asset '/Game/SideScrollerBP/UIWidgets/GameUI' while loading ../../../../../../Users/r018136e/Documents/NutandBolt/Nut and Bolt/Content/SideScrollerBP/Blueprints/SideScrollerGameMode.uasset.
[2016.10.25-15.34.00:239][  0]LoadErrors: Info Failed to load /Game/SideScrollerBP/Blueprints/CharacterController.CharacterController_C Referenced by SideScrollerGameInstance
[2016.10.25-15.34.00:239][  0]LoadErrors:Error: Error /Game/SideScrollerBP/Blueprints/SideScrollerGameMode : Can't find file for asset. /Game/SideScrollerBP/UIWidgets/GameUI
[2016.10.25-15.34.00:242][  0]LogLinker:Warning: Can't find file '/Game/SideScrollerBP/UIWidgets/MainMenu'
[2016.10.25-15.34.00:242][  0]LoadErrors: Info Failed to load /Game/SideScrollerBP/Blueprints/CharacterController.CharacterController_C Referenced by EdGraphPin_153
[2016.10.25-15.34.00:242][  0]LogLinker:Warning: Can't find file for asset '/Game/SideScrollerBP/UIWidgets/MainMenu' while loading ../../../../../../Users/r018136e/Documents/NutandBolt/Nut and Bolt/Content/SideScrollerBP/Blueprints/SideScrollerGameMode.uasset.
[2016.10.25-15.34.00:242][  0]LoadErrors: Info Failed to load /Game/SideScrollerBP/Blueprints/CharacterController.CharacterController_C Referenced by EdGraphPin_153
[2016.10.25-15.34.00:242][  0]LoadErrors:Error: Error /Game/SideScrollerBP/Blueprints/SideScrollerGameMode : Can't find file for asset. /Game/SideScrollerBP/UIWidgets/MainMenu
[2016.10.25-15.34.00:243][  0]LogLinker:Warning: Can't find file '/Game/SideScrollerBP/UIWidgets/MainMenu'
[2016.10.25-15.34.00:243][  0]LoadErrors: Info Failed to load /Game/SideScrollerBP/Blueprints/CharacterController.CharacterController_C Referenced by EdGraphPin_337
[2016.10.25-15.34.00:243][  0]LogLinker:Warning: Can't find file for asset '/Game/SideScrollerBP/UIWidgets/MainMenu' while loading ../../../../../../Users/r018136e/Documents/NutandBolt/Nut and Bolt/Content/SideScrollerBP/Blueprints/SideScrollerGameMode.uasset.
[2016.10.25-15.34.00:243][  0]LoadErrors: Info Failed to load /Game/SideScrollerBP/Blueprints/CharacterController.CharacterController_C Referenced by EdGraphPin_337
[2016.10.25-15.34.00:243][  0]LoadErrors:Error: Error /Game/SideScrollerBP/Blueprints/SideScrollerGameMode : Can't find file for asset. /Game/SideScrollerBP/UIWidgets/MainMenu
[2016.10.25-15.34.00:243][  0]LogLinker:Warning: Can't find file '/Game/SideScrollerBP/UIWidgets/MainMenu'
[2016.10.25-15.34.00:243][  0]LoadErrors: Info Failed to load /Game/SideScrollerBP/Blueprints/CharacterController.CharacterController_C Referenced by EdGraphPin_338
[2016.10.25-15.34.00:243][  0]LogLinker:Warning: Can't find file for asset '/Game/SideScrollerBP/UIWidgets/MainMenu' while loading ../../../../../../Users/r018136e/Documents/NutandBolt/Nut and Bolt/Content/SideScrollerBP/Blueprints/SideScrollerGameMode.uasset.
[2016.10.25-15.34.00:244][  0]LoadErrors: Info Failed to load /Game/SideScrollerBP/Blueprints/CharacterController.CharacterController_C Referenced by EdGraphPin_338
[2016.10.25-15.34.00:244][  0]LoadErrors:Error: Error /Game/SideScrollerBP/Blueprints/SideScrollerGameMode : Can't find file for asset. /Game/SideScrollerBP/UIWidgets/MainMenu
[2016.10.25-15.34.00:244][  0]LogLinker:Warning: Can't find file '/Game/SideScrollerBP/UIWidgets/MainMenu'
[2016.10.25-15.34.00:244][  0]LoadErrors: Info Failed to load /Game/SideScrollerBP/Blueprints/CharacterController.CharacterController_C Referenced by EdGraphPin_159
[2016.10.25-15.34.00:244][  0]LogLinker:Warning: Can't find file for asset '/Game/SideScrollerBP/UIWidgets/MainMenu' while loading ../../../../../../Users/r018136e/Documents/NutandBolt/Nut and Bolt/Content/SideScrollerBP/Blueprints/SideScrollerGameMode.uasset.
[2016.10.25-15.34.00:244][  0]LoadErrors: Info Failed to load /Game/SideScrollerBP/Blueprints/CharacterController.CharacterController_C Referenced by EdGraphPin_159
[2016.10.25-15.34.00:244][  0]LoadErrors:Error: Error /Game/SideScrollerBP/Blueprints/SideScrollerGameMode : Can't find file for asset. /Game/SideScrollerBP/UIWidgets/MainMenu
[2016.10.25-15.34.00:244][  0]LogLinker:Warning: Can't find file '/Game/SideScrollerBP/UIWidgets/MainMenu'
[2016.10.25-15.34.00:245][  0]LoadErrors: Info Failed to load /Game/SideScrollerBP/Blueprints/CharacterController.CharacterController_C Referenced by EdGraphPin_160
[2016.10.25-15.34.00:245][  0]LogLinker:Warning: Can't find file for asset '/Game/SideScrollerBP/UIWidgets/MainMenu' while loading ../../../../../../Users/r018136e/Documents/NutandBolt/Nut and Bolt/Content/SideScrollerBP/Blueprints/SideScrollerGameMode.uasset.
[2016.10.25-15.34.00:245][  0]LoadErrors: Info Failed to load /Game/SideScrollerBP/Blueprints/CharacterController.CharacterController_C Referenced by EdGraphPin_160
[2016.10.25-15.34.00:245][  0]LoadErrors:Error: Error /Game/SideScrollerBP/Blueprints/SideScrollerGameMode : Can't find file for asset. /Game/SideScrollerBP/UIWidgets/MainMenu
[2016.10.25-15.34.00:245][  0]LogLinker:Warning: Can't find file '/Game/SideScrollerBP/UIWidgets/MainMenu'
[2016.10.25-15.34.00:245][  0]LoadErrors: Info Failed to load /Game/SideScrollerBP/Blueprints/CharacterController.CharacterController_C Referenced by EdGraphPin_165
[2016.10.25-15.34.00:245][  0]LogLinker:Warning: Can't find file for asset '/Game/SideScrollerBP/UIWidgets/MainMenu' while loading ../../../../../../Users/r018136e/Documents/NutandBolt/Nut and Bolt/Content/SideScrollerBP/Blueprints/SideScrollerGameMode.uasset.
[2016.10.25-15.34.00:246][  0]LoadErrors: Info Failed to load /Game/SideScrollerBP/Blueprints/CharacterController.CharacterController_C Referenced by EdGraphPin_165
[2016.10.25-15.34.00:246][  0]LoadErrors:Error: Error /Game/SideScrollerBP/Blueprints/SideScrollerGameMode : Can't find file for asset. /Game/SideScrollerBP/UIWidgets/MainMenu
[2016.10.25-15.34.00:246][  0]LogLinker:Warning: Can't find file '/Game/SideScrollerBP/UIWidgets/MainMenu'
[2016.10.25-15.34.00:246][  0]LoadErrors: Info Failed to load /Game/SideScrollerBP/Blueprints/CharacterController.CharacterController_C Referenced by K2Node_VariableGet_407
[2016.10.25-15.34.00:246][  0]LogLinker:Warning: Can't find file for asset '/Game/SideScrollerBP/UIWidgets/MainMenu' while loading ../../../../../../Users/r018136e/Documents/NutandBolt/Nut and Bolt/Content/SideScrollerBP/Blueprints/SideScrollerGameMode.uasset.
[2016.10.25-15.34.00:246][  0]LoadErrors: Info Failed to load /Game/SideScrollerBP/Blueprints/CharacterController.CharacterController_C Referenced by K2Node_VariableGet_407
[2016.10.25-15.34.00:246][  0]LoadErrors:Error: Error /Game/SideScrollerBP/Blueprints/SideScrollerGameMode : Can't find file for asset. /Game/SideScrollerBP/UIWidgets/MainMenu
[2016.10.25-15.34.00:246][  0]LogLinker:Warning: Can't find file '/Game/SideScrollerBP/UIWidgets/MainMenu'
[2016.10.25-15.34.00:246][  0]LoadErrors: Info Failed to load /Game/SideScrollerBP/Blueprints/CharacterController.CharacterController_C Referenced by EdGraphPin_355
[2016.10.25-15.34.00:247][  0]LogLinker:Warning: Can't find file for asset '/Game/SideScrollerBP/UIWidgets/MainMenu' while loading ../../../../../../Users/r018136e/Documents/NutandBolt/Nut and Bolt/Content/SideScrollerBP/Blueprints/SideScrollerGameMode.uasset.
[2016.10.25-15.34.00:247][  0]LoadErrors: Info Failed to load /Game/SideScrollerBP/Blueprints/CharacterController.CharacterController_C Referenced by EdGraphPin_355
[2016.10.25-15.34.00:247][  0]LoadErrors:Error: Error /Game/SideScrollerBP/Blueprints/SideScrollerGameMode : Can't find file for asset. /Game/SideScrollerBP/UIWidgets/MainMenu
[2016.10.25-15.34.00:247][  0]LogLinker:Warning: Can't find file '/Game/SideScrollerBP/UIWidgets/GameSetup'
[2016.10.25-15.34.00:247][  0]LoadErrors: Info Failed to load /Game/SideScrollerBP/Blueprints/CharacterController.CharacterController_C Referenced by EdGraphPin_358
[2016.10.25-15.34.00:247][  0]LogLinker:Warning: Can't find file for asset '/Game/SideScrollerBP/UIWidgets/GameSetup' while loading ../../../../../../Users/r018136e/Documents/NutandBolt/Nut and Bolt/Content/SideScrollerBP/Blueprints/SideScrollerGameMode.uasset.
[2016.10.25-15.34.00:247][  0]LoadErrors: Info Failed to load /Game/SideScrollerBP/Blueprints/CharacterController.CharacterController_C Referenced by EdGraphPin_358
[2016.10.25-15.34.00:247][  0]LoadErrors:Error: Error /Game/SideScrollerBP/Blueprints/SideScrollerGameMode : Can't find file for asset. /Game/SideScrollerBP/UIWidgets/GameSetup
[2016.10.25-15.34.00:248][  0]LogLinker:Warning: Can't find file '/Game/SideScrollerBP/UIWidgets/GameSetup'
[2016.10.25-15.34.00:248][  0]LoadErrors: Info Failed to load /Game/SideScrollerBP/Blueprints/CharacterController.CharacterController_C Referenced by EdGraphPin_359
[2016.10.25-15.34.00:248][  0]LogLinker:Warning: Can't find file for asset '/Game/SideScrollerBP/UIWidgets/GameSetup' while loading ../../../../../../Users/r018136e/Documents/NutandBolt/Nut and Bolt/Content/SideScrollerBP/Blueprints/SideScrollerGameMode.uasset.
[2016.10.25-15.34.00:248][  0]LoadErrors: Info Failed to load /Game/SideScrollerBP/Blueprints/CharacterController.CharacterController_C Referenced by EdGraphPin_359
[2016.10.25-15.34.00:248][  0]LoadErrors:Error: Error /Game/SideScrollerBP/Blueprints/SideScrollerGameMode : Can't find file for asset. /Game/SideScrollerBP/UIWidgets/GameSetup
[2016.10.25-15.34.00:248][  0]LogLinker:Warning: Can't find file '/Game/SideScrollerBP/UIWidgets/GameSetup'
[2016.10.25-15.34.00:248][  0]LoadErrors: Info Failed to load /Game/SideScrollerBP/Blueprints/CharacterController.CharacterController_C Referenced by EdGraphPin_93
[2016.10.25-15.34.00:248][  0]LogLinker:Warning: Can't find file for asset '/Game/SideScrollerBP/UIWidgets/GameSetup' while loading ../../../../../../Users/r018136e/Documents/NutandBolt/Nut and Bolt/Content/SideScrollerBP/Blueprints/SideScrollerGameMode.uasset.
[2016.10.25-15.34.00:248][  0]LoadErrors: Info Failed to load /Game/SideScrollerBP/Blueprints/CharacterController.CharacterController_C Referenced by EdGraphPin_93
[2016.10.25-15.34.00:249][  0]LoadErrors:Error: Error /Game/SideScrollerBP/Blueprints/SideScrollerGameMode : Can't find file for asset. /Game/SideScrollerBP/UIWidgets/GameSetup
[2016.10.25-15.34.00:249][  0]LogLinker:Warning: Can't find file '/Game/SideScrollerBP/UIWidgets/GameSetup'
[2016.10.25-15.34.00:249][  0]LoadErrors: Info Failed to load /Game/SideScrollerBP/Blueprints/CharacterController.CharacterController_C Referenced by EdGraphPin_94
[2016.10.25-15.34.00:249][  0]LogLinker:Warning: Can't find file for asset '/Game/SideScrollerBP/UIWidgets/GameSetup' while loading ../../../../../../Users/r018136e/Documents/NutandBolt/Nut and Bolt/Content/SideScrollerBP/Blueprints/SideScrollerGameMode.uasset.
[2016.10.25-15.34.00:249][  0]LoadErrors: Info Failed to load /Game/SideScrollerBP/Blueprints/CharacterController.CharacterController_C Referenced by EdGraphPin_94
[2016.10.25-15.34.00:249][  0]LoadErrors:Error: Error /Game/SideScrollerBP/Blueprints/SideScrollerGameMode : Can't find file for asset. /Game/SideScrollerBP/UIWidgets/GameSetup
[2016.10.25-15.34.00:249][  0]LogLinker:Warning: Can't find file '/Game/SideScrollerBP/UIWidgets/GameSetup'
[2016.10.25-15.34.00:249][  0]LoadErrors: Info Failed to load /Game/SideScrollerBP/Blueprints/CharacterController.CharacterController_C Referenced by EdGraphPin_67
[2016.10.25-15.34.00:250][  0]LogLinker:Warning: Can't find file for asset '/Game/SideScrollerBP/UIWidgets/GameSetup' while loading ../../../../../../Users/r018136e/Documents/NutandBolt/Nut and Bolt/Content/SideScrollerBP/Blueprints/SideScrollerGameMode.uasset.
[2016.10.25-15.34.00:250][  0]LoadErrors: Info Failed to load /Game/SideScrollerBP/Blueprints/CharacterController.CharacterController_C Referenced by EdGraphPin_67
[2016.10.25-15.34.00:250][  0]LoadErrors:Error: Error /Game/SideScrollerBP/Blueprints/SideScrollerGameMode : Can't find file for asset. /Game/SideScrollerBP/UIWidgets/GameSetup
[2016.10.25-15.34.00:250][  0]LogLinker:Warning: Can't find file '/Game/SideScrollerBP/UIWidgets/GameUI'
[2016.10.25-15.34.00:250][  0]LoadErrors: Info Failed to load /Game/SideScrollerBP/Blueprints/CharacterController.CharacterController_C Referenced by EdGraphPin_79
[2016.10.25-15.34.00:250][  0]LogLinker:Warning: Can't find file for asset '/Game/SideScrollerBP/UIWidgets/GameUI' while loading ../../../../../../Users/r018136e/Documents/NutandBolt/Nut and Bolt/Content/SideScrollerBP/Blueprints/SideScrollerGameMode.uasset.
[2016.10.25-15.34.00:250][  0]LoadErrors: Info Failed to load /Game/SideScrollerBP/Blueprints/CharacterController.CharacterController_C Referenced by EdGraphPin_79
[2016.10.25-15.34.00:250][  0]LoadErrors:Error: Error /Game/SideScrollerBP/Blueprints/SideScrollerGameMode : Can't find file for asset. /Game/SideScrollerBP/UIWidgets/GameUI
[2016.10.25-15.34.00:251][  0]LogLinker:Warning: Can't find file '/Game/SideScrollerBP/UIWidgets/GameUI'
[2016.10.25-15.34.00:251][  0]LoadErrors: Info Failed to load /Game/SideScrollerBP/Blueprints/CharacterController.CharacterController_C Referenced by EdGraphPin_385
[2016.10.25-15.34.00:251][  0]LogLinker:Warning: Can't find file for asset '/Game/SideScrollerBP/UIWidgets/GameUI' while loading ../../../../../../Users/r018136e/Documents/NutandBolt/Nut and Bolt/Content/SideScrollerBP/Blueprints/SideScrollerGameMode.uasset.
[2016.10.25-15.34.00:251][  0]LoadErrors: Info Failed to load /Game/SideScrollerBP/Blueprints/CharacterController.CharacterController_C Referenced by EdGraphPin_385
[2016.10.25-15.34.00:251][  0]LoadErrors:Error: Error /Game/SideScrollerBP/Blueprints/SideScrollerGameMode : Can't find file for asset. /Game/SideScrollerBP/UIWidgets/GameUI
[2016.10.25-15.34.00:251][  0]LogLinker:Warning: Can't find file '/Game/SideScrollerBP/UIWidgets/GameUI'
[2016.10.25-15.34.00:251][  0]LoadErrors: Info Failed to load /Game/SideScrollerBP/Blueprints/CharacterController.CharacterController_C Referenced by EdGraphPin_386
[2016.10.25-15.34.00:252][  0]LogLinker:Warning: Can't find file for asset '/Game/SideScrollerBP/UIWidgets/GameUI' while loading ../../../../../../Users/r018136e/Documents/NutandBolt/Nut and Bolt/Content/SideScrollerBP/Blueprints/SideScrollerGameMode.uasset.
[2016.10.25-15.34.00:252][  0]LoadErrors: Info Failed to load /Game/SideScrollerBP/Blueprints/CharacterController.CharacterController_C Referenced by EdGraphPin_386
[2016.10.25-15.34.00:252][  0]LoadErrors:Error: Error /Game/SideScrollerBP/Blueprints/SideScrollerGameMode : Can't find file for asset. /Game/SideScrollerBP/UIWidgets/GameUI
[2016.10.25-15.34.00:252][  0]LogLinker:Warning: Can't find file '/Game/SideScrollerBP/UIWidgets/GameUI'
[2016.10.25-15.34.00:252][  0]LoadErrors: Info Failed to load /Game/SideScrollerBP/Blueprints/CharacterController.CharacterController_C Referenced by EdGraphPin_103
[2016.10.25-15.34.00:252][  0]LogLinker:Warning: Can't find file for asset '/Game/SideScrollerBP/UIWidgets/GameUI' while loading ../../../../../../Users/r018136e/Documents/NutandBolt/Nut and Bolt/Content/SideScrollerBP/Blueprints/SideScrollerGameMode.uasset.
[2016.10.25-15.34.00:252][  0]LoadErrors: Info Failed to load /Game/SideScrollerBP/Blueprints/CharacterController.CharacterController_C Referenced by EdGraphPin_103
[2016.10.25-15.34.00:252][  0]LoadErrors:Error: Error /Game/SideScrollerBP/Blueprints/SideScrollerGameMode : Can't find file for asset. /Game/SideScrollerBP/UIWidgets/GameUI
[2016.10.25-15.34.00:252][  0]LogLinker:Warning: Can't find file '/Game/SideScrollerBP/UIWidgets/GameUI'
[2016.10.25-15.34.00:253][  0]LoadErrors: Info Failed to load /Game/SideScrollerBP/Blueprints/CharacterController.CharacterController_C Referenced by EdGraphPin_104
[2016.10.25-15.34.00:253][  0]LogLinker:Warning: Can't find file for asset '/Game/SideScrollerBP/UIWidgets/GameUI' while loading ../../../../../../Users/r018136e/Documents/NutandBolt/Nut and Bolt/Content/SideScrollerBP/Blueprints/SideScrollerGameMode.uasset.
[2016.10.25-15.34.00:253][  0]LoadErrors: Info Failed to load /Game/SideScrollerBP/Blueprints/CharacterController.CharacterController_C Referenced by EdGraphPin_104
[2016.10.25-15.34.00:253][  0]LoadErrors:Error: Error /Game/SideScrollerBP/Blueprints/SideScrollerGameMode : Can't find file for asset. /Game/SideScrollerBP/UIWidgets/GameUI
[2016.10.25-15.34.00:253][  0]LogLinker:Warning: Can't find file '/Game/SideScrollerBP/UIWidgets/GameUI'
[2016.10.25-15.34.00:253][  0]LoadErrors: Info Failed to load /Game/SideScrollerBP/Blueprints/CharacterController.CharacterController_C Referenced by EdGraphPin_155
[2016.10.25-15.34.00:253][  0]LogLinker:Warning: Can't find file for asset '/Game/SideScrollerBP/UIWidgets/GameUI' while loading ../../../../../../Users/r018136e/Documents/NutandBolt/Nut and Bolt/Content/SideScrollerBP/Blueprints/SideScrollerGameMode.uasset.
[2016.10.25-15.34.00:253][  0]LoadErrors: Info Failed to load /Game/SideScrollerBP/Blueprints/CharacterController.CharacterController_C Referenced by EdGraphPin_155
[2016.10.25-15.34.00:253][  0]LoadErrors:Error: Error /Game/SideScrollerBP/Blueprints/SideScrollerGameMode : Can't find file for asset. /Game/SideScrollerBP/UIWidgets/GameUI
[2016.10.25-15.34.00:267][  0]LogBlueprint:Warning: [SideScrollerGameInstance] CreatePinForVariable: 'Start' variable not found. Base class was probably changed.
[2016.10.25-15.34.00:289][  0]LogBlueprint:Error: Compiler Error Spawn node  Create Widget  must have a class specified.
[2016.10.25-15.34.00:290][  0]LogBlueprint:Error: Compiler Error Spawn node  Create Widget  must have a class specified.
[2016.10.25-15.34.00:291][  0]LogBlueprint:Error: Compiler Error Spawn node  Create Widget  must have a class specified.
[2016.10.25-15.34.00:294][  0]LogBlueprint:Error: Compiler Error This blueprint (self) is not a UserWidget, therefore ' Target ' must have a connection.
[2016.10.25-15.34.00:294][  0]LogBlueprint:Error: Compiler Error This blueprint (self) is not compatible with ' Target ', therefore that pin must have a connection.
[2016.10.25-15.34.00:294][  0]LogBlueprint:Error: Compiler Error The property associated with  Start  could not be found
[2016.10.25-15.34.00:295][  0]LogBlueprint:Error: Compiler Error This blueprint (self) is not a UserWidget, therefore ' Target ' must have a connection.
[2016.10.25-15.34.00:307][  0]LogBlueprint:Warning: Compiler Warning [0006.40] Compile of SideScrollerGameInstance failed. 7 Fatal Issue(s) 0 Warning(s) [in 36 ms] (/Game/SideScrollerBP/Blueprints/SideScrollerGameInstance.SideScrollerGameInstance)
[2016.10.25-15.34.00:308][  0]LogBlueprint:Warning: Compiler Warning [0006.40] Compile of SideScrollerGameInstance failed. 7 Fatal Issue(s) 1 Warning(s) [in 0 ms] (/Game/SideScrollerBP/Blueprints/SideScrollerGameInstance.SideScrollerGameInstance)
[2016.10.25-15.34.00:308][  0]LogBlueprint:Warning: Compiler Warning [0006.40] Compile of SideScrollerGameInstance failed. 7 Fatal Issue(s) 2 Warning(s) [in 0 ms] (/Game/SideScrollerBP/Blueprints/SideScrollerGameInstance.SideScrollerGameInstance)
[2016.10.25-15.34.00:312][  0]LogLinker:Warning: Can't find file '/Game/SideScrollerBP/UIWidgets/MainMenu'
[2016.10.25-15.34.00:312][  0]LogLinker:Warning: Can't find file for asset '/Game/SideScrollerBP/UIWidgets/MainMenu' while loading ../../../../../../Users/r018136e/Documents/NutandBolt/Nut and Bolt/Content/SideScrollerBP/Blueprints/SideScrollerGameInstance.uasset.
[2016.10.25-15.34.00:312][  0]LoadErrors:Error: Error /Game/SideScrollerBP/Blueprints/SideScrollerGameInstance : Can't find file for asset. /Game/SideScrollerBP/UIWidgets/MainMenu
[2016.10.25-15.34.00:313][  0]LogLinker:Warning: Can't find file '/Game/SideScrollerBP/UIWidgets/GameSetup'
[2016.10.25-15.34.00:313][  0]LogLinker:Warning: Can't find file for asset '/Game/SideScrollerBP/UIWidgets/GameSetup' while loading ../../../../../../Users/r018136e/Documents/NutandBolt/Nut and Bolt/Content/SideScrollerBP/Blueprints/SideScrollerGameInstance.uasset.
[2016.10.25-15.34.00:313][  0]LoadErrors:Error: Error /Game/SideScrollerBP/Blueprints/SideScrollerGameInstance : Can't find file for asset. /Game/SideScrollerBP/UIWidgets/GameSetup
[2016.10.25-15.34.00:313][  0]LogLinker:Warning: Can't find file '/Game/SideScrollerBP/UIWidgets/GameUI'
[2016.10.25-15.34.00:314][  0]LogLinker:Warning: Can't find file for asset '/Game/SideScrollerBP/UIWidgets/GameUI' while loading ../../../../../../Users/r018136e/Documents/NutandBolt/Nut and Bolt/Content/SideScrollerBP/Blueprints/SideScrollerGameInstance.uasset.
[2016.10.25-15.34.00:314][  0]LoadErrors:Error: Error /Game/SideScrollerBP/Blueprints/SideScrollerGameInstance : Can't find file for asset. /Game/SideScrollerBP/UIWidgets/GameUI
[2016.10.25-15.34.00:314][  0]LogLinker:Warning: Can't find file '/Game/SideScrollerBP/UIWidgets/MainMenu'
[2016.10.25-15.34.00:314][  0]LogLinker:Warning: Can't find file for asset '/Game/SideScrollerBP/UIWidgets/MainMenu' while loading ../../../../../../Users/r018136e/Documents/NutandBolt/Nut and Bolt/Content/SideScrollerBP/Blueprints/SideScrollerGameInstance.uasset.
[2016.10.25-15.34.00:314][  0]LoadErrors:Error: Error /Game/SideScrollerBP/Blueprints/SideScrollerGameInstance : Can't find file for asset. /Game/SideScrollerBP/UIWidgets/MainMenu
[2016.10.25-15.34.00:315][  0]LogLinker:Warning: Can't find file '/Game/SideScrollerBP/UIWidgets/GameSetup'
[2016.10.25-15.34.00:315][  0]LogLinker:Warning: Can't find file for asset '/Game/SideScrollerBP/UIWidgets/GameSetup' while loading ../../../../../../Users/r018136e/Documents/NutandBolt/Nut and Bolt/Content/SideScrollerBP/Blueprints/SideScrollerGameInstance.uasset.
[2016.10.25-15.34.00:315][  0]LoadErrors:Error: Error /Game/SideScrollerBP/Blueprints/SideScrollerGameInstance : Can't find file for asset. /Game/SideScrollerBP/UIWidgets/GameSetup
[2016.10.25-15.34.00:315][  0]LogLinker:Warning: Can't find file '/Game/SideScrollerBP/UIWidgets/GameUI'
[2016.10.25-15.34.00:315][  0]LogLinker:Warning: Can't find file for asset '/Game/SideScrollerBP/UIWidgets/GameUI' while loading ../../../../../../Users/r018136e/Documents/NutandBolt/Nut and Bolt/Content/SideScrollerBP/Blueprints/SideScrollerGameInstance.uasset.
[2016.10.25-15.34.00:315][  0]LoadErrors:Error: Error /Game/SideScrollerBP/Blueprints/SideScrollerGameInstance : Can't find file for asset. /Game/SideScrollerBP/UIWidgets/GameUI
[2016.10.25-15.34.00:315][  0]LogLinker:Warning: Can't find file '/Game/SideScrollerBP/UIWidgets/MainMenu'
[2016.10.25-15.34.00:316][  0]LogLinker:Warning: Can't find file for asset '/Game/SideScrollerBP/UIWidgets/MainMenu' while loading ../../../../../../Users/r018136e/Documents/NutandBolt/Nut and Bolt/Content/SideScrollerBP/Blueprints/SideScrollerGameInstance.uasset.
[2016.10.25-15.34.00:316][  0]LoadErrors:Error: Error /Game/SideScrollerBP/Blueprints/SideScrollerGameInstance : Can't find file for asset. /Game/SideScrollerBP/UIWidgets/MainMenu
[2016.10.25-15.34.00:669][  0]LogLinker:Warning: Can't find file '/Game/SideScrollerBP/UIWidgets/AudioSettings'
[2016.10.25-15.34.00:669][  0]LogLinker:Warning: Can't find file for asset '/Game/SideScrollerBP/UIWidgets/AudioSettings' while loading NULL.
[2016.10.25-15.34.00:669][  0]LogLinker:Warning: Can't find file '/Game/SideScrollerBP/UIWidgets/AudioSettings'
[2016.10.25-15.34.00:669][  0]LoadErrors: Info Failed to load /Game/SideScrollerBP/UIWidgets/AudioSettings.AudioSettings_C Referenced by WidgetSwitcherSlot_1
[2016.10.25-15.34.00:669][  0]LogLinker:Warning: Can't find file for asset '/Game/SideScrollerBP/UIWidgets/AudioSettings' while loading NULL.
[2016.10.25-15.34.00:669][  0]LoadErrors: Info Failed to load /Game/SideScrollerBP/UIWidgets/AudioSettings.AudioSettings_C Referenced by WidgetSwitcherSlot_1
[2016.10.25-15.34.00:670][  0]LogLinker:Warning: Can't find file '/Game/SideScrollerBP/UIWidgets/GraphicsSettings'
[2016.10.25-15.34.00:670][  0]LogLinker:Warning: Can't find file for asset '/Game/SideScrollerBP/UIWidgets/GraphicsSettings' while loading NULL.
[2016.10.25-15.34.00:670][  0]LogLinker:Warning: Can't find file '/Game/SideScrollerBP/UIWidgets/GraphicsSettings'
[2016.10.25-15.34.00:670][  0]LoadErrors: Info Failed to load /Game/SideScrollerBP/UIWidgets/GraphicsSettings.GraphicsSettings_C Referenced by WidgetSwitcherSlot_2
[2016.10.25-15.34.00:670][  0]LogLinker:Warning: Can't find file for asset '/Game/SideScrollerBP/UIWidgets/GraphicsSettings' while loading NULL.
[2016.10.25-15.34.00:670][  0]LoadErrors: Info Failed to load /Game/SideScrollerBP/UIWidgets/GraphicsSettings.GraphicsSettings_C Referenced by WidgetSwitcherSlot_2
[2016.10.25-15.34.00:930][  0]LogAIModule: Creating AISystem for world NinjaArenaPrototype
[2016.10.25-15.34.00:940][  0]LogEditorServer: Finished looking for orphan Actors (0.000 secs)
[2016.10.25-15.34.00:941][  0]Cmd: MAP CHECKDEP NOCLEARLOG
[2016.10.25-15.34.01:031][  0]MapCheck: Info Map check complete: 0 Error(s), 0 Warning(s), took 90.003ms to complete.
[2016.10.25-15.34.01:032][  0]LogFileHelpers: Loading map 'NinjaArenaPrototype' took 1.103
[2016.10.25-15.34.01:237][  0]LogCollectionManager: Loaded 0 collections in 0.001827 seconds
[2016.10.25-15.34.01:288][  0]LogFileCache: Scanning file cache for directory 'C:/Users/r018136e/Documents/NutandBolt/Nut and Bolt/Saved/Collections/' took 0.01s
[2016.10.25-15.34.01:288][  0]LogFileCache: Scanning file cache for directory 'C:/Users/r018136e/Documents/NutandBolt/Nut and Bolt/Content/Developers/r018136e/Collections/' took 0.01s
[2016.10.25-15.34.01:288][  0]LogFileCache: Scanning file cache for directory 'C:/Users/r018136e/Documents/NutandBolt/Nut and Bolt/Content/Collections/' took 0.01s
[2016.10.25-15.34.01:288][  0]LogCollectionManager: Rebuilt the GUID cache for 0 collections in 0.000006 seconds
[2016.10.25-15.34.01:305][  0]LogContentBrowser: Native class hierarchy populated in 0.0174 seconds. Added 2062 classes and 375 folders.
[2016.10.25-15.34.01:309][  0]LogStats: UGameplayTagsManager::ConstructGameplayTagTree: Construct from data asset -  0.000 s
[2016.10.25-15.34.01:309][  0]LogStats: UGameplayTagsManager::ConstructGameplayTagTree: GameplayTagTreeChangedEvent.Broadcast -  0.000 s
[2016.10.25-15.34.01:310][  0]LogContentBrowser: Native class hierarchy updated for 'GameplayTags' in 0.0006 seconds. Added 12 classes and 0 folders.
[2016.10.25-15.34.01:314][  0]LogContentBrowser: Native class hierarchy updated for 'WidgetCarousel' in 0.0005 seconds. Added 0 classes and 0 folders.
[2016.10.25-15.34.01:376][  0]LogContentBrowser: Native class hierarchy updated for 'AddContentDialog' in 0.0006 seconds. Added 0 classes and 0 folders.
[2016.10.25-15.34.01:380][  0]LogContentBrowser: Native class hierarchy updated for 'SceneOutliner' in 0.0005 seconds. Added 1 classes and 2 folders.
[2016.10.25-15.34.01:394][  0]LogCrashTracker: Crashtracker disabled due to settings.
[2016.10.25-15.34.01:458][  0]LogContentBrowser: Native class hierarchy updated for 'HierarchicalLODOutliner' in 0.0006 seconds. Added 1 classes and 2 folders.
[2016.10.25-15.34.01:458][  0]LogLoad: Full Startup: 7.56 seconds (BP compile: 0.29 seconds)
[2016.10.25-15.34.01:458][  0]LogExternalProfiler: Found external profiler: VSPerf
[2016.10.25-15.34.01:458][  0]LogExternalProfiler: Using external profiler: VSPerf
[2016.10.25-15.34.01:467][  0]LogOcInput: OculusInput pre-init called
[2016.10.25-15.34.01:486][  0]LogContentStreaming: Texture pool size now 1000 MB
[2016.10.25-15.34.01:706][  1]LogRenderer: Reallocating scene render targets to support 884x444 (Frame:2).
[2016.10.25-15.34.01:706][  1]LogAssetRegistry: Asset discovery search completed in 4.2260 seconds
[2016.10.25-15.34.01:706][  1]LogCollectionManager: Rebuilt the object cache for 0 collections in 0.000001 seconds (found 0 objects)
[2016.10.25-15.34.01:706][  1]LogCollectionManager: Fixed up redirectors for 0 collections in 0.000024 seconds (updated 0 objects)
[2016.10.25-15.34.11:179][ 55]LogWindowsTextInputMethodSystem:Display: IME system now deactivated.
[2016.10.25-15.34.11:355][ 56]Cmd: QUIT_EDITOR
[2016.10.25-15.34.11:452][ 56]LogExit: Preparing to exit.
[2016.10.25-15.34.11:759][ 56]LogExit: Editor shut down
[2016.10.25-15.34.11:759][ 56]LogExit: Transaction tracking system shut down
[2016.10.25-15.34.11:883][ 56]LogObj: Freed 0b from 0 cluster array pools.
[2016.10.25-15.34.11:883][ 56]LogExit: Object subsystem successfully closed.
[2016.10.25-15.34.11:907][ 56]LogD3D11RHI: Shutdown
[2016.10.25-15.34.11:907][ 56]LogD3D11RHI: CleanupD3DDevice
[2016.10.25-15.34.11:967][ 56]LogD3D11RHI: ~FD3D11DynamicRHI
[2016.10.25-15.34.12:000][ 56]LogModuleManager: Shutting down and abandoning module HierarchicalLODOutliner (215)
[2016.10.25-15.34.12:000][ 56]LogModuleManager: Shutting down and abandoning module CrashTracker (214)
[2016.10.25-15.34.12:000][ 56]LogModuleManager: Shutting down and abandoning module SceneOutliner (213)
[2016.10.25-15.34.12:000][ 56]LogModuleManager: Shutting down and abandoning module WidgetCarousel (212)
[2016.10.25-15.34.12:000][ 56]LogModuleManager: Shutting down and abandoning module AddContentDialog (211)
[2016.10.25-15.34.12:002][ 56]LogModuleManager: Shutting down and abandoning module GameplayTags (210)
[2016.10.25-15.34.12:002][ 56]LogModuleManager: Shutting down and abandoning module EditorWidgets (209)
[2016.10.25-15.34.12:002][ 56]LogModuleManager: Shutting down and abandoning module CollectionManager (208)
[2016.10.25-15.34.12:003][ 56]LogModuleManager: Shutting down and abandoning module StatsViewer (207)
[2016.10.25-15.34.12:003][ 56]LogModuleManager: Shutting down and abandoning module FoliageEdit (206)
[2016.10.25-15.34.12:003][ 56]LogModuleManager: Shutting down and abandoning module LandscapeEditor (205)
[2016.10.25-15.34.12:003][ 56]LogModuleManager: Shutting down and abandoning module SceneDepthPickerMode (204)
[2016.10.25-15.34.12:003][ 56]LogModuleManager: Shutting down and abandoning module ActorPickerMode (203)
[2016.10.25-15.34.12:003][ 56]LogModuleManager: Shutting down and abandoning module GeometryMode (202)
[2016.10.25-15.34.12:003][ 56]LogModuleManager: Shutting down and abandoning module TextureAlignMode (201)
[2016.10.25-15.34.12:003][ 56]LogModuleManager: Shutting down and abandoning module BspMode (200)
[2016.10.25-15.34.12:003][ 56]LogModuleManager: Shutting down and abandoning module HardwareSurvey (199)
[2016.10.25-15.34.12:003][ 56]LogModuleManager: Shutting down and abandoning module SequenceRecorderSections (198)
[2016.10.25-15.34.12:003][ 56]LogModuleManager: Shutting down and abandoning module SequenceRecorder (197)
[2016.10.25-15.34.12:003][ 56]LogModuleManager: Shutting down and abandoning module AutomationWorker (196)
[2016.10.25-15.34.12:003][ 56]LogModuleManager: Shutting down and abandoning module MatineeToLevelSequence (195)
[2016.10.25-15.34.12:003][ 56]LogModuleManager: Shutting down and abandoning module PlacementMode (194)
[2016.10.25-15.34.12:003][ 56]LogModuleManager: Shutting down and abandoning module LevelSequenceEditor (193)
[2016.10.25-15.34.12:004][ 56]LogModuleManager: Shutting down and abandoning module CharacterAI (192)
[2016.10.25-15.34.12:004][ 56]LogModuleManager: Shutting down and abandoning module SmartSnapping (191)
[2016.10.25-15.34.12:004][ 56]LogModuleManager: Shutting down and abandoning module SessionServices (190)
[2016.10.25-15.34.12:004][ 56]LogModuleManager: Shutting down and abandoning module ViewportSnapping (189)
[2016.10.25-15.34.12:004][ 56]LogModuleManager: Shutting down and abandoning module LogVisualizer (188)
[2016.10.25-15.34.12:004][ 56]LogModuleManager: Shutting down and abandoning module GameProjectGeneration (187)
[2016.10.25-15.34.12:004][ 56]LogModuleManager: Shutting down and abandoning module IntroTutorials (186)
[2016.10.25-15.34.12:004][ 56]LogModuleManager: Shutting down and abandoning module EditorLiveStreaming (185)
[2016.10.25-15.34.12:004][ 56]LogModuleManager: Shutting down and abandoning module IOSPlatformEditor (184)
[2016.10.25-15.34.12:005][ 56]LogModuleManager: Shutting down and abandoning module HTML5PlatformEditor (183)
[2016.10.25-15.34.12:005][ 56]LogModuleManager: Shutting down and abandoning module AndroidDeviceDetection (182)
[2016.10.25-15.34.12:652][ 56]LogModuleManager: Shutting down and abandoning module AndroidPlatformEditor (181)
[2016.10.25-15.34.12:652][ 56]LogModuleManager: Shutting down and abandoning module IOSRuntimeSettings (180)
[2016.10.25-15.34.12:652][ 56]LogModuleManager: Shutting down and abandoning module AndroidRuntimeSettings (179)
[2016.10.25-15.34.12:652][ 56]LogModuleManager: Shutting down and abandoning module MergeActors (178)
[2016.10.25-15.34.12:652][ 56]LogModuleManager: Shutting down and abandoning module SizeMap (177)
[2016.10.25-15.34.12:652][ 56]LogModuleManager: Shutting down and abandoning module TreeMap (176)
[2016.10.25-15.34.12:652][ 56]LogModuleManager: Shutting down and abandoning module ReferenceViewer (175)
[2016.10.25-15.34.12:652][ 56]LogModuleManager: Shutting down and abandoning module LocalizationService (174)
[2016.10.25-15.34.12:652][ 56]LogModuleManager: Shutting down and abandoning module LocalizationDashboard (173)
[2016.10.25-15.34.12:652][ 56]LogModuleManager: Shutting down and abandoning module HardwareTargeting (172)
[2016.10.25-15.34.12:652][ 56]LogModuleManager: Shutting down and abandoning module DeviceProfileEditor (171)
[2016.10.25-15.34.12:652][ 56]LogModuleManager: Shutting down and abandoning module UndoHistory (170)
[2016.10.25-15.34.12:652][ 56]LogModuleManager: Shutting down and abandoning module UserFeedback (169)
[2016.10.25-15.34.12:652][ 56]LogModuleManager: Shutting down and abandoning module XmlParser (168)
[2016.10.25-15.34.12:652][ 56]LogModuleManager: Shutting down and abandoning module Blutility (167)
[2016.10.25-15.34.12:652][ 56]LogModuleManager: Shutting down and abandoning module ProjectTargetPlatformEditor (166)
[2016.10.25-15.34.12:653][ 56]LogModuleManager: Shutting down and abandoning module ProjectSettingsViewer (165)
[2016.10.25-15.34.12:653][ 56]LogModuleManager: Shutting down and abandoning module InputBindingEditor (164)
[2016.10.25-15.34.12:653][ 56]LogModuleManager: Shutting down and abandoning module EditorSettingsViewer (163)
[2016.10.25-15.34.12:653][ 56]LogModuleManager: Shutting down and abandoning module SettingsEditor (162)
[2016.10.25-15.34.12:654][ 56]LogModuleManager: Shutting down and abandoning module ProjectLauncher (161)
[2016.10.25-15.34.12:654][ 56]LogModuleManager: Shutting down and abandoning module SessionFrontend (160)
[2016.10.25-15.34.12:654][ 56]LogModuleManager: Shutting down and abandoning module ProfilerClient (159)
[2016.10.25-15.34.12:654][ 56]LogModuleManager: Shutting down and abandoning module TargetDeviceServices (158)
[2016.10.25-15.34.12:654][ 56]LogModuleManager: Shutting down and abandoning module DeviceManager (157)
[2016.10.25-15.34.12:706][ 56]LogModuleManager: Shutting down and abandoning module AutomationController (156)
[2016.10.25-15.34.12:706][ 56]LogModuleManager: Shutting down and abandoning module AutomationWindow (155)
[2016.10.25-15.34.12:706][ 56]LogModuleManager: Shutting down and abandoning module Layers (154)
[2016.10.25-15.34.12:706][ 56]LogModuleManager: Shutting down and abandoning module ComponentVisualizers (153)
[2016.10.25-15.34.12:706][ 56]LogModuleManager: Shutting down and abandoning module DetailCustomizations (152)
[2016.10.25-15.34.12:706][ 56]LogModuleManager: Shutting down and abandoning module PackagesDialog (151)
[2016.10.25-15.34.12:706][ 56]LogModuleManager: Shutting down and abandoning module Persona (150)
[2016.10.25-15.34.12:706][ 56]LogModuleManager: Shutting down and abandoning module Kismet (149)
[2016.10.25-15.34.12:706][ 56]LogModuleManager: Shutting down and abandoning module GraphEditor (148)
[2016.10.25-15.34.12:706][ 56]LogModuleManager: Shutting down and abandoning module ClassViewer (147)
[2016.10.25-15.34.12:706][ 56]LogModuleManager: Shutting down and abandoning module Toolbox (146)
[2016.10.25-15.34.12:706][ 56]LogModuleManager: Shutting down and abandoning module ModuleUI (145)
[2016.10.25-15.34.12:706][ 56]LogModuleManager: Shutting down and abandoning module MovieSceneTools (144)
[2016.10.25-15.34.12:706][ 56]LogModuleManager: Shutting down and abandoning module OutputLog (143)
[2016.10.25-15.34.12:707][ 56]LogModuleManager: Shutting down and abandoning module GammaUI (142)
[2016.10.25-15.34.12:707][ 56]LogModuleManager: Shutting down and abandoning module Documentation (141)
[2016.10.25-15.34.12:707][ 56]LogModuleManager: Shutting down and abandoning module StreamingPauseRendering (140)
[2016.10.25-15.34.12:707][ 56]LogModuleManager: Shutting down and abandoning module AnalyticsET (139)
[2016.10.25-15.34.12:707][ 56]LogModuleManager: Shutting down and abandoning module Analytics (138)
[2016.10.25-15.34.12:707][ 56]LogModuleManager: Shutting down and abandoning module PortalServices (137)
[2016.10.25-15.34.12:707][ 56]LogModuleManager: Shutting down and abandoning module PortalRpc (136)
[2016.10.25-15.34.12:707][ 56]LogModuleManager: Shutting down and abandoning module MessagingRpc (135)
[2016.10.25-15.34.12:707][ 56]LogModuleManager: Shutting down and abandoning module GameplayDebugger (134)
[2016.10.25-15.34.12:707][ 56]LogModuleManager: Shutting down and abandoning module AITestSuite (133)
[2016.10.25-15.34.12:707][ 56]LogModuleManager: Shutting down and abandoning module AIModule (132)
[2016.10.25-15.34.12:707][ 56]LogModuleManager: Shutting down and abandoning module ProfilerService (131)
[2016.10.25-15.34.12:929][ 56]LogModuleManager: Shutting down and abandoning module TaskGraph (130)
[2016.10.25-15.34.12:929][ 56]LogModuleManager: Shutting down and abandoning module SubstanceEditor (129)
[2016.10.25-15.34.12:929][ 56]LogModuleManager: Shutting down and abandoning module SlateRemote (128)
[2016.10.25-15.34.12:929][ 56]LogModuleManager: Shutting down and abandoning module SteamVRController (127)
[2016.10.25-15.34.12:929][ 56]LogModuleManager: Shutting down and abandoning module SteamVR (126)
[2016.10.25-15.34.12:929][ 56]LogModuleManager: Shutting down and abandoning module ProceduralMeshComponent (125)
[2016.10.25-15.34.12:929][ 56]LogModuleManager: Shutting down and abandoning module OculusLibrary (124)
[2016.10.25-15.34.12:929][ 56]LogModuleManager: Shutting down and abandoning module OculusInput (123)
[2016.10.25-15.34.12:929][ 56]LogModuleManager: Shutting down and abandoning module CustomMeshComponent (122)
[2016.10.25-15.34.12:929][ 56]LogModuleManager: Shutting down and abandoning module CableComponent (121)
[2016.10.25-15.34.12:929][ 56]LogModuleManager: Shutting down and abandoning module ArchVisCharacter (120)
[2016.10.25-15.34.12:929][ 56]LogModuleManager: Shutting down and abandoning module MediaPlayerEditor (119)
[2016.10.25-15.34.12:930][ 56]LogModuleManager: Shutting down and abandoning module HTML5Networking (118)
[2016.10.25-15.34.12:930][ 56]LogModuleManager: Shutting down and abandoning module SuperSearch (117)
[2016.10.25-15.34.12:930][ 56]LogModuleManager: Shutting down and abandoning module SuperSearchEditor (116)
[2016.10.25-15.34.12:930][ 56]LogModuleManager: Shutting down and abandoning module SpeedTreeImporter (115)
[2016.10.25-15.34.12:930][ 56]LogModuleManager: Shutting down and abandoning module PluginBrowser (114)
[2016.10.25-15.34.12:930][ 56]LogModuleManager: Shutting down and abandoning module EpicSurvey (113)
[2016.10.25-15.34.12:930][ 56]LogModuleManager: Shutting down and abandoning module DesktopPlatform (112)
[2016.10.25-15.34.12:930][ 56]LogModuleManager: Shutting down and abandoning module VisualStudioSourceCodeAccess (111)
[2016.10.25-15.34.12:930][ 56]LogModuleManager: Shutting down and abandoning module UObjectPlugin (110)
[2016.10.25-15.34.12:930][ 56]LogModuleManager: Shutting down and abandoning module SubversionSourceControl (109)
[2016.10.25-15.34.12:930][ 56]LogModuleManager: Shutting down and abandoning module PerforceSourceControl (108)
[2016.10.25-15.34.12:930][ 56]LogModuleManager: Shutting down and abandoning module SourceControl (107)
[2016.10.25-15.34.12:930][ 56]LogModuleManager: Shutting down and abandoning module GitSourceControl (106)
[2016.10.25-15.34.12:930][ 56]LogModuleManager: Shutting down and abandoning module LightPropagationVolumeEditor (105)
[2016.10.25-15.34.12:930][ 56]LogModuleManager: Shutting down and abandoning module PaperTiledImporter (104)
[2016.10.25-15.34.12:930][ 56]LogModuleManager: Shutting down and abandoning module PaperSpriteSheetImporter (103)
[2016.10.25-15.34.12:930][ 56]LogModuleManager: Shutting down and abandoning module MeshPaint (102)
[2016.10.25-15.34.12:930][ 56]LogModuleManager: Shutting down and abandoning module PixelInspectorModule (101)
[2016.10.25-15.34.12:930][ 56]LogModuleManager: Shutting down and abandoning module HotReload (100)
[2016.10.25-15.34.12:931][ 56]LogModuleManager: Shutting down and abandoning module MainFrame (99)
[2016.10.25-15.34.12:931][ 56]LogModuleManager: Shutting down and abandoning module LevelEditor (98)
[2016.10.25-15.34.12:933][ 56]LogModuleManager: Shutting down and abandoning module ContentBrowser (97)
[2016.10.25-15.34.12:934][ 56]LogModuleManager: Shutting down and abandoning module Paper2DEditor (96)
[2016.10.25-15.34.12:934][ 56]LogModuleManager: Shutting down and abandoning module UdpMessaging (95)
[2016.10.25-15.34.13:035][ 56]LogModuleManager: Shutting down and abandoning module SubstanceCore (94)
[2016.10.25-15.34.13:035][ 56]LogModuleManager: Shutting down and abandoning module LightPropagationVolumeRuntime (93)
[2016.10.25-15.34.13:035][ 56]LogModuleManager: Shutting down and abandoning module Paper2D (92)
[2016.10.25-15.34.13:035][ 56]LogModuleManager: Shutting down and abandoning module WindowsMoviePlayer (91)
[2016.10.25-15.34.13:035][ 56]LogModuleManager: Shutting down and abandoning module Media (90)
[2016.10.25-15.34.13:035][ 56]LogModuleManager: Shutting down and abandoning module WmfMedia (89)
[2016.10.25-15.34.13:035][ 56]LogModuleManager: Shutting down and abandoning module MediaAssets (88)
[2016.10.25-15.34.13:035][ 56]LogModuleManager: Shutting down and abandoning module GameLiveStreaming (87)
[2016.10.25-15.34.13:035][ 56]LogModuleManager: Shutting down and abandoning module GameplayTagsEditor (86)
[2016.10.25-15.34.13:035][ 56]LogModuleManager: Shutting down and abandoning module OnlineBlueprintSupport (85)
[2016.10.25-15.34.13:035][ 56]LogModuleManager: Shutting down and abandoning module VREditor (84)
[2016.10.25-15.34.13:036][ 56]LogModuleManager: Shutting down and abandoning module GameplayTasksEditor (83)
[2016.10.25-15.34.13:036][ 56]LogModuleManager: Shutting down and abandoning module PropertyEditor (82)
[2016.10.25-15.34.13:036][ 56]LogModuleManager: Shutting down and abandoning module BehaviorTreeEditor (81)
[2016.10.25-15.34.13:036][ 56]LogModuleManager: Shutting down and abandoning module FunctionalTesting (80)
[2016.10.25-15.34.13:036][ 56]LogModuleManager: Shutting down and abandoning module CollisionAnalyzer (79)
[2016.10.25-15.34.13:036][ 56]LogModuleManager: Shutting down and abandoning module Sequencer (78)
[2016.10.25-15.34.13:036][ 56]LogModuleManager: Shutting down and abandoning module WorkspaceMenuStructure (77)
[2016.10.25-15.34.13:036][ 56]LogModuleManager: Shutting down and abandoning module MessageLog (76)
[2016.10.25-15.34.13:036][ 56]LogModuleManager: Shutting down and abandoning module AssetTools (75)
[2016.10.25-15.34.13:036][ 56]LogModuleManager: Shutting down and abandoning module UMGEditor (74)
[2016.10.25-15.34.13:036][ 56]LogModuleManager: Shutting down and abandoning module UMG (73)
[2016.10.25-15.34.13:036][ 56]LogModuleManager: Shutting down and abandoning module SlateReflector (72)
[2016.10.25-15.34.13:036][ 56]LogModuleManager: Shutting down and abandoning module Slate (71)
[2016.10.25-15.34.13:036][ 56]LogModuleManager: Shutting down and abandoning module EditorStyle (70)
[2016.10.25-15.34.13:044][ 56]LogModuleManager: Shutting down and abandoning module SourceCodeAccess (69)
[2016.10.25-15.34.13:044][ 56]LogModuleManager: Shutting down and abandoning module HeadMountedDisplay (68)
[2016.10.25-15.34.13:044][ 56]LogModuleManager: Shutting down and abandoning module XAudio2 (67)
[2016.10.25-15.34.13:044][ 56]LogModuleManager: Shutting down and abandoning module Networking (65)
[2016.10.25-15.34.13:044][ 56]LogModuleManager: Shutting down and abandoning module Core (64)
[2016.10.25-15.34.13:044][ 56]LogModuleManager: Shutting down and abandoning module DirectoryWatcher (63)
[2016.10.25-15.34.13:045][ 56]LogModuleManager: Shutting down and abandoning module AssetRegistry (62)
[2016.10.25-15.34.13:274][ 56]LogModuleManager: Shutting down and abandoning module KismetCompiler (61)
[2016.10.25-15.34.13:274][ 56]LogModuleManager: Shutting down and abandoning module PhysXFormats (60)
[2016.10.25-15.34.13:275][ 56]LogModuleManager: Shutting down and abandoning module MeshUtilities (59)
[2016.10.25-15.34.13:275][ 56]LogModuleManager: Shutting down and abandoning module DerivedDataCache (58)
[2016.10.25-15.34.13:773][ 56]LogDerivedDataCache: Shutdown
[2016.10.25-15.34.13:773][ 56]LogModuleManager: Shutting down and abandoning module VulkanShaderFormat (57)
[2016.10.25-15.34.13:773][ 56]LogModuleManager: Shutting down and abandoning module ShaderFormatOpenGL (56)
[2016.10.25-15.34.13:773][ 56]LogModuleManager: Shutting down and abandoning module ShaderFormatD3D (55)
[2016.10.25-15.34.13:773][ 56]LogModuleManager: Shutting down and abandoning module MetalShaderFormat (54)
[2016.10.25-15.34.13:773][ 56]LogModuleManager: Shutting down and abandoning module TextureFormatUncompressed (53)
[2016.10.25-15.34.13:773][ 56]LogModuleManager: Shutting down and abandoning module TextureFormatPVR (52)
[2016.10.25-15.34.13:773][ 56]LogModuleManager: Shutting down and abandoning module TextureFormatIntelISPCTexComp (51)
[2016.10.25-15.34.13:773][ 56]LogModuleManager: Shutting down and abandoning module TextureFormatDXT (50)
[2016.10.25-15.34.13:773][ 56]LogModuleManager: Shutting down and abandoning module ImageWrapper (49)
[2016.10.25-15.34.13:773][ 56]LogModuleManager: Shutting down and abandoning module TextureFormatASTC (48)
[2016.10.25-15.34.13:773][ 56]LogModuleManager: Shutting down and abandoning module TextureFormatAndroid (47)
[2016.10.25-15.34.13:773][ 56]LogModuleManager: Shutting down and abandoning module AudioFormatOpus (46)
[2016.10.25-15.34.13:773][ 56]LogModuleManager: Shutting down and abandoning module AudioFormatOgg (45)
[2016.10.25-15.34.13:773][ 56]LogModuleManager: Shutting down and abandoning module AudioFormatADPCM (44)
[2016.10.25-15.34.13:773][ 56]LogModuleManager: Shutting down and abandoning module LinuxTargetPlatform (43)
[2016.10.25-15.34.13:773][ 56]LogModuleManager: Shutting down and abandoning module LinuxServerTargetPlatform (42)
[2016.10.25-15.34.13:773][ 56]LogModuleManager: Shutting down and abandoning module LinuxNoEditorTargetPlatform (41)
[2016.10.25-15.34.13:773][ 56]LogModuleManager: Shutting down and abandoning module TVOSTargetPlatform (40)
[2016.10.25-15.34.13:773][ 56]LogModuleManager: Shutting down and abandoning module Messaging (39)
[2016.10.25-15.34.13:774][ 56]LogModuleManager: Shutting down and abandoning module IOSTargetPlatform (38)
[2016.10.25-15.34.13:774][ 56]LogModuleManager: Shutting down and abandoning module HTML5TargetPlatform (37)
[2016.10.25-15.34.13:774][ 56]LogModuleManager: Shutting down and abandoning module Android_PVRTCTargetPlatform (36)
[2016.10.25-15.34.13:774][ 56]LogModuleManager: Shutting down and abandoning module Android_MultiTargetPlatform (35)
[2016.10.25-15.34.13:774][ 56]LogModuleManager: Shutting down and abandoning module Android_ETC2TargetPlatform (34)
[2016.10.25-15.34.13:774][ 56]LogModuleManager: Shutting down and abandoning module Android_ETC1TargetPlatform (33)
[2016.10.25-15.34.13:774][ 56]LogModuleManager: Shutting down and abandoning module Android_DXTTargetPlatform (32)
[2016.10.25-15.34.13:774][ 56]LogModuleManager: Shutting down and abandoning module Android_ATCTargetPlatform (31)
[2016.10.25-15.34.13:774][ 56]LogModuleManager: Shutting down and abandoning module Android_ASTCTargetPlatform (30)
[2016.10.25-15.34.13:774][ 56]LogModuleManager: Shutting down and abandoning module AndroidTargetPlatform (29)
[2016.10.25-15.34.13:774][ 56]LogModuleManager: Shutting down and abandoning module WindowsTargetPlatform (28)
[2016.10.25-15.34.13:774][ 56]LogModuleManager: Shutting down and abandoning module WindowsServerTargetPlatform (27)
[2016.10.25-15.34.13:774][ 56]LogModuleManager: Shutting down and abandoning module WindowsNoEditorTargetPlatform (26)
[2016.10.25-15.34.13:774][ 56]LogModuleManager: Shutting down and abandoning module WindowsClientTargetPlatform (25)
[2016.10.25-15.34.13:774][ 56]LogModuleManager: Shutting down and abandoning module AllDesktopTargetPlatform (24)
[2016.10.25-15.34.13:774][ 56]LogModuleManager: Shutting down and abandoning module TargetPlatform (23)
[2016.10.25-15.34.13:774][ 56]LogModuleManager: Shutting down and abandoning module InputCore (22)
[2016.10.25-15.34.13:774][ 56]LogModuleManager: Shutting down and abandoning module Settings (21)
[2016.10.25-15.34.13:774][ 56]LogModuleManager: Shutting down and abandoning module OnlineSubsystem (19)
[2016.10.25-15.34.13:774][ 56]LogModuleManager: Shutting down and abandoning module HTTP (18)
[2016.10.25-15.34.18:294][ 56]LogModuleManager: Shutting down and abandoning module XMPP (17)
[2016.10.25-15.34.18:294][ 56]LogModuleManager: Shutting down and abandoning module OculusRift (16)
[2016.10.25-15.34.18:294][ 56]LogModuleManager: Shutting down and abandoning module ExampleDeviceProfileSelector (15)
[2016.10.25-15.34.18:294][ 56]LogModuleManager: Shutting down and abandoning module TextureCompressor (14)
[2016.10.25-15.34.18:295][ 56]LogModuleManager: Shutting down and abandoning module ShaderCore (13)
[2016.10.25-15.34.18:295][ 56]LogModuleManager: Shutting down and abandoning module Landscape (12)
[2016.10.25-15.34.18:295][ 56]LogModuleManager: Shutting down and abandoning module SlateRHIRenderer (11)
[2016.10.25-15.34.18:297][ 56]LogModuleManager: Shutting down and abandoning module OpenGLDrv (10)
[2016.10.25-15.34.18:297][ 56]LogModuleManager: Shutting down and abandoning module D3D11RHI (9)
[2016.10.25-15.34.18:297][ 56]LogModuleManager: Shutting down and abandoning module AnimGraphRuntime (8)
[2016.10.25-15.34.18:297][ 56]LogModuleManager: Shutting down and abandoning module Renderer (7)
[2016.10.25-15.34.18:297][ 56]LogModuleManager: Shutting down and abandoning module Engine (6)
[2016.10.25-15.34.18:297][ 56]LogModuleManager: Shutting down and abandoning module CoreUObject (5)
[2016.10.25-15.34.18:297][ 56]LogModuleManager: Shutting down and abandoning module NetworkFile (4)
[2016.10.25-15.34.18:297][ 56]LogModuleManager: Shutting down and abandoning module StreamingFile (3)
[2016.10.25-15.34.18:297][ 56]LogModuleManager: Shutting down and abandoning module SandboxFile (2)
[2016.10.25-15.34.18:297][ 56]LogModuleManager: Shutting down and abandoning module PakFile (1)
[2016.10.25-15.34.18:300][ 56]LogExit: Exiting.
[2016.10.25-15.34.18:303][ 56]Log file closed, 10/25/16 16:34:18
