Log file open, 10/25/16 16:30:33
LogInit:Display: Running engine for game: MyProject
LogPlatformFile: Not using cached read wrapper
LogInit:Display: RandInit(-520099859) SRandInit(-520099857).
LogTaskGraph: Started task graph with 4 named threads and 7 total threads with 1 sets of task threads.
LogStats: Stats thread started at 0.077165
LogInit: Version: 4.12.5-3039270+++UE4+Release-4.12
LogInit: API Version: 2992821
LogInit: Net Version: 3039270
LogDevObjectVersion: Number of dev versions registered: 13
LogDevObjectVersion:   Dev-Blueprints (B0D832E4-1F89-4F0D-ACCF-7EB736FD4AA2): 3
LogDevObjectVersion:   Dev-Build (E1C64328-A22C-4D53-A36C-8E866417BD8C): 0
LogDevObjectVersion:   Dev-Core (375EC13C-06E4-48FB-B500-84F0262A717E): 1
LogDevObjectVersion:   Dev-Editor (E4B068ED-F494-42E9-A231-DA0B2E46BB41): 2
LogDevObjectVersion:   Dev-Framework (CFFC743F-43B0-4480-9391-14DF171D2073): 6
LogDevObjectVersion:   Dev-Mobile (B02B49B5-BB20-44E9-A304-32B752E40360): 0
LogDevObjectVersion:   Dev-Networking (A4E4105C-59A1-49B5-A7C5-40C4547EDFEE): 0
LogDevObjectVersion:   Dev-Online (39C831C9-5AE6-47DC-9A44-9C173E1C8E7C): 0
LogDevObjectVersion:   Dev-Physics (78F01B33-EBEA-4F98-B9B4-84EACCB95AA2): 0
LogDevObjectVersion:   Dev-Platform (6631380F-2D4D-43E0-8009-CF276956A95A): 0
LogDevObjectVersion:   Dev-Rendering (12F88B9F-8875-4AFC-A67C-D90C383ABD29): 2
LogDevObjectVersion:   Dev-Sequencer (7B5AE74C-D270-4C10-A958-57980B212A5A): 0
LogDevObjectVersion:   Dev-VR (D7296918-1DD6-4BDD-9DE2-64A83CC13884): 0
LogInit: Compiled (64-bit): Jul  6 2016 09:09:46
LogInit: Compiled with Visual C++: 19.00.23026.00
LogInit: Build Configuration: Development
LogInit: Branch Name: ++UE4+Release-4.12
LogInit: Command line:  
LogInit: Base directory: C:/Program Files (x86)/Epic Games/4.12/Engine/Binaries/Win64/
LogInit: Installed Engine Build: 1
LogInit: Using libcurl 7.41.0
LogInit:  - built for x86_64-pc-win32
LogInit:  - supports SSL with WinSSL
LogInit:  - other features:
LogInit:      CURL_VERSION_SSL
LogInit:      CURL_VERSION_IPV6
LogInit:      CURL_VERSION_ASYNCHDNS
LogInit:      CURL_VERSION_LARGEFILE
LogInit:      CURL_VERSION_IDN
LogInit:  CurlRequestOptions (configurable via config and command line):
LogInit:  - bVerifyPeer = true  - Libcurl will verify peer certificate
LogInit:  - bUseHttpProxy = false  - Libcurl will NOT use HTTP proxy
LogInit:  - bDontReuseConnections = false  - Libcurl will reuse connections
LogInit:  - CertBundlePath = nullptr  - Libcurl will use whatever was configured at build time.
LogInit: Presizing for max 8388607 objects, including 0 objects not considered by GC, pre-allocating 0 bytes for permanent pool.
LogInit: Object subsystem initialized
[2016.10.25-15.30.33:316][  0]LogInit: Selected Device Profile: [Windows]
[2016.10.25-15.30.33:316][  0]LogInit: Applying CVar settings loaded from the selected device profile: [Windows]
[2016.10.25-15.30.33:328][  0]LogInit: Computer: C108-14
[2016.10.25-15.30.33:328][  0]LogInit: User: r018136e
[2016.10.25-15.30.33:328][  0]LogInit: CPU Page size=65536, Cores=4
[2016.10.25-15.30.33:328][  0]LogInit: High frequency timer resolution =3.507178 MHz
[2016.10.25-15.30.33:328][  0]LogMemory: Memory total: Physical=15.9GB (16GB approx)
[2016.10.25-15.30.33:328][  0]LogMemory: Platform Memory Stats for Windows
[2016.10.25-15.30.33:328][  0]LogMemory: Process Physical Memory: 191.16 MB used, 191.16 MB peak
[2016.10.25-15.30.33:328][  0]LogMemory: Process Virtual Memory: 195.29 MB used, 195.29 MB peak
[2016.10.25-15.30.33:328][  0]LogMemory: Physical Memory: 5567.06 MB used, 16307.88 MB total
[2016.10.25-15.30.33:328][  0]LogMemory: Virtual Memory: 555.01 MB used, 134217728.00 MB total
[2016.10.25-15.30.33:362][  0]LogTextLocalizationManager: No specific translations for ('en-GB') exist, so ('en') translations will be used.
[2016.10.25-15.30.33:722][  0]LogD3D11RHI: D3D11 adapters:
[2016.10.25-15.30.33:750][  0]LogD3D11RHI:    0. 'NVIDIA GeForce GTX 660 Ti' (Feature Level 11_0)
[2016.10.25-15.30.33:750][  0]LogD3D11RHI:       1988/0/8153 MB DedicatedVideo/DedicatedSystem/SharedSystem, Outputs:2, VendorId:0x10de
[2016.10.25-15.30.33:753][  0]LogD3D11RHI:    1. 'Microsoft Basic Render Driver' (Feature Level 11_0)
[2016.10.25-15.30.33:753][  0]LogD3D11RHI:       0/0/8153 MB DedicatedVideo/DedicatedSystem/SharedSystem, Outputs:0, VendorId:0x1414
[2016.10.25-15.30.33:753][  0]LogD3D11RHI: Chosen D3D11 Adapter: 0
[2016.10.25-15.30.33:757][  0]LogD3D11RHI: Creating new Direct3DDevice
[2016.10.25-15.30.33:757][  0]LogD3D11RHI:     GPU DeviceId: 0x1183 (for the marketing name, search the web for "GPU Device Id")
[2016.10.25-15.30.33:757][  0]LogWindows: EnumDisplayDevices:
[2016.10.25-15.30.33:757][  0]LogWindows:    0. 'NVIDIA GeForce GTX 660 Ti' (P:1 D:1)
[2016.10.25-15.30.33:757][  0]LogWindows:    1. 'NVIDIA GeForce GTX 660 Ti' (P:0 D:1)
[2016.10.25-15.30.33:757][  0]LogWindows:    2. 'NVIDIA GeForce GTX 660 Ti' (P:0 D:0)
[2016.10.25-15.30.33:758][  0]LogWindows:    3. 'NVIDIA GeForce GTX 660 Ti' (P:0 D:0)
[2016.10.25-15.30.33:758][  0]LogWindows: DebugString: FoundDriverCount:4 
[2016.10.25-15.30.33:758][  0]LogD3D11RHI:     Adapter Name: NVIDIA GeForce GTX 660 Ti
[2016.10.25-15.30.33:758][  0]LogD3D11RHI:   Driver Version: 353.54 (internal:10.18.13.5354, unified:353.54)
[2016.10.25-15.30.33:758][  0]LogD3D11RHI:      Driver Date: 7-13-2015
[2016.10.25-15.30.33:758][  0]LogRHI: Texture pool is 1361 MB (70% of 1945 MB)
[2016.10.25-15.30.33:771][  0]LogD3D11RHI: Async texture creation enabled
[2016.10.25-15.30.33:787][  0]LogD3D11RHI: GPU Timing Frequency: 1000.000000 (Debug: 2 2)
[2016.10.25-15.30.33:787][  0]LogShaderCompilers: Guid format shader working directory is -18 characters bigger than the processId version (../../../../../../Users/r018136e/Documents/NutandBolt/Nut and Bolt/Intermediate/Shaders/WorkingDirectory/13988/).
[2016.10.25-15.30.33:788][  0]LogShaderCompilers: Cleaned the shader compiler working directory 'C:/Users/r018136e/AppData/Local/Temp/UnrealShaderWorkingDir/F51D2A1B41FC25D8D33938BF005A99E2/'.
[2016.10.25-15.30.33:788][  0]LogShaderCompilers:Display: Using Local Shader Compiler.
[2016.10.25-15.30.34:831][  0]LogTemp:Display: Loaded TP AllDesktopTargetPlatform
[2016.10.25-15.30.34:841][  0]LogTemp:Display: Loaded TP WindowsClientTargetPlatform
[2016.10.25-15.30.34:851][  0]LogTemp:Display: Loaded TP WindowsNoEditorTargetPlatform
[2016.10.25-15.30.34:861][  0]LogTemp:Display: Loaded TP WindowsServerTargetPlatform
[2016.10.25-15.30.34:870][  0]LogTemp:Display: Loaded TP WindowsTargetPlatform
[2016.10.25-15.30.34:879][  0]LogTemp:Display: Loaded TP AndroidTargetPlatform
[2016.10.25-15.30.34:887][  0]LogTemp:Display: Loaded TP Android_ASTCTargetPlatform
[2016.10.25-15.30.34:895][  0]LogTemp:Display: Loaded TP Android_ATCTargetPlatform
[2016.10.25-15.30.34:903][  0]LogTemp:Display: Loaded TP Android_DXTTargetPlatform
[2016.10.25-15.30.34:912][  0]LogTemp:Display: Loaded TP Android_ETC1TargetPlatform
[2016.10.25-15.30.34:920][  0]LogTemp:Display: Loaded TP Android_ETC2TargetPlatform
[2016.10.25-15.30.34:936][  0]LogTemp:Display: Loaded TP Android_MultiTargetPlatform
[2016.10.25-15.30.34:936][  0]LogTemp:Display: Loaded TP Android_PVRTCTargetPlatform
[2016.10.25-15.30.34:937][  0]LogTemp:Display: Loaded TP HTML5TargetPlatform
[2016.10.25-15.30.34:973][  0]LogTemp:Display: Loaded TP IOSTargetPlatform
[2016.10.25-15.30.34:981][  0]LogTemp:Display: Loaded TP TVOSTargetPlatform
[2016.10.25-15.30.34:989][  0]LogTemp:Display: Loaded TP LinuxNoEditorTargetPlatform
[2016.10.25-15.30.34:997][  0]LogTemp:Display: Loaded TP LinuxServerTargetPlatform
[2016.10.25-15.30.35:005][  0]LogTemp:Display: Loaded TP LinuxTargetPlatform
[2016.10.25-15.30.35:005][  0]LogTargetPlatformManager:Display: Building Assets For Windows
[2016.10.25-15.30.35:094][  0]LogDerivedDataCache:Display: Max Cache Size: 512 MB
[2016.10.25-15.30.35:142][  0]LogDerivedDataCache: Loaded boot cache 0.05s 48MB C:/Users/r018136e/AppData/Local/UnrealEngine/4.12/DerivedDataCache/Boot.ddc.
[2016.10.25-15.30.35:142][  0]LogDerivedDataCache:Display: Loaded Boot cache: C:/Users/r018136e/AppData/Local/UnrealEngine/4.12/DerivedDataCache/Boot.ddc
[2016.10.25-15.30.35:142][  0]LogDerivedDataCache: FDerivedDataBackendGraph:  Pak pak cache file ../../../../../../Users/r018136e/Documents/NutandBolt/Nut and Bolt/DerivedDataCache/DDC.ddp not found, will not use a pak cache.
[2016.10.25-15.30.35:142][  0]LogDerivedDataCache: Unable to find inner node Pak for hierarchical cache Hierarchy.
[2016.10.25-15.30.35:142][  0]LogDerivedDataCache: FDerivedDataBackendGraph:  CompressedPak pak cache file ../../../../../../Users/r018136e/Documents/NutandBolt/Nut and Bolt/DerivedDataCache/Compressed.ddp not found, will not use a pak cache.
[2016.10.25-15.30.35:142][  0]LogDerivedDataCache: Unable to find inner node CompressedPak for hierarchical cache Hierarchy.
[2016.10.25-15.30.35:159][  0]LogDerivedDataCache:Display: Pak cache opened for reading ../../../Engine/DerivedDataCache/Compressed.ddp.
[2016.10.25-15.30.35:172][  0]LogDerivedDataCache: Using Local data cache path C:/Users/r018136e/AppData/Local/UnrealEngine/Common/DerivedDataCache: Writable
[2016.10.25-15.30.35:390][  0]LogInit: Selected Device Profile: [Windows]
[2016.10.25-15.30.35:391][  0]LogContentStreaming: Texture pool size is 0.00 MB
[2016.10.25-15.30.35:616][  0]LogMeshUtilities: No automatic mesh reduction module available
[2016.10.25-15.30.35:616][  0]LogMeshUtilities: No automatic mesh merging module available
[2016.10.25-15.30.35:616][  0]LogMeshUtilities: No distributed automatic mesh merging module available
[2016.10.25-15.30.35:908][  0]LogAssetRegistry: FAssetRegistry took 0.0221 seconds to start up
[2016.10.25-15.30.35:946][  0]LogPackageLocalizationCache: Processed 3 localized package path(s) for 2 prioritized culture(s) in 0.034943 seconds
[2016.10.25-15.30.35:951][  0]LogUObjectArray: 28739 objects as part of root set at end of initial load.
[2016.10.25-15.30.35:951][  0]LogUObjectAllocator: 5855624 out of 0 bytes used by permanent object pool.
[2016.10.25-15.30.35:951][  0]LogUObjectArray: CloseDisregardForGC: 0/0 objects in disregard for GC pool
[2016.10.25-15.30.35:958][  0]LogInit: WinSock: version 1.1 (2.2), MaxSocks=32767, MaxUdp=65467
[2016.10.25-15.30.36:154][  0]LogSlate: SlateFontCache - WITH_FREETYPE: 1, WITH_HARFBUZZ: 1
[2016.10.25-15.30.36:154][  0]LogSlate: SlateFontCache - WITH_FREETYPE: 1, WITH_HARFBUZZ: 1
[2016.10.25-15.30.37:050][  0]LogSubstanceCoreModule: Substance CPU Engine Loaded, Max Texture Size 2048
[2016.10.25-15.30.37:061][  0]LogUdpMessaging: Initializing bridge on interface 0.0.0.0:0 to multicast group 230.0.0.1:6666.
[2016.10.25-15.30.37:353][  0]SourceControl: Info Source control is disabled
[2016.10.25-15.30.37:411][  0]SourceControl: Info Source control is disabled
[2016.10.25-15.30.37:426][  0]SourceControl: Info Source control is disabled
[2016.10.25-15.30.37:440][  0]SourceControl: Info Source control is disabled
[2016.10.25-15.30.37:737][  0]LogEngine: Initializing Engine...
[2016.10.25-15.30.37:738][  0]LogHMD: SteamVR failed to initialize.  Err: 110
[2016.10.25-15.30.37:739][  0]LogHMD: SteamVR failed to initialize.  Err: 110
[2016.10.25-15.30.37:892][  0]LogAIModule: Creating AISystem for world NewWorld
[2016.10.25-15.30.37:896][  0]LogInit: XAudio2 using 'Speakers (Realtek High Definition Audio)' : 2 channels at 48 kHz using 32 bits per sample (channel mask 0x3)
[2016.10.25-15.30.37:908][  0]LogInit: FAudioDevice initialized.
[2016.10.25-15.30.37:930][  0]LogDerivedDataCache: Saved boot cache 0.02s 48MB C:/Users/r018136e/AppData/Local/UnrealEngine/4.12/DerivedDataCache/Boot.ddc.
[2016.10.25-15.30.37:936][  0]LogInit: Texture streaming: Enabled
[2016.10.25-15.30.37:963][  0]LogInit: Transaction tracking system initialized
[2016.10.25-15.30.37:995][  0]BlueprintLog: New page: Editor Load
[2016.10.25-15.30.38:095][  0]LocalizationService: Info Localization service is disabled
[2016.10.25-15.30.38:166][  0]LogConsoleResponse:Display: 
[2016.10.25-15.30.38:285][  0]LogCook:Display: Max memory allowance for cook 8192mb
[2016.10.25-15.30.38:285][  0]LogCook:Display: Mobile HDR setting 1
[2016.10.25-15.30.38:394][  0]LogFileCache: Scanning file cache for directory 'C:/Users/r018136e/Documents/NutandBolt/Nut and Bolt/Content/' took 0.02s
[2016.10.25-15.30.38:394][  0]SourceControl: Info Source control is disabled
[2016.10.25-15.30.38:394][  0]Cmd: MAP LOAD FILE="../../../../../../Users/r018136e/Documents/NutandBolt/Nut and Bolt/Content/SideScrollerBP/Maps/NinjaArenaPrototype.umap" TEMPLATE=0 SHOWPROGRESS=1 FEATURELEVEL=3
[2016.10.25-15.30.38:395][  0]LightingResults: New page: Lighting Build
[2016.10.25-15.30.38:398][  0]MapCheck: New page: Map Check
[2016.10.25-15.30.38:398][  0]LightingResults: New page: Lighting Build
[2016.10.25-15.30.39:908][  0]LogAIModule: Creating AISystem for world NinjaArenaPrototype
[2016.10.25-15.30.39:919][  0]LogEditorServer: Finished looking for orphan Actors (0.000 secs)
[2016.10.25-15.30.39:920][  0]Cmd: MAP CHECKDEP NOCLEARLOG
[2016.10.25-15.30.40:010][  0]MapCheck: Info Map check complete: 0 Error(s), 0 Warning(s), took 90.279ms to complete.
[2016.10.25-15.30.40:010][  0]LogFileHelpers: Loading map 'NinjaArenaPrototype' took 1.616
[2016.10.25-15.30.40:192][  0]LogCollectionManager: Loaded 0 collections in 0.001861 seconds
[2016.10.25-15.30.40:250][  0]LogFileCache: Scanning file cache for directory 'C:/Users/r018136e/Documents/NutandBolt/Nut and Bolt/Saved/Collections/' took 0.01s
[2016.10.25-15.30.40:250][  0]LogFileCache: Scanning file cache for directory 'C:/Users/r018136e/Documents/NutandBolt/Nut and Bolt/Content/Developers/r018136e/Collections/' took 0.01s
[2016.10.25-15.30.40:251][  0]LogFileCache: Scanning file cache for directory 'C:/Users/r018136e/Documents/NutandBolt/Nut and Bolt/Content/Collections/' took 0.01s
[2016.10.25-15.30.40:251][  0]LogCollectionManager: Rebuilt the GUID cache for 0 collections in 0.000007 seconds
[2016.10.25-15.30.40:272][  0]LogContentBrowser: Native class hierarchy populated in 0.0215 seconds. Added 2062 classes and 375 folders.
[2016.10.25-15.30.40:276][  0]LogStats: UGameplayTagsManager::ConstructGameplayTagTree: Construct from data asset -  0.000 s
[2016.10.25-15.30.40:276][  0]LogStats: UGameplayTagsManager::ConstructGameplayTagTree: GameplayTagTreeChangedEvent.Broadcast -  0.000 s
[2016.10.25-15.30.40:277][  0]LogContentBrowser: Native class hierarchy updated for 'GameplayTags' in 0.0006 seconds. Added 12 classes and 0 folders.
[2016.10.25-15.30.40:282][  0]LogContentBrowser: Native class hierarchy updated for 'WidgetCarousel' in 0.0005 seconds. Added 0 classes and 0 folders.
[2016.10.25-15.30.40:344][  0]LogContentBrowser: Native class hierarchy updated for 'AddContentDialog' in 0.0006 seconds. Added 0 classes and 0 folders.
[2016.10.25-15.30.40:348][  0]LogContentBrowser: Native class hierarchy updated for 'SceneOutliner' in 0.0005 seconds. Added 1 classes and 2 folders.
[2016.10.25-15.30.40:362][  0]LogCrashTracker: Crashtracker disabled due to settings.
[2016.10.25-15.30.40:422][  0]LogContentBrowser: Native class hierarchy updated for 'HierarchicalLODOutliner' in 0.0006 seconds. Added 1 classes and 2 folders.
[2016.10.25-15.30.40:423][  0]LogLoad: Full Startup: 8.02 seconds (BP compile: 0.43 seconds)
[2016.10.25-15.30.40:423][  0]LogExternalProfiler: Found external profiler: VSPerf
[2016.10.25-15.30.40:423][  0]LogExternalProfiler: Using external profiler: VSPerf
[2016.10.25-15.30.40:432][  0]LogOcInput: OculusInput pre-init called
[2016.10.25-15.30.40:450][  0]LogContentStreaming: Texture pool size now 1000 MB
[2016.10.25-15.30.40:633][  0]LogRenderer: Reallocating scene render targets to support 1208x576 (Frame:2).
[2016.10.25-15.30.40:779][  2]LogAssetRegistry: Asset discovery search completed in 4.8941 seconds
[2016.10.25-15.30.40:780][  2]LogCollectionManager: Rebuilt the object cache for 0 collections in 0.000001 seconds (found 0 objects)
[2016.10.25-15.30.40:780][  2]LogCollectionManager: Fixed up redirectors for 0 collections in 0.000318 seconds (updated 0 objects)
[2016.10.25-15.32.41:767][805]LogObjectTools:Warning: ForceReplaceReferences replaced references for a transient object 'DEADCLASS_AudioSettings_C_0' or package '/Engine/Transient'.
[2016.10.25-15.32.41:767][805]LogObjectTools:Warning: ForceReplaceReferences replaced references for a transient object 'DEADCLASS_AudioSettings_C_1' or package '/Engine/Transient'.
[2016.10.25-15.32.41:767][805]LogObjectTools:Warning: ForceReplaceReferences replaced references for a transient object 'AudioSettings_116' or package '/Game/SideScrollerBP/UIWidgets/Settings'.
[2016.10.25-15.32.41:767][805]LogObjectTools:Warning: ForceReplaceReferences replaced references for a transient object 'REINST_SKEL_AudioSettings_C_13' or package '/Engine/Transient'.
[2016.10.25-15.32.41:767][805]LogObjectTools:Warning: ForceReplaceReferences replaced references for a transient object 'REINST_AudioSettings_C_12' or package '/Engine/Transient'.
[2016.10.25-15.32.44:086][928]LogObjectTools:Warning: ForceReplaceReferences replaced references for a transient object 'DEADCLASS_MainMenu_C_2' or package '/Engine/Transient'.
[2016.10.25-15.32.44:086][928]LogObjectTools:Warning: ForceReplaceReferences replaced references for a transient object 'REINST_MainMenu_C_14' or package '/Engine/Transient'.
[2016.10.25-15.32.44:086][928]LogObjectTools:Warning: ForceReplaceReferences replaced references for a transient object 'DEADCLASS_MainMenu_C_3' or package '/Engine/Transient'.
[2016.10.25-15.32.44:086][928]LogObjectTools:Warning: ForceReplaceReferences replaced references for a transient object 'MainMenuRef' or package '/Game/SideScrollerBP/Blueprints/SideScrollerGameInstance'.
[2016.10.25-15.32.44:086][928]LogObjectTools:Warning: ForceReplaceReferences replaced references for a transient object 'REINST_SKEL_MainMenu_C_15' or package '/Engine/Transient'.
[2016.10.25-15.32.51:476][650]LogObjectTools:Warning: ForceReplaceReferences replaced references for a transient object 'REINST_GraphicsSettings_C_16' or package '/Engine/Transient'.
[2016.10.25-15.32.51:476][650]LogObjectTools:Warning: ForceReplaceReferences replaced references for a transient object 'DEADCLASS_GraphicsSettings_C_4' or package '/Engine/Transient'.
[2016.10.25-15.32.51:476][650]LogObjectTools:Warning: ForceReplaceReferences replaced references for a transient object 'DEADCLASS_GraphicsSettings_C_5' or package '/Engine/Transient'.
[2016.10.25-15.32.51:476][650]LogObjectTools:Warning: ForceReplaceReferences replaced references for a transient object 'GraphicsSettings' or package '/Game/SideScrollerBP/UIWidgets/Settings'.
[2016.10.25-15.32.51:476][650]LogObjectTools:Warning: ForceReplaceReferences replaced references for a transient object 'REINST_SKEL_GraphicsSettings_C_17' or package '/Engine/Transient'.
[2016.10.25-15.32.53:404][721]LogObjectTools:Warning: ForceReplaceReferences replaced references for a transient object 'DEADCLASS_GameSetup_C_6' or package '/Engine/Transient'.
[2016.10.25-15.32.53:404][721]LogObjectTools:Warning: ForceReplaceReferences replaced references for a transient object 'DEADCLASS_GameSetup_C_7' or package '/Engine/Transient'.
[2016.10.25-15.32.53:405][721]LogObjectTools:Warning: ForceReplaceReferences replaced references for a transient object 'REINST_GameSetup_C_18' or package '/Engine/Transient'.
[2016.10.25-15.32.53:405][721]LogObjectTools:Warning: ForceReplaceReferences replaced references for a transient object 'SetupMenuRef' or package '/Game/SideScrollerBP/Blueprints/SideScrollerGameInstance'.
[2016.10.25-15.32.53:405][721]LogObjectTools:Warning: ForceReplaceReferences replaced references for a transient object 'REINST_SKEL_GameSetup_C_19' or package '/Engine/Transient'.
[2016.10.25-15.32.55:153][817]LogObjectTools:Warning: ForceReplaceReferences replaced references for a transient object 'REINST_GameUI_C_20' or package '/Engine/Transient'.
[2016.10.25-15.32.55:153][817]LogObjectTools:Warning: ForceReplaceReferences replaced references for a transient object 'DEADCLASS_GameUI_C_8' or package '/Engine/Transient'.
[2016.10.25-15.32.55:153][817]LogObjectTools:Warning: ForceReplaceReferences replaced references for a transient object 'DEADCLASS_GameUI_C_9' or package '/Engine/Transient'.
[2016.10.25-15.32.55:154][817]LogObjectTools:Warning: ForceReplaceReferences replaced references for a transient object 'PlayerUIRef' or package '/Game/SideScrollerBP/Blueprints/SideScrollerGameInstance'.
[2016.10.25-15.32.55:154][817]LogObjectTools:Warning: ForceReplaceReferences replaced references for a transient object 'REINST_SKEL_GameUI_C_21' or package '/Engine/Transient'.
[2016.10.25-15.33.01:361][463]LogContentBrowser: Native class hierarchy updated for 'BlueprintGraph' in 0.0012 seconds. Added 111 classes and 0 folders.
[2016.10.25-15.33.18:950][802]BlueprintLog: New page: Compile SideScrollerGameInstance
[2016.10.25-15.33.18:996][802]LogBlueprint:Error: Compiler Error Spawn node  Create Widget  must have a class specified.
[2016.10.25-15.33.18:996][802]LogBlueprint:Error: Compiler Error Spawn node  Create Widget  must have a class specified.
[2016.10.25-15.33.18:997][802]LogBlueprint:Error: Compiler Error Spawn node  Create Widget  must have a class specified.
[2016.10.25-15.33.19:000][802]LogBlueprint:Error: Compiler Error This blueprint (self) is not compatible with ' Target ', therefore that pin must have a connection.
[2016.10.25-15.33.19:000][802]LogBlueprint:Error: Compiler Error The property associated with  Start  could not be found
[2016.10.25-15.33.19:000][802]LogBlueprint:Error: Compiler Error This blueprint (self) is not a UserWidget, therefore ' Target ' must have a connection.
[2016.10.25-15.33.19:000][802]LogBlueprint:Error: Compiler Error This blueprint (self) is not a UserWidget, therefore ' Target ' must have a connection.
[2016.10.25-15.33.19:000][802]LogBlueprint:Error: Compiler Error This blueprint (self) is not a Settings_C, therefore ' Target ' must have a connection.
[2016.10.25-15.33.19:000][802]LogBlueprint:Error: Compiler Error Variable node  Get AudioBtn  uses an invalid target.  It may depend on a node that is not connected to the execution chain, and got purged.
[2016.10.25-15.33.19:312][802]LogBlueprint:Warning: Compiler Warning [0166.91] Compile of SideScrollerGameInstance failed. 9 Fatal Issue(s) 0 Warning(s) [in 361 ms] (/Game/SideScrollerBP/Blueprints/SideScrollerGameInstance.SideScrollerGameInstance)
[2016.10.25-15.33.19:312][802]BlueprintEditorCompileResults:Error: Error Spawn node  Create Widget  must have a class specified.
[2016.10.25-15.33.19:312][802]BlueprintEditorCompileResults:Error: Error Spawn node  Create Widget  must have a class specified.
[2016.10.25-15.33.19:312][802]BlueprintEditorCompileResults:Error: Error Spawn node  Create Widget  must have a class specified.
[2016.10.25-15.33.19:312][802]BlueprintEditorCompileResults:Error: Error This blueprint (self) is not compatible with ' Target ', therefore that pin must have a connection.
[2016.10.25-15.33.19:312][802]BlueprintEditorCompileResults:Error: Error The property associated with  Start  could not be found
[2016.10.25-15.33.19:312][802]BlueprintEditorCompileResults:Error: Error This blueprint (self) is not a UserWidget, therefore ' Target ' must have a connection.
[2016.10.25-15.33.19:312][802]BlueprintEditorCompileResults:Error: Error This blueprint (self) is not a UserWidget, therefore ' Target ' must have a connection.
[2016.10.25-15.33.19:312][802]BlueprintEditorCompileResults:Error: Error This blueprint (self) is not a Settings_C, therefore ' Target ' must have a connection.
[2016.10.25-15.33.19:312][802]BlueprintEditorCompileResults:Error: Error Variable node  Get AudioBtn  uses an invalid target.  It may depend on a node that is not connected to the execution chain, and got purged.
[2016.10.25-15.33.19:312][802]BlueprintEditorCompileResults:Warning: Warning [0166.91] Compile of SideScrollerGameInstance failed. 9 Fatal Issue(s) 0 Warning(s) [in 361 ms] (/Game/SideScrollerBP/Blueprints/SideScrollerGameInstance.SideScrollerGameInstance)
[2016.10.25-15.33.27:538][639]BlueprintLog: New page: Compile SideScrollerGameInstance
[2016.10.25-15.33.27:578][639]LogBlueprint:Error: Compiler Error Spawn node  Create Widget  must have a class specified.
[2016.10.25-15.33.27:579][639]LogBlueprint:Error: Compiler Error This blueprint (self) is not compatible with ' Target ', therefore that pin must have a connection.
[2016.10.25-15.33.27:579][639]LogBlueprint:Error: Compiler Error The property associated with  Start  could not be found
[2016.10.25-15.33.27:823][639]LogBlueprint:Warning: Compiler Warning [0175.42] Compile of SideScrollerGameInstance failed. 3 Fatal Issue(s) 0 Warning(s) [in 285 ms] (/Game/SideScrollerBP/Blueprints/SideScrollerGameInstance.SideScrollerGameInstance)
[2016.10.25-15.33.27:823][639]BlueprintEditorCompileResults:Error: Error Spawn node  Create Widget  must have a class specified.
[2016.10.25-15.33.27:823][639]BlueprintEditorCompileResults:Error: Error This blueprint (self) is not compatible with ' Target ', therefore that pin must have a connection.
[2016.10.25-15.33.27:823][639]BlueprintEditorCompileResults:Error: Error The property associated with  Start  could not be found
[2016.10.25-15.33.27:823][639]BlueprintEditorCompileResults:Warning: Warning [0175.42] Compile of SideScrollerGameInstance failed. 3 Fatal Issue(s) 0 Warning(s) [in 285 ms] (/Game/SideScrollerBP/Blueprints/SideScrollerGameInstance.SideScrollerGameInstance)
[2016.10.25-15.33.42:006][ 65]Cmd: TRANSACTION UNDO
[2016.10.25-15.33.42:006][ 65]LogEditorTransaction: Undo Remove Graph
[2016.10.25-15.33.42:227][ 80]Cmd: TRANSACTION UNDO
[2016.10.25-15.33.42:227][ 80]LogEditorTransaction: Undo Remove Graph
[2016.10.25-15.33.42:408][ 89]Cmd: TRANSACTION UNDO
[2016.10.25-15.33.42:408][ 89]LogEditorTransaction: Undo Remove Graph
[2016.10.25-15.33.42:572][100]Cmd: TRANSACTION UNDO
[2016.10.25-15.33.42:572][100]LogEditorTransaction: Undo Remove Variable
[2016.10.25-15.33.42:753][112]Cmd: TRANSACTION UNDO
[2016.10.25-15.33.42:753][112]LogEditorTransaction: Undo Remove Variable
[2016.10.25-15.33.42:929][123]Cmd: TRANSACTION UNDO
[2016.10.25-15.33.42:929][123]LogEditorTransaction: Undo Remove Variable
[2016.10.25-15.33.53:143][179]Cmd: QUIT_EDITOR
[2016.10.25-15.33.53:219][179]LogWindowsTextInputMethodSystem:Display: IME system now deactivated.
[2016.10.25-15.33.53:263][179]LogExit: Preparing to exit.
[2016.10.25-15.33.54:268][179]LogExit: Editor shut down
[2016.10.25-15.33.54:268][179]LogExit: Transaction tracking system shut down
[2016.10.25-15.33.54:432][179]LogObj: Freed 0b from 0 cluster array pools.
[2016.10.25-15.33.54:432][179]LogExit: Object subsystem successfully closed.
[2016.10.25-15.33.54:453][179]LogD3D11RHI: Shutdown
[2016.10.25-15.33.54:453][179]LogD3D11RHI: CleanupD3DDevice
[2016.10.25-15.33.54:497][179]LogD3D11RHI: ~FD3D11DynamicRHI
[2016.10.25-15.33.54:520][179]LogModuleManager: Shutting down and abandoning module BlueprintGraph (216)
[2016.10.25-15.33.54:520][179]LogModuleManager: Shutting down and abandoning module HierarchicalLODOutliner (215)
[2016.10.25-15.33.54:520][179]LogModuleManager: Shutting down and abandoning module CrashTracker (214)
[2016.10.25-15.33.54:520][179]LogModuleManager: Shutting down and abandoning module SceneOutliner (213)
[2016.10.25-15.33.54:520][179]LogModuleManager: Shutting down and abandoning module WidgetCarousel (212)
[2016.10.25-15.33.54:520][179]LogModuleManager: Shutting down and abandoning module AddContentDialog (211)
[2016.10.25-15.33.54:521][179]LogModuleManager: Shutting down and abandoning module GameplayTags (210)
[2016.10.25-15.33.54:521][179]LogModuleManager: Shutting down and abandoning module EditorWidgets (209)
[2016.10.25-15.33.54:521][179]LogModuleManager: Shutting down and abandoning module CollectionManager (208)
[2016.10.25-15.33.54:521][179]LogModuleManager: Shutting down and abandoning module StatsViewer (207)
[2016.10.25-15.33.54:521][179]LogModuleManager: Shutting down and abandoning module FoliageEdit (206)
[2016.10.25-15.33.54:521][179]LogModuleManager: Shutting down and abandoning module LandscapeEditor (205)
[2016.10.25-15.33.54:522][179]LogModuleManager: Shutting down and abandoning module SceneDepthPickerMode (204)
[2016.10.25-15.33.54:522][179]LogModuleManager: Shutting down and abandoning module ActorPickerMode (203)
[2016.10.25-15.33.54:522][179]LogModuleManager: Shutting down and abandoning module GeometryMode (202)
[2016.10.25-15.33.54:522][179]LogModuleManager: Shutting down and abandoning module TextureAlignMode (201)
[2016.10.25-15.33.54:522][179]LogModuleManager: Shutting down and abandoning module BspMode (200)
[2016.10.25-15.33.54:522][179]LogModuleManager: Shutting down and abandoning module HardwareSurvey (199)
[2016.10.25-15.33.54:522][179]LogModuleManager: Shutting down and abandoning module SequenceRecorderSections (198)
[2016.10.25-15.33.54:522][179]LogModuleManager: Shutting down and abandoning module SequenceRecorder (197)
[2016.10.25-15.33.54:522][179]LogModuleManager: Shutting down and abandoning module AutomationWorker (196)
[2016.10.25-15.33.54:522][179]LogModuleManager: Shutting down and abandoning module MatineeToLevelSequence (195)
[2016.10.25-15.33.54:522][179]LogModuleManager: Shutting down and abandoning module PlacementMode (194)
[2016.10.25-15.33.54:522][179]LogModuleManager: Shutting down and abandoning module LevelSequenceEditor (193)
[2016.10.25-15.33.54:522][179]LogModuleManager: Shutting down and abandoning module CharacterAI (192)
[2016.10.25-15.33.54:522][179]LogModuleManager: Shutting down and abandoning module SmartSnapping (191)
[2016.10.25-15.33.54:522][179]LogModuleManager: Shutting down and abandoning module SessionServices (190)
[2016.10.25-15.33.54:522][179]LogModuleManager: Shutting down and abandoning module ViewportSnapping (189)
[2016.10.25-15.33.54:522][179]LogModuleManager: Shutting down and abandoning module LogVisualizer (188)
[2016.10.25-15.33.54:522][179]LogModuleManager: Shutting down and abandoning module GameProjectGeneration (187)
[2016.10.25-15.33.54:522][179]LogModuleManager: Shutting down and abandoning module IntroTutorials (186)
[2016.10.25-15.33.54:522][179]LogModuleManager: Shutting down and abandoning module EditorLiveStreaming (185)
[2016.10.25-15.33.54:522][179]LogModuleManager: Shutting down and abandoning module IOSPlatformEditor (184)
[2016.10.25-15.33.54:522][179]LogModuleManager: Shutting down and abandoning module HTML5PlatformEditor (183)
[2016.10.25-15.33.54:522][179]LogModuleManager: Shutting down and abandoning module AndroidDeviceDetection (182)
[2016.10.25-15.33.55:196][179]LogModuleManager: Shutting down and abandoning module AndroidPlatformEditor (181)
[2016.10.25-15.33.55:196][179]LogModuleManager: Shutting down and abandoning module IOSRuntimeSettings (180)
[2016.10.25-15.33.55:196][179]LogModuleManager: Shutting down and abandoning module AndroidRuntimeSettings (179)
[2016.10.25-15.33.55:196][179]LogModuleManager: Shutting down and abandoning module MergeActors (178)
[2016.10.25-15.33.55:196][179]LogModuleManager: Shutting down and abandoning module SizeMap (177)
[2016.10.25-15.33.55:196][179]LogModuleManager: Shutting down and abandoning module TreeMap (176)
[2016.10.25-15.33.55:196][179]LogModuleManager: Shutting down and abandoning module ReferenceViewer (175)
[2016.10.25-15.33.55:196][179]LogModuleManager: Shutting down and abandoning module LocalizationService (174)
[2016.10.25-15.33.55:196][179]LogModuleManager: Shutting down and abandoning module LocalizationDashboard (173)
[2016.10.25-15.33.55:196][179]LogModuleManager: Shutting down and abandoning module HardwareTargeting (172)
[2016.10.25-15.33.55:196][179]LogModuleManager: Shutting down and abandoning module DeviceProfileEditor (171)
[2016.10.25-15.33.55:196][179]LogModuleManager: Shutting down and abandoning module UndoHistory (170)
[2016.10.25-15.33.55:196][179]LogModuleManager: Shutting down and abandoning module UserFeedback (169)
[2016.10.25-15.33.55:196][179]LogModuleManager: Shutting down and abandoning module XmlParser (168)
[2016.10.25-15.33.55:196][179]LogModuleManager: Shutting down and abandoning module Blutility (167)
[2016.10.25-15.33.55:196][179]LogModuleManager: Shutting down and abandoning module ProjectTargetPlatformEditor (166)
[2016.10.25-15.33.55:196][179]LogModuleManager: Shutting down and abandoning module ProjectSettingsViewer (165)
[2016.10.25-15.33.55:196][179]LogModuleManager: Shutting down and abandoning module InputBindingEditor (164)
[2016.10.25-15.33.55:196][179]LogModuleManager: Shutting down and abandoning module EditorSettingsViewer (163)
[2016.10.25-15.33.55:196][179]LogModuleManager: Shutting down and abandoning module SettingsEditor (162)
[2016.10.25-15.33.55:196][179]LogModuleManager: Shutting down and abandoning module ProjectLauncher (161)
[2016.10.25-15.33.55:196][179]LogModuleManager: Shutting down and abandoning module SessionFrontend (160)
[2016.10.25-15.33.55:196][179]LogModuleManager: Shutting down and abandoning module ProfilerClient (159)
[2016.10.25-15.33.55:196][179]LogModuleManager: Shutting down and abandoning module TargetDeviceServices (158)
[2016.10.25-15.33.55:196][179]LogModuleManager: Shutting down and abandoning module DeviceManager (157)
[2016.10.25-15.33.55:249][179]LogModuleManager: Shutting down and abandoning module AutomationController (156)
[2016.10.25-15.33.55:249][179]LogModuleManager: Shutting down and abandoning module AutomationWindow (155)
[2016.10.25-15.33.55:249][179]LogModuleManager: Shutting down and abandoning module Layers (154)
[2016.10.25-15.33.55:249][179]LogModuleManager: Shutting down and abandoning module ComponentVisualizers (153)
[2016.10.25-15.33.55:249][179]LogModuleManager: Shutting down and abandoning module DetailCustomizations (152)
[2016.10.25-15.33.55:249][179]LogModuleManager: Shutting down and abandoning module PackagesDialog (151)
[2016.10.25-15.33.55:249][179]LogModuleManager: Shutting down and abandoning module Persona (150)
[2016.10.25-15.33.55:249][179]LogModuleManager: Shutting down and abandoning module Kismet (149)
[2016.10.25-15.33.55:249][179]LogModuleManager: Shutting down and abandoning module GraphEditor (148)
[2016.10.25-15.33.55:249][179]LogModuleManager: Shutting down and abandoning module ClassViewer (147)
[2016.10.25-15.33.55:251][179]LogModuleManager: Shutting down and abandoning module Toolbox (146)
[2016.10.25-15.33.55:251][179]LogModuleManager: Shutting down and abandoning module ModuleUI (145)
[2016.10.25-15.33.55:251][179]LogModuleManager: Shutting down and abandoning module MovieSceneTools (144)
[2016.10.25-15.33.55:251][179]LogModuleManager: Shutting down and abandoning module OutputLog (143)
[2016.10.25-15.33.55:251][179]LogModuleManager: Shutting down and abandoning module GammaUI (142)
[2016.10.25-15.33.55:251][179]LogModuleManager: Shutting down and abandoning module Documentation (141)
[2016.10.25-15.33.55:251][179]LogModuleManager: Shutting down and abandoning module StreamingPauseRendering (140)
[2016.10.25-15.33.55:251][179]LogModuleManager: Shutting down and abandoning module AnalyticsET (139)
[2016.10.25-15.33.55:251][179]LogModuleManager: Shutting down and abandoning module Analytics (138)
[2016.10.25-15.33.55:251][179]LogModuleManager: Shutting down and abandoning module PortalServices (137)
[2016.10.25-15.33.55:251][179]LogModuleManager: Shutting down and abandoning module PortalRpc (136)
[2016.10.25-15.33.55:251][179]LogModuleManager: Shutting down and abandoning module MessagingRpc (135)
[2016.10.25-15.33.55:251][179]LogModuleManager: Shutting down and abandoning module GameplayDebugger (134)
[2016.10.25-15.33.55:251][179]LogModuleManager: Shutting down and abandoning module AITestSuite (133)
[2016.10.25-15.33.55:251][179]LogModuleManager: Shutting down and abandoning module AIModule (132)
[2016.10.25-15.33.55:251][179]LogModuleManager: Shutting down and abandoning module ProfilerService (131)
[2016.10.25-15.33.55:387][179]LogModuleManager: Shutting down and abandoning module TaskGraph (130)
[2016.10.25-15.33.55:387][179]LogModuleManager: Shutting down and abandoning module SubstanceEditor (129)
[2016.10.25-15.33.55:387][179]LogModuleManager: Shutting down and abandoning module SlateRemote (128)
[2016.10.25-15.33.55:387][179]LogModuleManager: Shutting down and abandoning module SteamVRController (127)
[2016.10.25-15.33.55:387][179]LogModuleManager: Shutting down and abandoning module SteamVR (126)
[2016.10.25-15.33.55:387][179]LogModuleManager: Shutting down and abandoning module ProceduralMeshComponent (125)
[2016.10.25-15.33.55:387][179]LogModuleManager: Shutting down and abandoning module OculusLibrary (124)
[2016.10.25-15.33.55:387][179]LogModuleManager: Shutting down and abandoning module OculusInput (123)
[2016.10.25-15.33.55:387][179]LogModuleManager: Shutting down and abandoning module CustomMeshComponent (122)
[2016.10.25-15.33.55:387][179]LogModuleManager: Shutting down and abandoning module CableComponent (121)
[2016.10.25-15.33.55:387][179]LogModuleManager: Shutting down and abandoning module ArchVisCharacter (120)
[2016.10.25-15.33.55:387][179]LogModuleManager: Shutting down and abandoning module MediaPlayerEditor (119)
[2016.10.25-15.33.55:387][179]LogModuleManager: Shutting down and abandoning module HTML5Networking (118)
[2016.10.25-15.33.55:387][179]LogModuleManager: Shutting down and abandoning module SuperSearch (117)
[2016.10.25-15.33.55:387][179]LogModuleManager: Shutting down and abandoning module SuperSearchEditor (116)
[2016.10.25-15.33.55:387][179]LogModuleManager: Shutting down and abandoning module SpeedTreeImporter (115)
[2016.10.25-15.33.55:387][179]LogModuleManager: Shutting down and abandoning module PluginBrowser (114)
[2016.10.25-15.33.55:387][179]LogModuleManager: Shutting down and abandoning module EpicSurvey (113)
[2016.10.25-15.33.55:387][179]LogModuleManager: Shutting down and abandoning module DesktopPlatform (112)
[2016.10.25-15.33.55:387][179]LogModuleManager: Shutting down and abandoning module VisualStudioSourceCodeAccess (111)
[2016.10.25-15.33.55:387][179]LogModuleManager: Shutting down and abandoning module UObjectPlugin (110)
[2016.10.25-15.33.55:387][179]LogModuleManager: Shutting down and abandoning module SubversionSourceControl (109)
[2016.10.25-15.33.55:387][179]LogModuleManager: Shutting down and abandoning module PerforceSourceControl (108)
[2016.10.25-15.33.55:387][179]LogModuleManager: Shutting down and abandoning module SourceControl (107)
[2016.10.25-15.33.55:387][179]LogModuleManager: Shutting down and abandoning module GitSourceControl (106)
[2016.10.25-15.33.55:388][179]LogModuleManager: Shutting down and abandoning module LightPropagationVolumeEditor (105)
[2016.10.25-15.33.55:388][179]LogModuleManager: Shutting down and abandoning module PaperTiledImporter (104)
[2016.10.25-15.33.55:388][179]LogModuleManager: Shutting down and abandoning module PaperSpriteSheetImporter (103)
[2016.10.25-15.33.55:388][179]LogModuleManager: Shutting down and abandoning module MeshPaint (102)
[2016.10.25-15.33.55:388][179]LogModuleManager: Shutting down and abandoning module PixelInspectorModule (101)
[2016.10.25-15.33.55:388][179]LogModuleManager: Shutting down and abandoning module HotReload (100)
[2016.10.25-15.33.55:388][179]LogModuleManager: Shutting down and abandoning module MainFrame (99)
[2016.10.25-15.33.55:388][179]LogModuleManager: Shutting down and abandoning module LevelEditor (98)
[2016.10.25-15.33.55:389][179]LogModuleManager: Shutting down and abandoning module ContentBrowser (97)
[2016.10.25-15.33.55:389][179]LogModuleManager: Shutting down and abandoning module Paper2DEditor (96)
[2016.10.25-15.33.55:389][179]LogModuleManager: Shutting down and abandoning module UdpMessaging (95)
[2016.10.25-15.33.55:489][179]LogModuleManager: Shutting down and abandoning module SubstanceCore (94)
[2016.10.25-15.33.55:489][179]LogModuleManager: Shutting down and abandoning module LightPropagationVolumeRuntime (93)
[2016.10.25-15.33.55:489][179]LogModuleManager: Shutting down and abandoning module Paper2D (92)
[2016.10.25-15.33.55:489][179]LogModuleManager: Shutting down and abandoning module WindowsMoviePlayer (91)
[2016.10.25-15.33.55:489][179]LogModuleManager: Shutting down and abandoning module Media (90)
[2016.10.25-15.33.55:489][179]LogModuleManager: Shutting down and abandoning module WmfMedia (89)
[2016.10.25-15.33.55:489][179]LogModuleManager: Shutting down and abandoning module MediaAssets (88)
[2016.10.25-15.33.55:489][179]LogModuleManager: Shutting down and abandoning module GameLiveStreaming (87)
[2016.10.25-15.33.55:490][179]LogModuleManager: Shutting down and abandoning module GameplayTagsEditor (86)
[2016.10.25-15.33.55:490][179]LogModuleManager: Shutting down and abandoning module OnlineBlueprintSupport (85)
[2016.10.25-15.33.55:490][179]LogModuleManager: Shutting down and abandoning module VREditor (84)
[2016.10.25-15.33.55:490][179]LogModuleManager: Shutting down and abandoning module GameplayTasksEditor (83)
[2016.10.25-15.33.55:490][179]LogModuleManager: Shutting down and abandoning module PropertyEditor (82)
[2016.10.25-15.33.55:490][179]LogModuleManager: Shutting down and abandoning module BehaviorTreeEditor (81)
[2016.10.25-15.33.55:490][179]LogModuleManager: Shutting down and abandoning module FunctionalTesting (80)
[2016.10.25-15.33.55:490][179]LogModuleManager: Shutting down and abandoning module CollisionAnalyzer (79)
[2016.10.25-15.33.55:490][179]LogModuleManager: Shutting down and abandoning module Sequencer (78)
[2016.10.25-15.33.55:490][179]LogModuleManager: Shutting down and abandoning module WorkspaceMenuStructure (77)
[2016.10.25-15.33.55:490][179]LogModuleManager: Shutting down and abandoning module MessageLog (76)
[2016.10.25-15.33.55:490][179]LogModuleManager: Shutting down and abandoning module AssetTools (75)
[2016.10.25-15.33.55:490][179]LogModuleManager: Shutting down and abandoning module UMGEditor (74)
[2016.10.25-15.33.55:490][179]LogModuleManager: Shutting down and abandoning module UMG (73)
[2016.10.25-15.33.55:490][179]LogModuleManager: Shutting down and abandoning module SlateReflector (72)
[2016.10.25-15.33.55:490][179]LogModuleManager: Shutting down and abandoning module Slate (71)
[2016.10.25-15.33.55:490][179]LogModuleManager: Shutting down and abandoning module EditorStyle (70)
[2016.10.25-15.33.55:493][179]LogModuleManager: Shutting down and abandoning module SourceCodeAccess (69)
[2016.10.25-15.33.55:493][179]LogModuleManager: Shutting down and abandoning module HeadMountedDisplay (68)
[2016.10.25-15.33.55:493][179]LogModuleManager: Shutting down and abandoning module XAudio2 (67)
[2016.10.25-15.33.55:493][179]LogModuleManager: Shutting down and abandoning module Networking (65)
[2016.10.25-15.33.55:493][179]LogModuleManager: Shutting down and abandoning module Core (64)
[2016.10.25-15.33.55:493][179]LogModuleManager: Shutting down and abandoning module DirectoryWatcher (63)
[2016.10.25-15.33.55:493][179]LogModuleManager: Shutting down and abandoning module AssetRegistry (62)
[2016.10.25-15.33.55:556][179]LogModuleManager: Shutting down and abandoning module KismetCompiler (61)
[2016.10.25-15.33.55:556][179]LogModuleManager: Shutting down and abandoning module PhysXFormats (60)
[2016.10.25-15.33.55:556][179]LogModuleManager: Shutting down and abandoning module MeshUtilities (59)
[2016.10.25-15.33.55:556][179]LogModuleManager: Shutting down and abandoning module DerivedDataCache (58)
[2016.10.25-15.33.55:634][179]LogDerivedDataCache: Shutdown
[2016.10.25-15.33.55:634][179]LogModuleManager: Shutting down and abandoning module VulkanShaderFormat (57)
[2016.10.25-15.33.55:634][179]LogModuleManager: Shutting down and abandoning module ShaderFormatOpenGL (56)
[2016.10.25-15.33.55:634][179]LogModuleManager: Shutting down and abandoning module ShaderFormatD3D (55)
[2016.10.25-15.33.55:634][179]LogModuleManager: Shutting down and abandoning module MetalShaderFormat (54)
[2016.10.25-15.33.55:634][179]LogModuleManager: Shutting down and abandoning module TextureFormatUncompressed (53)
[2016.10.25-15.33.55:634][179]LogModuleManager: Shutting down and abandoning module TextureFormatPVR (52)
[2016.10.25-15.33.55:634][179]LogModuleManager: Shutting down and abandoning module TextureFormatIntelISPCTexComp (51)
[2016.10.25-15.33.55:634][179]LogModuleManager: Shutting down and abandoning module TextureFormatDXT (50)
[2016.10.25-15.33.55:634][179]LogModuleManager: Shutting down and abandoning module ImageWrapper (49)
[2016.10.25-15.33.55:634][179]LogModuleManager: Shutting down and abandoning module TextureFormatASTC (48)
[2016.10.25-15.33.55:634][179]LogModuleManager: Shutting down and abandoning module TextureFormatAndroid (47)
[2016.10.25-15.33.55:634][179]LogModuleManager: Shutting down and abandoning module AudioFormatOpus (46)
[2016.10.25-15.33.55:634][179]LogModuleManager: Shutting down and abandoning module AudioFormatOgg (45)
[2016.10.25-15.33.55:634][179]LogModuleManager: Shutting down and abandoning module AudioFormatADPCM (44)
[2016.10.25-15.33.55:634][179]LogModuleManager: Shutting down and abandoning module LinuxTargetPlatform (43)
[2016.10.25-15.33.55:634][179]LogModuleManager: Shutting down and abandoning module LinuxServerTargetPlatform (42)
[2016.10.25-15.33.55:634][179]LogModuleManager: Shutting down and abandoning module LinuxNoEditorTargetPlatform (41)
[2016.10.25-15.33.55:634][179]LogModuleManager: Shutting down and abandoning module TVOSTargetPlatform (40)
[2016.10.25-15.33.55:634][179]LogModuleManager: Shutting down and abandoning module Messaging (39)
[2016.10.25-15.33.55:634][179]LogModuleManager: Shutting down and abandoning module IOSTargetPlatform (38)
[2016.10.25-15.33.55:634][179]LogModuleManager: Shutting down and abandoning module HTML5TargetPlatform (37)
[2016.10.25-15.33.55:634][179]LogModuleManager: Shutting down and abandoning module Android_PVRTCTargetPlatform (36)
[2016.10.25-15.33.55:634][179]LogModuleManager: Shutting down and abandoning module Android_MultiTargetPlatform (35)
[2016.10.25-15.33.55:634][179]LogModuleManager: Shutting down and abandoning module Android_ETC2TargetPlatform (34)
[2016.10.25-15.33.55:634][179]LogModuleManager: Shutting down and abandoning module Android_ETC1TargetPlatform (33)
[2016.10.25-15.33.55:634][179]LogModuleManager: Shutting down and abandoning module Android_DXTTargetPlatform (32)
[2016.10.25-15.33.55:634][179]LogModuleManager: Shutting down and abandoning module Android_ATCTargetPlatform (31)
[2016.10.25-15.33.55:634][179]LogModuleManager: Shutting down and abandoning module Android_ASTCTargetPlatform (30)
[2016.10.25-15.33.55:634][179]LogModuleManager: Shutting down and abandoning module AndroidTargetPlatform (29)
[2016.10.25-15.33.55:634][179]LogModuleManager: Shutting down and abandoning module WindowsTargetPlatform (28)
[2016.10.25-15.33.55:634][179]LogModuleManager: Shutting down and abandoning module WindowsServerTargetPlatform (27)
[2016.10.25-15.33.55:634][179]LogModuleManager: Shutting down and abandoning module WindowsNoEditorTargetPlatform (26)
[2016.10.25-15.33.55:634][179]LogModuleManager: Shutting down and abandoning module WindowsClientTargetPlatform (25)
[2016.10.25-15.33.55:634][179]LogModuleManager: Shutting down and abandoning module AllDesktopTargetPlatform (24)
[2016.10.25-15.33.55:634][179]LogModuleManager: Shutting down and abandoning module TargetPlatform (23)
[2016.10.25-15.33.55:634][179]LogModuleManager: Shutting down and abandoning module InputCore (22)
[2016.10.25-15.33.55:634][179]LogModuleManager: Shutting down and abandoning module Settings (21)
[2016.10.25-15.33.55:634][179]LogModuleManager: Shutting down and abandoning module OnlineSubsystem (19)
[2016.10.25-15.33.55:634][179]LogModuleManager: Shutting down and abandoning module HTTP (18)
[2016.10.25-15.34.00:143][179]LogModuleManager: Shutting down and abandoning module XMPP (17)
[2016.10.25-15.34.00:143][179]LogModuleManager: Shutting down and abandoning module OculusRift (16)
[2016.10.25-15.34.00:143][179]LogModuleManager: Shutting down and abandoning module ExampleDeviceProfileSelector (15)
[2016.10.25-15.34.00:143][179]LogModuleManager: Shutting down and abandoning module TextureCompressor (14)
[2016.10.25-15.34.00:143][179]LogModuleManager: Shutting down and abandoning module ShaderCore (13)
[2016.10.25-15.34.00:143][179]LogModuleManager: Shutting down and abandoning module Landscape (12)
[2016.10.25-15.34.00:143][179]LogModuleManager: Shutting down and abandoning module SlateRHIRenderer (11)
[2016.10.25-15.34.00:144][179]LogModuleManager: Shutting down and abandoning module OpenGLDrv (10)
[2016.10.25-15.34.00:144][179]LogModuleManager: Shutting down and abandoning module D3D11RHI (9)
[2016.10.25-15.34.00:144][179]LogModuleManager: Shutting down and abandoning module AnimGraphRuntime (8)
[2016.10.25-15.34.00:144][179]LogModuleManager: Shutting down and abandoning module Renderer (7)
[2016.10.25-15.34.00:144][179]LogModuleManager: Shutting down and abandoning module Engine (6)
[2016.10.25-15.34.00:144][179]LogModuleManager: Shutting down and abandoning module CoreUObject (5)
[2016.10.25-15.34.00:144][179]LogModuleManager: Shutting down and abandoning module NetworkFile (4)
[2016.10.25-15.34.00:144][179]LogModuleManager: Shutting down and abandoning module StreamingFile (3)
[2016.10.25-15.34.00:144][179]LogModuleManager: Shutting down and abandoning module SandboxFile (2)
[2016.10.25-15.34.00:144][179]LogModuleManager: Shutting down and abandoning module PakFile (1)
[2016.10.25-15.34.00:146][179]LogExit: Exiting.
[2016.10.25-15.34.00:147][179]Log file closed, 10/25/16 16:34:00
