Log file open, 10/12/16 14:28:44
LogInit:Display: Running engine for game: MyProject
LogPlatformFile: Not using cached read wrapper
LogInit:Display: RandInit(-196817704) SRandInit(-196817699).
LogTaskGraph: Started task graph with 4 named threads and 7 total threads with 1 sets of task threads.
LogStats: Stats thread started at 0.263418
LogInit: Version: 4.12.5-3039270+++UE4+Release-4.12
LogInit: API Version: 2992821
LogInit: Net Version: 3039270
LogDevObjectVersion: Number of dev versions registered: 13
LogDevObjectVersion:   Dev-Blueprints (B0D832E4-1F89-4F0D-ACCF-7EB736FD4AA2): 3
LogDevObjectVersion:   Dev-Build (E1C64328-A22C-4D53-A36C-8E866417BD8C): 0
LogDevObjectVersion:   Dev-Core (375EC13C-06E4-48FB-B500-84F0262A717E): 1
LogDevObjectVersion:   Dev-Editor (E4B068ED-F494-42E9-A231-DA0B2E46BB41): 2
LogDevObjectVersion:   Dev-Framework (CFFC743F-43B0-4480-9391-14DF171D2073): 6
LogDevObjectVersion:   Dev-Mobile (B02B49B5-BB20-44E9-A304-32B752E40360): 0
LogDevObjectVersion:   Dev-Networking (A4E4105C-59A1-49B5-A7C5-40C4547EDFEE): 0
LogDevObjectVersion:   Dev-Online (39C831C9-5AE6-47DC-9A44-9C173E1C8E7C): 0
LogDevObjectVersion:   Dev-Physics (78F01B33-EBEA-4F98-B9B4-84EACCB95AA2): 0
LogDevObjectVersion:   Dev-Platform (6631380F-2D4D-43E0-8009-CF276956A95A): 0
LogDevObjectVersion:   Dev-Rendering (12F88B9F-8875-4AFC-A67C-D90C383ABD29): 2
LogDevObjectVersion:   Dev-Sequencer (7B5AE74C-D270-4C10-A958-57980B212A5A): 0
LogDevObjectVersion:   Dev-VR (D7296918-1DD6-4BDD-9DE2-64A83CC13884): 0
LogInit: Compiled (64-bit): Jul  6 2016 09:09:46
LogInit: Compiled with Visual C++: 19.00.23026.00
LogInit: Build Configuration: Development
LogInit: Branch Name: ++UE4+Release-4.12
LogInit: Command line:  
LogInit: Base directory: E:/Epic Games/4.12/Engine/Binaries/Win64/
LogInit: Installed Engine Build: 1
LogInit: Using libcurl 7.41.0
LogInit:  - built for x86_64-pc-win32
LogInit:  - supports SSL with WinSSL
LogInit:  - other features:
LogInit:      CURL_VERSION_SSL
LogInit:      CURL_VERSION_IPV6
LogInit:      CURL_VERSION_ASYNCHDNS
LogInit:      CURL_VERSION_LARGEFILE
LogInit:      CURL_VERSION_IDN
LogInit:  CurlRequestOptions (configurable via config and command line):
LogInit:  - bVerifyPeer = true  - Libcurl will verify peer certificate
LogInit:  - bUseHttpProxy = false  - Libcurl will NOT use HTTP proxy
LogInit:  - bDontReuseConnections = false  - Libcurl will reuse connections
LogInit:  - CertBundlePath = nullptr  - Libcurl will use whatever was configured at build time.
LogInit: Presizing for max 8388607 objects, including 0 objects not considered by GC, pre-allocating 0 bytes for permanent pool.
LogInit: Object subsystem initialized
[2016.10.12-13.28.44:338][  0]LogInit: Selected Device Profile: [Windows]
[2016.10.12-13.28.44:338][  0]LogInit: Applying CVar settings loaded from the selected device profile: [Windows]
[2016.10.12-13.28.44:386][  0]LogInit: Computer: DESKTOP-3V0VLRT
[2016.10.12-13.28.44:386][  0]LogInit: User: Kieran
[2016.10.12-13.28.44:386][  0]LogInit: CPU Page size=65536, Cores=4
[2016.10.12-13.28.44:386][  0]LogInit: High frequency timer resolution =3.914066 MHz
[2016.10.12-13.28.44:387][  0]LogMemory: Memory total: Physical=7.9GB (8GB approx)
[2016.10.12-13.28.44:387][  0]LogMemory: Platform Memory Stats for Windows
[2016.10.12-13.28.44:387][  0]LogMemory: Process Physical Memory: 191.32 MB used, 191.32 MB peak
[2016.10.12-13.28.44:387][  0]LogMemory: Process Virtual Memory: 195.21 MB used, 195.21 MB peak
[2016.10.12-13.28.44:387][  0]LogMemory: Physical Memory: 5773.34 MB used, 8071.14 MB total
[2016.10.12-13.28.44:387][  0]LogMemory: Virtual Memory: 553.57 MB used, 134217728.00 MB total
[2016.10.12-13.28.45:015][  0]LogTextLocalizationManager: No specific translations for ('en-GB') exist, so ('en') translations will be used.
[2016.10.12-13.28.45:707][  0]LogD3D11RHI: D3D11 adapters:
[2016.10.12-13.28.46:359][  0]LogD3D11RHI:    0. 'NVIDIA GeForce GTX 970' (Feature Level 11_0)
[2016.10.12-13.28.46:359][  0]LogD3D11RHI:       4059/0/4035 MB DedicatedVideo/DedicatedSystem/SharedSystem, Outputs:1, VendorId:0x10de
[2016.10.12-13.28.46:377][  0]LogD3D11RHI:    1. 'Intel(R) HD Graphics 530' (Feature Level 11_0)
[2016.10.12-13.28.46:377][  0]LogD3D11RHI:       128/0/4035 MB DedicatedVideo/DedicatedSystem/SharedSystem, Outputs:1, VendorId:0x8086
[2016.10.12-13.28.46:380][  0]LogD3D11RHI:    2. 'Microsoft Basic Render Driver' (Feature Level 11_0)
[2016.10.12-13.28.46:380][  0]LogD3D11RHI:       0/0/4035 MB DedicatedVideo/DedicatedSystem/SharedSystem, Outputs:0, VendorId:0x1414
[2016.10.12-13.28.46:380][  0]LogD3D11RHI: Chosen D3D11 Adapter: 0
[2016.10.12-13.28.46:387][  0]LogD3D11RHI: Creating new Direct3DDevice
[2016.10.12-13.28.46:387][  0]LogD3D11RHI:     GPU DeviceId: 0x13c2 (for the marketing name, search the web for "GPU Device Id")
[2016.10.12-13.28.46:388][  0]LogWindows: EnumDisplayDevices:
[2016.10.12-13.28.46:388][  0]LogWindows:    0. 'Intel(R) HD Graphics 530' (P:0 D:1)
[2016.10.12-13.28.46:388][  0]LogWindows:    1. 'Intel(R) HD Graphics 530' (P:0 D:0)
[2016.10.12-13.28.46:388][  0]LogWindows:    2. 'Intel(R) HD Graphics 530' (P:0 D:0)
[2016.10.12-13.28.46:389][  0]LogWindows:    3. 'NVIDIA GeForce GTX 970' (P:1 D:1)
[2016.10.12-13.28.46:389][  0]LogWindows:    4. 'NVIDIA GeForce GTX 970' (P:0 D:0)
[2016.10.12-13.28.46:389][  0]LogWindows:    5. 'NVIDIA GeForce GTX 970' (P:0 D:0)
[2016.10.12-13.28.46:389][  0]LogWindows:    6. 'NVIDIA GeForce GTX 970' (P:0 D:0)
[2016.10.12-13.28.46:389][  0]LogWindows: DebugString: PrimaryIsNotTheChoosenAdapter PrimaryIsNotTheChoosenAdapter PrimaryIsNotTheChoosenAdapter FoundDriverCount:4 
[2016.10.12-13.28.46:390][  0]LogD3D11RHI:     Adapter Name: NVIDIA GeForce GTX 970
[2016.10.12-13.28.46:390][  0]LogD3D11RHI:   Driver Version: 372.90 (internal:21.21.13.7290, unified:372.90)
[2016.10.12-13.28.46:390][  0]LogD3D11RHI:      Driver Date: 9-16-2016
[2016.10.12-13.28.46:390][  0]LogRHI: Texture pool is 1361 MB (70% of 1945 MB)
[2016.10.12-13.28.46:937][  0]LogD3D11RHI: Async texture creation enabled
[2016.10.12-13.28.47:015][  0]LogD3D11RHI: GPU Timing Frequency: 1000.000000 (Debug: 2 1)
[2016.10.12-13.28.47:016][  0]LogShaderCompilers: Guid format shader working directory is 30 characters bigger than the processId version (F:/MyProject v0.4/Intermediate/Shaders/WorkingDirectory/2440/).
[2016.10.12-13.28.47:016][  0]LogShaderCompilers: Cleaned the shader compiler working directory 'C:/Users/Kieran/AppData/Local/Temp/UnrealShaderWorkingDir/F94B5BE9415838B79B32ED9783247E29/'.
[2016.10.12-13.28.47:016][  0]LogShaderCompilers:Display: Using Local Shader Compiler.
[2016.10.12-13.28.51:702][  0]LogTemp:Display: Loaded TP AllDesktopTargetPlatform
[2016.10.12-13.28.51:724][  0]LogTemp:Display: Loaded TP WindowsClientTargetPlatform
[2016.10.12-13.28.51:745][  0]LogTemp:Display: Loaded TP WindowsNoEditorTargetPlatform
[2016.10.12-13.28.51:766][  0]LogTemp:Display: Loaded TP WindowsServerTargetPlatform
[2016.10.12-13.28.51:788][  0]LogTemp:Display: Loaded TP WindowsTargetPlatform
[2016.10.12-13.28.51:810][  0]LogTemp:Display: Loaded TP AndroidTargetPlatform
[2016.10.12-13.28.51:830][  0]LogTemp:Display: Loaded TP Android_ASTCTargetPlatform
[2016.10.12-13.28.51:850][  0]LogTemp:Display: Loaded TP Android_ATCTargetPlatform
[2016.10.12-13.28.51:868][  0]LogTemp:Display: Loaded TP Android_DXTTargetPlatform
[2016.10.12-13.28.51:890][  0]LogTemp:Display: Loaded TP Android_ETC1TargetPlatform
[2016.10.12-13.28.51:910][  0]LogTemp:Display: Loaded TP Android_ETC2TargetPlatform
[2016.10.12-13.28.51:952][  0]LogTemp:Display: Loaded TP Android_MultiTargetPlatform
[2016.10.12-13.28.51:952][  0]LogTemp:Display: Loaded TP Android_PVRTCTargetPlatform
[2016.10.12-13.28.51:966][  0]LogTemp:Display: Loaded TP HTML5TargetPlatform
[2016.10.12-13.28.52:056][  0]LogTemp:Display: Loaded TP IOSTargetPlatform
[2016.10.12-13.28.52:074][  0]LogTemp:Display: Loaded TP TVOSTargetPlatform
[2016.10.12-13.28.52:094][  0]LogTemp:Display: Loaded TP LinuxNoEditorTargetPlatform
[2016.10.12-13.28.52:114][  0]LogTemp:Display: Loaded TP LinuxServerTargetPlatform
[2016.10.12-13.28.52:143][  0]LogTemp:Display: Loaded TP LinuxTargetPlatform
[2016.10.12-13.28.52:143][  0]LogTargetPlatformManager:Display: Building Assets For Windows
[2016.10.12-13.28.52:969][  0]LogDerivedDataCache:Display: Max Cache Size: 512 MB
[2016.10.12-13.28.53:264][  0]LogDerivedDataCache: Loaded boot cache 0.29s 48MB C:/Users/Kieran/AppData/Local/UnrealEngine/4.12/DerivedDataCache/Boot.ddc.
[2016.10.12-13.28.53:265][  0]LogDerivedDataCache:Display: Loaded Boot cache: C:/Users/Kieran/AppData/Local/UnrealEngine/4.12/DerivedDataCache/Boot.ddc
[2016.10.12-13.28.53:265][  0]LogDerivedDataCache: FDerivedDataBackendGraph:  Pak pak cache file F:/MyProject v0.4/DerivedDataCache/DDC.ddp not found, will not use a pak cache.
[2016.10.12-13.28.53:265][  0]LogDerivedDataCache: Unable to find inner node Pak for hierarchical cache Hierarchy.
[2016.10.12-13.28.53:265][  0]LogDerivedDataCache: FDerivedDataBackendGraph:  CompressedPak pak cache file F:/MyProject v0.4/DerivedDataCache/Compressed.ddp not found, will not use a pak cache.
[2016.10.12-13.28.53:265][  0]LogDerivedDataCache: Unable to find inner node CompressedPak for hierarchical cache Hierarchy.
[2016.10.12-13.28.53:335][  0]LogDerivedDataCache:Display: Pak cache opened for reading ../../../Engine/DerivedDataCache/Compressed.ddp.
[2016.10.12-13.28.53:352][  0]LogDerivedDataCache: Using Local data cache path C:/Users/Kieran/AppData/Local/UnrealEngine/Common/DerivedDataCache: Writable
[2016.10.12-13.28.56:317][  0]LogInit: Selected Device Profile: [Windows]
[2016.10.12-13.28.56:324][  0]LogContentStreaming: Texture pool size is 0.00 MB
[2016.10.12-13.28.57:786][  0]LogMeshUtilities: No automatic mesh reduction module available
[2016.10.12-13.28.57:786][  0]LogMeshUtilities: No automatic mesh merging module available
[2016.10.12-13.28.57:786][  0]LogMeshUtilities: No distributed automatic mesh merging module available
[2016.10.12-13.28.59:319][  0]LogAssetRegistry: FAssetRegistry took 0.0222 seconds to start up
[2016.10.12-13.28.59:733][  0]LogPackageLocalizationCache: Processed 3 localized package path(s) for 2 prioritized culture(s) in 0.409033 seconds
[2016.10.12-13.28.59:743][  0]LogUObjectArray: 28739 objects as part of root set at end of initial load.
[2016.10.12-13.28.59:743][  0]LogUObjectAllocator: 5855624 out of 0 bytes used by permanent object pool.
[2016.10.12-13.28.59:743][  0]LogUObjectArray: CloseDisregardForGC: 0/0 objects in disregard for GC pool
[2016.10.12-13.28.59:799][  0]LogInit: WinSock: version 1.1 (2.2), MaxSocks=32767, MaxUdp=65467
[2016.10.12-13.29.05:137][  0]LogSlate: SlateFontCache - WITH_FREETYPE: 1, WITH_HARFBUZZ: 1
[2016.10.12-13.29.05:137][  0]LogSlate: SlateFontCache - WITH_FREETYPE: 1, WITH_HARFBUZZ: 1
[2016.10.12-13.29.24:205][  0]LogSubstanceCoreModule: Substance CPU Engine Loaded, Max Texture Size 2048
[2016.10.12-13.29.24:268][  0]LogUdpMessaging: Initializing bridge on interface 0.0.0.0:0 to multicast group 230.0.0.1:6666.
[2016.10.12-13.29.25:581][  0]SourceControl: Info Source control is disabled
[2016.10.12-13.29.28:720][  0]SourceControl: Info Source control is disabled
[2016.10.12-13.29.28:784][  0]SourceControl: Info Source control is disabled
[2016.10.12-13.29.28:829][  0]SourceControl: Info Source control is disabled
[2016.10.12-13.29.29:262][  0]LogLinker:Warning: Can't find file '/Game/ThirdPersonBP/ThirdPersonOverview'
[2016.10.12-13.29.29:262][  0]LogLinker:Warning: Can't find file '/Game/ThirdPersonBP/ThirdPersonOverview'
[2016.10.12-13.29.29:262][  0]LogUObjectGlobals:Warning: Failed to find object 'Class /Game/ThirdPersonBP/ThirdPersonOverview.ThirdPersonOverview_C'
[2016.10.12-13.29.31:733][  0]LogEngine: Initializing Engine...
[2016.10.12-13.29.31:802][  0]LogHMD: SteamVR failed to initialize.  Err: 110
[2016.10.12-13.29.31:803][  0]LogHMD: SteamVR failed to initialize.  Err: 110
[2016.10.12-13.29.32:607][  0]LogAIModule: Creating AISystem for world NewWorld
[2016.10.12-13.29.32:837][  0]LogInit: XAudio2 using 'Speakers (2- Realtek High Definition Audio)' : 6 channels at 48 kHz using 32 bits per sample (channel mask 0x3f)
[2016.10.12-13.29.32:873][  0]LogInit: FAudioDevice initialized.
[2016.10.12-13.29.32:913][  0]LogDerivedDataCache: Saved boot cache 0.04s 48MB C:/Users/Kieran/AppData/Local/UnrealEngine/4.12/DerivedDataCache/Boot.ddc.
[2016.10.12-13.29.32:922][  0]LogInit: Texture streaming: Enabled
[2016.10.12-13.29.33:258][  0]LogWindowsTextInputMethodSystem:Display: IME system now deactivated.
[2016.10.12-13.29.35:472][  0]LogInit: Transaction tracking system initialized
[2016.10.12-13.29.36:044][  0]BlueprintLog: New page: Editor Load
[2016.10.12-13.29.37:953][  0]LocalizationService: Info Localization service is disabled
[2016.10.12-13.29.39:819][  0]LogConsoleResponse:Display: 
[2016.10.12-13.29.42:357][  0]LogFileCache: Scanning file cache for directory 'F:/MyProject v0.4/Content/' took 0.04s
[2016.10.12-13.29.42:358][  0]LogCook:Display: Max memory allowance for cook 8192mb
[2016.10.12-13.29.42:361][  0]LogCook:Display: Mobile HDR setting 1
[2016.10.12-13.29.46:847][  0]SourceControl: Info Source control is disabled
[2016.10.12-13.29.47:009][  0]Cmd: MAP LOAD FILE="F:/MyProject v0.4/Content/SideScrollerBP/Maps/NinjaArenaPrototype.umap" TEMPLATE=0 SHOWPROGRESS=1 FEATURELEVEL=3
[2016.10.12-13.29.47:195][  0]LightingResults: New page: Lighting Build
[2016.10.12-13.29.47:803][  0]MapCheck: New page: Map Check
[2016.10.12-13.29.47:803][  0]LightingResults: New page: Lighting Build
[2016.10.12-13.30.01:398][  0]LogTexture:Display: Building textures: LQ_Lightmap_0_2 (DXT1)
[2016.10.12-13.30.01:861][  0]LogAIModule: Creating AISystem for world NinjaArenaPrototype
[2016.10.12-13.30.05:266][  0]LogEditorServer: Finished looking for orphan Actors (0.047 secs)
[2016.10.12-13.30.06:315][  0]Cmd: MAP CHECKDEP NOCLEARLOG
[2016.10.12-13.30.06:551][  0]MapCheck: Info Map check complete: 0 Error(s), 0 Warning(s), took 235.908ms to complete.
[2016.10.12-13.30.06:552][  0]LogFileHelpers: Loading map 'NinjaArenaPrototype' took 19.598
[2016.10.12-13.30.11:975][  0]LogCollectionManager: Loaded 0 collections in 0.040035 seconds
[2016.10.12-13.30.12:284][  0]LogFileCache: Scanning file cache for directory 'F:/MyProject v0.4/Saved/Collections/' took 0.01s
[2016.10.12-13.30.12:284][  0]LogFileCache: Scanning file cache for directory 'F:/MyProject v0.4/Content/Developers/Kieran/Collections/' took 0.01s
[2016.10.12-13.30.12:284][  0]LogFileCache: Scanning file cache for directory 'F:/MyProject v0.4/Content/Collections/' took 0.01s
[2016.10.12-13.30.12:284][  0]LogCollectionManager: Rebuilt the GUID cache for 0 collections in 0.000013 seconds
[2016.10.12-13.30.12:315][  0]LogContentBrowser: Native class hierarchy populated in 0.0291 seconds. Added 2062 classes and 375 folders.
[2016.10.12-13.30.12:434][  0]LogStats: UGameplayTagsManager::ConstructGameplayTagTree: Construct from data asset -  0.000 s
[2016.10.12-13.30.12:434][  0]LogStats: UGameplayTagsManager::ConstructGameplayTagTree: GameplayTagTreeChangedEvent.Broadcast -  0.000 s
[2016.10.12-13.30.12:436][  0]LogContentBrowser: Native class hierarchy updated for 'GameplayTags' in 0.0008 seconds. Added 12 classes and 0 folders.
[2016.10.12-13.30.12:467][  0]LogContentBrowser: Native class hierarchy updated for 'WidgetCarousel' in 0.0008 seconds. Added 0 classes and 0 folders.
[2016.10.12-13.30.14:476][  0]LogContentBrowser: Native class hierarchy updated for 'AddContentDialog' in 0.0008 seconds. Added 0 classes and 0 folders.
[2016.10.12-13.30.14:664][  0]LogContentBrowser: Native class hierarchy updated for 'SceneOutliner' in 0.0008 seconds. Added 1 classes and 2 folders.
[2016.10.12-13.30.16:026][  0]LogCrashTracker: Crashtracker disabled due to settings.
[2016.10.12-13.30.16:198][  0]LogUObjectGlobals:Warning: Failed to find object 'Class None.'
[2016.10.12-13.30.16:348][  0]LogContentBrowser: Native class hierarchy updated for 'HierarchicalLODOutliner' in 0.0008 seconds. Added 1 classes and 2 folders.
[2016.10.12-13.30.16:348][  0]LogLoad: Full Startup: 95.07 seconds (BP compile: 1.09 seconds)
[2016.10.12-13.30.16:348][  0]LogExternalProfiler: Found external profiler: VSPerf
[2016.10.12-13.30.16:348][  0]LogExternalProfiler: Using external profiler: VSPerf
[2016.10.12-13.30.16:463][  0]LogOcInput: OculusInput pre-init called
[2016.10.12-13.30.16:998][  0]LogContentStreaming: Texture pool size now 1000 MB
[2016.10.12-13.30.18:246][  0]LogRenderer: Reallocating scene render targets to support 1208x576 (Frame:2).
[2016.10.12-13.30.19:968][  4]LogAssetRegistry: Asset discovery search completed in 80.6713 seconds
[2016.10.12-13.30.19:969][  4]LogCollectionManager: Rebuilt the object cache for 0 collections in 0.000001 seconds (found 0 objects)
[2016.10.12-13.30.19:969][  4]LogCollectionManager: Fixed up redirectors for 0 collections in 0.000057 seconds (updated 0 objects)
[2016.10.12-13.30.23:665][208]LogBlueprintUserMessages: Early PlayInEditor Detection: Level '/Game/SideScrollerBP/Maps/NinjaArenaPrototype.NinjaArenaPrototype:PersistentLevel' has LevelScriptBlueprint '/Game/SideScrollerBP/Maps/NinjaArenaPrototype.NinjaArenaPrototype:PersistentLevel.NinjaArenaPrototype' with GeneratedClass '/Game/SideScrollerBP/Maps/NinjaArenaPrototype.NinjaArenaPrototype_C' with ClassGeneratedBy '/Game/SideScrollerBP/Maps/NinjaArenaPrototype.NinjaArenaPrototype:PersistentLevel.NinjaArenaPrototype'
[2016.10.12-13.30.23:693][208]LogPlayLevel: PlayLevel: No blueprints needed recompiling
[2016.10.12-13.30.23:815][208]PIE: New page: PIE session: NinjaArenaPrototype (12 Oct 2016 14:30:23)
[2016.10.12-13.30.23:815][208]LogPlayLevel: Creating play world package: /Game/SideScrollerBP/Maps/UEDPIE_0_NinjaArenaPrototype
[2016.10.12-13.30.23:935][208]LogPlayLevel: PIE: StaticDuplicateObject took: (0.119161s)
[2016.10.12-13.30.23:935][208]LogAIModule: Creating AISystem for world NinjaArenaPrototype
[2016.10.12-13.30.23:936][208]LogPlayLevel: PIE: World Init took: (0.000839s)
[2016.10.12-13.30.23:957][208]LogPlayLevel: PIE: Created PIE world by copying editor world from /Game/SideScrollerBP/Maps/NinjaArenaPrototype.NinjaArenaPrototype to /Game/SideScrollerBP/Maps/UEDPIE_0_NinjaArenaPrototype.NinjaArenaPrototype (0.142030s)
[2016.10.12-13.30.24:208][208]LogInit: XAudio2 using 'Speakers (2- Realtek High Definition Audio)' : 6 channels at 48 kHz using 32 bits per sample (channel mask 0x3f)
[2016.10.12-13.30.24:240][208]LogInit: FAudioDevice initialized.
[2016.10.12-13.30.24:500][208]LogWorld: Game class is 'SideScrollerGameMode_C'
[2016.10.12-13.30.24:636][208]LogWorld: Bringing World /Game/SideScrollerBP/Maps/UEDPIE_0_NinjaArenaPrototype.NinjaArenaPrototype up for play (max tick rate 0) at 2016.10.12-14.30.24
[2016.10.12-13.30.24:740][208]LogWorld: Bringing up level for play took: 0.112502
[2016.10.12-13.30.24:921][208]LogContentBrowser: Native class hierarchy updated for 'MovieSceneCapture' in 0.0007 seconds. Added 11 classes and 0 folders.
[2016.10.12-13.30.24:982][208]PIE: Info Play in editor start time for /Game/SideScrollerBP/Maps/UEDPIE_0_NinjaArenaPrototype 1.784
[2016.10.12-13.30.24:982][208]LogBlueprintUserMessages: Late PlayInEditor Detection: Level '/Game/SideScrollerBP/Maps/NinjaArenaPrototype.NinjaArenaPrototype:PersistentLevel' has LevelScriptBlueprint '/Game/SideScrollerBP/Maps/NinjaArenaPrototype.NinjaArenaPrototype:PersistentLevel.NinjaArenaPrototype' with GeneratedClass '/Game/SideScrollerBP/Maps/NinjaArenaPrototype.NinjaArenaPrototype_C' with ClassGeneratedBy '/Game/SideScrollerBP/Maps/NinjaArenaPrototype.NinjaArenaPrototype:PersistentLevel.NinjaArenaPrototype'
[2016.10.12-13.30.44:826][788]LogBlueprintUserMessages: Early EndPlayMap Detection: Level '/Game/SideScrollerBP/Maps/NinjaArenaPrototype.NinjaArenaPrototype:PersistentLevel' has LevelScriptBlueprint '/Game/SideScrollerBP/Maps/NinjaArenaPrototype.NinjaArenaPrototype:PersistentLevel.NinjaArenaPrototype' with GeneratedClass '/Game/SideScrollerBP/Maps/NinjaArenaPrototype.NinjaArenaPrototype_C' with ClassGeneratedBy '/Game/SideScrollerBP/Maps/NinjaArenaPrototype.NinjaArenaPrototype:PersistentLevel.NinjaArenaPrototype'
[2016.10.12-13.30.45:072][788]LogBlueprintUserMessages: Late EndPlayMap Detection: Level '/Game/SideScrollerBP/Maps/NinjaArenaPrototype.NinjaArenaPrototype:PersistentLevel' has LevelScriptBlueprint '/Game/SideScrollerBP/Maps/NinjaArenaPrototype.NinjaArenaPrototype:PersistentLevel.NinjaArenaPrototype' with GeneratedClass '/Game/SideScrollerBP/Maps/NinjaArenaPrototype.NinjaArenaPrototype_C' with ClassGeneratedBy '/Game/SideScrollerBP/Maps/NinjaArenaPrototype.NinjaArenaPrototype:PersistentLevel.NinjaArenaPrototype'
[2016.10.12-13.31.06:604][ 47]LogBlueprintUserMessages: Early PlayInEditor Detection: Level '/Game/SideScrollerBP/Maps/NinjaArenaPrototype.NinjaArenaPrototype:PersistentLevel' has LevelScriptBlueprint '/Game/SideScrollerBP/Maps/NinjaArenaPrototype.NinjaArenaPrototype:PersistentLevel.NinjaArenaPrototype' with GeneratedClass '/Game/SideScrollerBP/Maps/NinjaArenaPrototype.NinjaArenaPrototype_C' with ClassGeneratedBy '/Game/SideScrollerBP/Maps/NinjaArenaPrototype.NinjaArenaPrototype:PersistentLevel.NinjaArenaPrototype'
[2016.10.12-13.31.06:605][ 47]LogPlayLevel: PlayLevel: No blueprints needed recompiling
[2016.10.12-13.31.06:605][ 47]PIE: New page: PIE session: NinjaArenaPrototype (12 Oct 2016 14:31:06)
[2016.10.12-13.31.06:606][ 47]LogPlayLevel: Creating play world package: /Game/SideScrollerBP/Maps/UEDPIE_0_NinjaArenaPrototype
[2016.10.12-13.31.06:638][ 47]LogPlayLevel: PIE: StaticDuplicateObject took: (0.032056s)
[2016.10.12-13.31.06:639][ 47]LogAIModule: Creating AISystem for world NinjaArenaPrototype
[2016.10.12-13.31.06:639][ 47]LogPlayLevel: PIE: World Init took: (0.001392s)
[2016.10.12-13.31.06:640][ 47]LogPlayLevel: PIE: Created PIE world by copying editor world from /Game/SideScrollerBP/Maps/NinjaArenaPrototype.NinjaArenaPrototype to /Game/SideScrollerBP/Maps/UEDPIE_0_NinjaArenaPrototype.NinjaArenaPrototype (0.034021s)
[2016.10.12-13.31.06:672][ 47]LogInit: XAudio2 using 'Speakers (2- Realtek High Definition Audio)' : 6 channels at 48 kHz using 32 bits per sample (channel mask 0x3f)
[2016.10.12-13.31.06:743][ 47]LogInit: FAudioDevice initialized.
[2016.10.12-13.31.06:833][ 47]LogWorld: Game class is 'SideScrollerGameMode_C'
[2016.10.12-13.31.06:843][ 47]LogWorld: Bringing World /Game/SideScrollerBP/Maps/UEDPIE_0_NinjaArenaPrototype.NinjaArenaPrototype up for play (max tick rate 0) at 2016.10.12-14.31.06
[2016.10.12-13.31.06:845][ 47]LogWorld: Bringing up level for play took: 0.010786
[2016.10.12-13.31.06:854][ 47]PIE: Info Play in editor start time for /Game/SideScrollerBP/Maps/UEDPIE_0_NinjaArenaPrototype -0.344
[2016.10.12-13.31.06:854][ 47]LogBlueprintUserMessages: Late PlayInEditor Detection: Level '/Game/SideScrollerBP/Maps/NinjaArenaPrototype.NinjaArenaPrototype:PersistentLevel' has LevelScriptBlueprint '/Game/SideScrollerBP/Maps/NinjaArenaPrototype.NinjaArenaPrototype:PersistentLevel.NinjaArenaPrototype' with GeneratedClass '/Game/SideScrollerBP/Maps/NinjaArenaPrototype.NinjaArenaPrototype_C' with ClassGeneratedBy '/Game/SideScrollerBP/Maps/NinjaArenaPrototype.NinjaArenaPrototype:PersistentLevel.NinjaArenaPrototype'
[2016.10.12-13.31.24:923][473]LogBlueprintUserMessages: Early EndPlayMap Detection: Level '/Game/SideScrollerBP/Maps/NinjaArenaPrototype.NinjaArenaPrototype:PersistentLevel' has LevelScriptBlueprint '/Game/SideScrollerBP/Maps/NinjaArenaPrototype.NinjaArenaPrototype:PersistentLevel.NinjaArenaPrototype' with GeneratedClass '/Game/SideScrollerBP/Maps/NinjaArenaPrototype.NinjaArenaPrototype_C' with ClassGeneratedBy '/Game/SideScrollerBP/Maps/NinjaArenaPrototype.NinjaArenaPrototype:PersistentLevel.NinjaArenaPrototype'
[2016.10.12-13.31.24:981][473]LogBlueprintUserMessages: Late EndPlayMap Detection: Level '/Game/SideScrollerBP/Maps/NinjaArenaPrototype.NinjaArenaPrototype:PersistentLevel' has LevelScriptBlueprint '/Game/SideScrollerBP/Maps/NinjaArenaPrototype.NinjaArenaPrototype:PersistentLevel.NinjaArenaPrototype' with GeneratedClass '/Game/SideScrollerBP/Maps/NinjaArenaPrototype.NinjaArenaPrototype_C' with ClassGeneratedBy '/Game/SideScrollerBP/Maps/NinjaArenaPrototype.NinjaArenaPrototype:PersistentLevel.NinjaArenaPrototype'
[2016.10.12-13.56.01:136][870]LogBlueprintUserMessages: Early PlayInEditor Detection: Level '/Game/SideScrollerBP/Maps/NinjaArenaPrototype.NinjaArenaPrototype:PersistentLevel' has LevelScriptBlueprint '/Game/SideScrollerBP/Maps/NinjaArenaPrototype.NinjaArenaPrototype:PersistentLevel.NinjaArenaPrototype' with GeneratedClass '/Game/SideScrollerBP/Maps/NinjaArenaPrototype.NinjaArenaPrototype_C' with ClassGeneratedBy '/Game/SideScrollerBP/Maps/NinjaArenaPrototype.NinjaArenaPrototype:PersistentLevel.NinjaArenaPrototype'
[2016.10.12-13.56.01:150][870]LogPlayLevel: PlayLevel: No blueprints needed recompiling
[2016.10.12-13.56.01:151][870]PIE: New page: PIE session: NinjaArenaPrototype (12 Oct 2016 14:56:01)
[2016.10.12-13.56.01:153][870]LogPlayLevel: Creating play world package: /Game/SideScrollerBP/Maps/UEDPIE_0_NinjaArenaPrototype
[2016.10.12-13.56.01:277][870]LogPlayLevel: PIE: StaticDuplicateObject took: (0.122924s)
[2016.10.12-13.56.01:301][870]LogAIModule: Creating AISystem for world NinjaArenaPrototype
[2016.10.12-13.56.01:302][870]LogPlayLevel: PIE: World Init took: (0.025429s)
[2016.10.12-13.56.01:305][870]LogPlayLevel: PIE: Created PIE world by copying editor world from /Game/SideScrollerBP/Maps/NinjaArenaPrototype.NinjaArenaPrototype to /Game/SideScrollerBP/Maps/UEDPIE_0_NinjaArenaPrototype.NinjaArenaPrototype (0.151834s)
[2016.10.12-13.56.01:374][870]LogInit: XAudio2 using 'Speakers (2- Realtek High Definition Audio)' : 6 channels at 48 kHz using 32 bits per sample (channel mask 0x3f)
[2016.10.12-13.56.01:421][870]LogInit: FAudioDevice initialized.
[2016.10.12-13.56.01:595][870]LogWorld: Game class is 'SideScrollerGameMode_C'
[2016.10.12-13.56.01:628][870]LogWorld: Bringing World /Game/SideScrollerBP/Maps/UEDPIE_0_NinjaArenaPrototype.NinjaArenaPrototype up for play (max tick rate 0) at 2016.10.12-14.56.01
[2016.10.12-13.56.01:643][870]LogWorld: Bringing up level for play took: 0.043428
[2016.10.12-13.56.01:653][870]PIE: Info Play in editor start time for /Game/SideScrollerBP/Maps/UEDPIE_0_NinjaArenaPrototype 0.455
[2016.10.12-13.56.01:653][870]LogBlueprintUserMessages: Late PlayInEditor Detection: Level '/Game/SideScrollerBP/Maps/NinjaArenaPrototype.NinjaArenaPrototype:PersistentLevel' has LevelScriptBlueprint '/Game/SideScrollerBP/Maps/NinjaArenaPrototype.NinjaArenaPrototype:PersistentLevel.NinjaArenaPrototype' with GeneratedClass '/Game/SideScrollerBP/Maps/NinjaArenaPrototype.NinjaArenaPrototype_C' with ClassGeneratedBy '/Game/SideScrollerBP/Maps/NinjaArenaPrototype.NinjaArenaPrototype:PersistentLevel.NinjaArenaPrototype'
[2016.10.12-13.56.14:949][200]LogBlueprintUserMessages: Early EndPlayMap Detection: Level '/Game/SideScrollerBP/Maps/NinjaArenaPrototype.NinjaArenaPrototype:PersistentLevel' has LevelScriptBlueprint '/Game/SideScrollerBP/Maps/NinjaArenaPrototype.NinjaArenaPrototype:PersistentLevel.NinjaArenaPrototype' with GeneratedClass '/Game/SideScrollerBP/Maps/NinjaArenaPrototype.NinjaArenaPrototype_C' with ClassGeneratedBy '/Game/SideScrollerBP/Maps/NinjaArenaPrototype.NinjaArenaPrototype:PersistentLevel.NinjaArenaPrototype'
[2016.10.12-13.56.15:005][200]LogBlueprintUserMessages: Late EndPlayMap Detection: Level '/Game/SideScrollerBP/Maps/NinjaArenaPrototype.NinjaArenaPrototype:PersistentLevel' has LevelScriptBlueprint '/Game/SideScrollerBP/Maps/NinjaArenaPrototype.NinjaArenaPrototype:PersistentLevel.NinjaArenaPrototype' with GeneratedClass '/Game/SideScrollerBP/Maps/NinjaArenaPrototype.NinjaArenaPrototype_C' with ClassGeneratedBy '/Game/SideScrollerBP/Maps/NinjaArenaPrototype.NinjaArenaPrototype:PersistentLevel.NinjaArenaPrototype'
[2016.10.12-13.57.39:440][680]LogSavePackage: Save=1000.35ms
[2016.10.12-13.57.39:440][680]LogSavePackage: Moving 'F:/MyProject v0.4/Saved/UEDPCNinjaArenaPrototypeCE9163A744218202DF2A3288FD68DD7B.tmp' to 'F:/MyProject v0.4/Saved/Autosaves/Game/SideScrollerBP/Maps/UEDPCNinjaArenaPrototype.umap'
[2016.10.12-13.57.39:443][680]LogSavePackage:Display: Finished SavePackage F:/MyProject v0.4/Saved/Autosaves/Game/SideScrollerBP/Maps/UEDPCNinjaArenaPrototype.umap
[2016.10.12-13.57.39:511][680]LogEditorTransaction: Undo Spawn Play From Here Start
[2016.10.12-14.03.35:366][145]LogWindowsTextInputMethodSystem:Display: IME system now deactivated.
[2016.10.12-14.03.37:695][146]Cmd: QUIT_EDITOR
[2016.10.12-14.03.39:727][146]LogExit: Preparing to exit.
[2016.10.12-14.03.42:629][146]LogExit: Editor shut down
[2016.10.12-14.03.42:638][146]LogExit: Transaction tracking system shut down
[2016.10.12-14.03.45:184][146]LogObj: Freed 0b from 0 cluster array pools.
[2016.10.12-14.03.45:190][146]LogExit: Object subsystem successfully closed.
[2016.10.12-14.03.45:495][146]LogD3D11RHI: Shutdown
[2016.10.12-14.03.45:502][146]LogD3D11RHI: CleanupD3DDevice
[2016.10.12-14.03.45:793][146]LogD3D11RHI: ~FD3D11DynamicRHI
[2016.10.12-14.03.46:975][146]LogModuleManager: Shutting down and abandoning module MovieSceneCapture (216)
[2016.10.12-14.03.46:976][146]LogModuleManager: Shutting down and abandoning module HierarchicalLODOutliner (215)
[2016.10.12-14.03.46:986][146]LogModuleManager: Shutting down and abandoning module CrashTracker (214)
[2016.10.12-14.03.46:986][146]LogModuleManager: Shutting down and abandoning module SceneOutliner (213)
[2016.10.12-14.03.46:994][146]LogModuleManager: Shutting down and abandoning module WidgetCarousel (212)
[2016.10.12-14.03.47:002][146]LogModuleManager: Shutting down and abandoning module AddContentDialog (211)
[2016.10.12-14.03.47:080][146]LogModuleManager: Shutting down and abandoning module GameplayTags (210)
[2016.10.12-14.03.47:080][146]LogModuleManager: Shutting down and abandoning module EditorWidgets (209)
[2016.10.12-14.03.47:080][146]LogModuleManager: Shutting down and abandoning module CollectionManager (208)
[2016.10.12-14.03.47:093][146]LogModuleManager: Shutting down and abandoning module StatsViewer (207)
[2016.10.12-14.03.47:104][146]LogModuleManager: Shutting down and abandoning module FoliageEdit (206)
[2016.10.12-14.03.47:116][146]LogModuleManager: Shutting down and abandoning module LandscapeEditor (205)
[2016.10.12-14.03.47:153][146]LogModuleManager: Shutting down and abandoning module SceneDepthPickerMode (204)
[2016.10.12-14.03.47:153][146]LogModuleManager: Shutting down and abandoning module ActorPickerMode (203)
[2016.10.12-14.03.47:153][146]LogModuleManager: Shutting down and abandoning module GeometryMode (202)
[2016.10.12-14.03.47:153][146]LogModuleManager: Shutting down and abandoning module TextureAlignMode (201)
[2016.10.12-14.03.47:153][146]LogModuleManager: Shutting down and abandoning module BspMode (200)
[2016.10.12-14.03.47:178][146]LogModuleManager: Shutting down and abandoning module HardwareSurvey (199)
[2016.10.12-14.03.47:182][146]LogModuleManager: Shutting down and abandoning module SequenceRecorderSections (198)
[2016.10.12-14.03.47:182][146]LogModuleManager: Shutting down and abandoning module SequenceRecorder (197)
[2016.10.12-14.03.47:191][146]LogModuleManager: Shutting down and abandoning module AutomationWorker (196)
[2016.10.12-14.03.47:191][146]LogModuleManager: Shutting down and abandoning module MatineeToLevelSequence (195)
[2016.10.12-14.03.47:202][146]LogModuleManager: Shutting down and abandoning module PlacementMode (194)
[2016.10.12-14.03.47:217][146]LogModuleManager: Shutting down and abandoning module LevelSequenceEditor (193)
[2016.10.12-14.03.47:266][146]LogModuleManager: Shutting down and abandoning module CharacterAI (192)
[2016.10.12-14.03.47:267][146]LogModuleManager: Shutting down and abandoning module SmartSnapping (191)
[2016.10.12-14.03.47:267][146]LogModuleManager: Shutting down and abandoning module SessionServices (190)
[2016.10.12-14.03.47:267][146]LogModuleManager: Shutting down and abandoning module ViewportSnapping (189)
[2016.10.12-14.03.47:267][146]LogModuleManager: Shutting down and abandoning module LogVisualizer (188)
[2016.10.12-14.03.47:286][146]LogModuleManager: Shutting down and abandoning module GameProjectGeneration (187)
[2016.10.12-14.03.47:297][146]LogModuleManager: Shutting down and abandoning module IntroTutorials (186)
[2016.10.12-14.03.47:303][146]LogModuleManager: Shutting down and abandoning module EditorLiveStreaming (185)
[2016.10.12-14.03.47:303][146]LogModuleManager: Shutting down and abandoning module IOSPlatformEditor (184)
[2016.10.12-14.03.47:315][146]LogModuleManager: Shutting down and abandoning module HTML5PlatformEditor (183)
[2016.10.12-14.03.47:315][146]LogModuleManager: Shutting down and abandoning module AndroidDeviceDetection (182)
[2016.10.12-14.03.48:227][146]LogModuleManager: Shutting down and abandoning module AndroidPlatformEditor (181)
[2016.10.12-14.03.48:243][146]LogModuleManager: Shutting down and abandoning module IOSRuntimeSettings (180)
[2016.10.12-14.03.48:244][146]LogModuleManager: Shutting down and abandoning module AndroidRuntimeSettings (179)
[2016.10.12-14.03.48:244][146]LogModuleManager: Shutting down and abandoning module MergeActors (178)
[2016.10.12-14.03.48:252][146]LogModuleManager: Shutting down and abandoning module SizeMap (177)
[2016.10.12-14.03.48:252][146]LogModuleManager: Shutting down and abandoning module TreeMap (176)
[2016.10.12-14.03.48:262][146]LogModuleManager: Shutting down and abandoning module ReferenceViewer (175)
[2016.10.12-14.03.48:275][146]LogModuleManager: Shutting down and abandoning module LocalizationService (174)
[2016.10.12-14.03.48:287][146]LogModuleManager: Shutting down and abandoning module LocalizationDashboard (173)
[2016.10.12-14.03.48:305][146]LogModuleManager: Shutting down and abandoning module HardwareTargeting (172)
[2016.10.12-14.03.48:321][146]LogModuleManager: Shutting down and abandoning module DeviceProfileEditor (171)
[2016.10.12-14.03.48:333][146]LogModuleManager: Shutting down and abandoning module UndoHistory (170)
[2016.10.12-14.03.48:350][146]LogModuleManager: Shutting down and abandoning module UserFeedback (169)
[2016.10.12-14.03.48:350][146]LogModuleManager: Shutting down and abandoning module XmlParser (168)
[2016.10.12-14.03.48:359][146]LogModuleManager: Shutting down and abandoning module Blutility (167)
[2016.10.12-14.03.48:366][146]LogModuleManager: Shutting down and abandoning module ProjectTargetPlatformEditor (166)
[2016.10.12-14.03.48:375][146]LogModuleManager: Shutting down and abandoning module ProjectSettingsViewer (165)
[2016.10.12-14.03.48:375][146]LogModuleManager: Shutting down and abandoning module InputBindingEditor (164)
[2016.10.12-14.03.48:421][146]LogModuleManager: Shutting down and abandoning module EditorSettingsViewer (163)
[2016.10.12-14.03.48:422][146]LogModuleManager: Shutting down and abandoning module SettingsEditor (162)
[2016.10.12-14.03.48:458][146]LogModuleManager: Shutting down and abandoning module ProjectLauncher (161)
[2016.10.12-14.03.48:478][146]LogModuleManager: Shutting down and abandoning module SessionFrontend (160)
[2016.10.12-14.03.48:491][146]LogModuleManager: Shutting down and abandoning module ProfilerClient (159)
[2016.10.12-14.03.48:506][146]LogModuleManager: Shutting down and abandoning module TargetDeviceServices (158)
[2016.10.12-14.03.48:518][146]LogModuleManager: Shutting down and abandoning module DeviceManager (157)
[2016.10.12-14.03.48:580][146]LogModuleManager: Shutting down and abandoning module AutomationController (156)
[2016.10.12-14.03.48:592][146]LogModuleManager: Shutting down and abandoning module AutomationWindow (155)
[2016.10.12-14.03.48:609][146]LogModuleManager: Shutting down and abandoning module Layers (154)
[2016.10.12-14.03.48:630][146]LogModuleManager: Shutting down and abandoning module ComponentVisualizers (153)
[2016.10.12-14.03.48:630][146]LogModuleManager: Shutting down and abandoning module DetailCustomizations (152)
[2016.10.12-14.03.48:647][146]LogModuleManager: Shutting down and abandoning module PackagesDialog (151)
[2016.10.12-14.03.48:649][146]LogModuleManager: Shutting down and abandoning module Persona (150)
[2016.10.12-14.03.48:706][146]LogModuleManager: Shutting down and abandoning module Kismet (149)
[2016.10.12-14.03.48:706][146]LogModuleManager: Shutting down and abandoning module GraphEditor (148)
[2016.10.12-14.03.48:753][146]LogModuleManager: Shutting down and abandoning module ClassViewer (147)
[2016.10.12-14.03.48:765][146]LogModuleManager: Shutting down and abandoning module Toolbox (146)
[2016.10.12-14.03.48:778][146]LogModuleManager: Shutting down and abandoning module ModuleUI (145)
[2016.10.12-14.03.48:790][146]LogModuleManager: Shutting down and abandoning module MovieSceneTools (144)
[2016.10.12-14.03.48:823][146]LogModuleManager: Shutting down and abandoning module OutputLog (143)
[2016.10.12-14.03.48:835][146]LogModuleManager: Shutting down and abandoning module GammaUI (142)
[2016.10.12-14.03.48:849][146]LogModuleManager: Shutting down and abandoning module Documentation (141)
[2016.10.12-14.03.48:860][146]LogModuleManager: Shutting down and abandoning module StreamingPauseRendering (140)
[2016.10.12-14.03.48:860][146]LogModuleManager: Shutting down and abandoning module AnalyticsET (139)
[2016.10.12-14.03.48:860][146]LogModuleManager: Shutting down and abandoning module Analytics (138)
[2016.10.12-14.03.48:860][146]LogModuleManager: Shutting down and abandoning module PortalServices (137)
[2016.10.12-14.03.48:860][146]LogModuleManager: Shutting down and abandoning module PortalRpc (136)
[2016.10.12-14.03.48:860][146]LogModuleManager: Shutting down and abandoning module MessagingRpc (135)
[2016.10.12-14.03.48:860][146]LogModuleManager: Shutting down and abandoning module GameplayDebugger (134)
[2016.10.12-14.03.48:870][146]LogModuleManager: Shutting down and abandoning module AITestSuite (133)
[2016.10.12-14.03.48:878][146]LogModuleManager: Shutting down and abandoning module AIModule (132)
[2016.10.12-14.03.48:878][146]LogModuleManager: Shutting down and abandoning module ProfilerService (131)
[2016.10.12-14.03.49:021][146]LogModuleManager: Shutting down and abandoning module TaskGraph (130)
[2016.10.12-14.03.49:041][146]LogModuleManager: Shutting down and abandoning module SubstanceEditor (129)
[2016.10.12-14.03.49:061][146]LogModuleManager: Shutting down and abandoning module SlateRemote (128)
[2016.10.12-14.03.49:061][146]LogModuleManager: Shutting down and abandoning module SteamVRController (127)
[2016.10.12-14.03.49:061][146]LogModuleManager: Shutting down and abandoning module SteamVR (126)
[2016.10.12-14.03.49:061][146]LogModuleManager: Shutting down and abandoning module ProceduralMeshComponent (125)
[2016.10.12-14.03.49:061][146]LogModuleManager: Shutting down and abandoning module OculusLibrary (124)
[2016.10.12-14.03.49:061][146]LogModuleManager: Shutting down and abandoning module OculusInput (123)
[2016.10.12-14.03.49:061][146]LogModuleManager: Shutting down and abandoning module CustomMeshComponent (122)
[2016.10.12-14.03.49:061][146]LogModuleManager: Shutting down and abandoning module CableComponent (121)
[2016.10.12-14.03.49:061][146]LogModuleManager: Shutting down and abandoning module ArchVisCharacter (120)
[2016.10.12-14.03.49:061][146]LogModuleManager: Shutting down and abandoning module MediaPlayerEditor (119)
[2016.10.12-14.03.49:083][146]LogModuleManager: Shutting down and abandoning module HTML5Networking (118)
[2016.10.12-14.03.49:083][146]LogModuleManager: Shutting down and abandoning module SuperSearch (117)
[2016.10.12-14.03.49:083][146]LogModuleManager: Shutting down and abandoning module SuperSearchEditor (116)
[2016.10.12-14.03.49:083][146]LogModuleManager: Shutting down and abandoning module SpeedTreeImporter (115)
[2016.10.12-14.03.49:083][146]LogModuleManager: Shutting down and abandoning module PluginBrowser (114)
[2016.10.12-14.03.49:104][146]LogModuleManager: Shutting down and abandoning module EpicSurvey (113)
[2016.10.12-14.03.49:105][146]LogModuleManager: Shutting down and abandoning module DesktopPlatform (112)
[2016.10.12-14.03.49:111][146]LogModuleManager: Shutting down and abandoning module VisualStudioSourceCodeAccess (111)
[2016.10.12-14.03.49:119][146]LogModuleManager: Shutting down and abandoning module UObjectPlugin (110)
[2016.10.12-14.03.49:119][146]LogModuleManager: Shutting down and abandoning module SubversionSourceControl (109)
[2016.10.12-14.03.49:125][146]LogModuleManager: Shutting down and abandoning module PerforceSourceControl (108)
[2016.10.12-14.03.49:140][146]LogModuleManager: Shutting down and abandoning module SourceControl (107)
[2016.10.12-14.03.49:155][146]LogModuleManager: Shutting down and abandoning module GitSourceControl (106)
[2016.10.12-14.03.49:163][146]LogModuleManager: Shutting down and abandoning module LightPropagationVolumeEditor (105)
[2016.10.12-14.03.49:163][146]LogModuleManager: Shutting down and abandoning module PaperTiledImporter (104)
[2016.10.12-14.03.49:169][146]LogModuleManager: Shutting down and abandoning module PaperSpriteSheetImporter (103)
[2016.10.12-14.03.49:169][146]LogModuleManager: Shutting down and abandoning module MeshPaint (102)
[2016.10.12-14.03.49:178][146]LogModuleManager: Shutting down and abandoning module PixelInspectorModule (101)
[2016.10.12-14.03.49:197][146]LogModuleManager: Shutting down and abandoning module HotReload (100)
[2016.10.12-14.03.49:210][146]LogModuleManager: Shutting down and abandoning module MainFrame (99)
[2016.10.12-14.03.49:215][146]LogModuleManager: Shutting down and abandoning module LevelEditor (98)
[2016.10.12-14.03.49:270][146]LogModuleManager: Shutting down and abandoning module ContentBrowser (97)
[2016.10.12-14.03.49:274][146]LogModuleManager: Shutting down and abandoning module Paper2DEditor (96)
[2016.10.12-14.03.49:290][146]LogModuleManager: Shutting down and abandoning module UdpMessaging (95)
[2016.10.12-14.03.49:390][146]LogModuleManager: Shutting down and abandoning module SubstanceCore (94)
[2016.10.12-14.03.49:425][146]LogModuleManager: Shutting down and abandoning module LightPropagationVolumeRuntime (93)
[2016.10.12-14.03.49:425][146]LogModuleManager: Shutting down and abandoning module Paper2D (92)
[2016.10.12-14.03.49:439][146]LogModuleManager: Shutting down and abandoning module WindowsMoviePlayer (91)
[2016.10.12-14.03.49:439][146]LogModuleManager: Shutting down and abandoning module Media (90)
[2016.10.12-14.03.49:439][146]LogModuleManager: Shutting down and abandoning module WmfMedia (89)
[2016.10.12-14.03.49:458][146]LogModuleManager: Shutting down and abandoning module MediaAssets (88)
[2016.10.12-14.03.49:458][146]LogModuleManager: Shutting down and abandoning module GameLiveStreaming (87)
[2016.10.12-14.03.49:467][146]LogModuleManager: Shutting down and abandoning module GameplayTagsEditor (86)
[2016.10.12-14.03.49:467][146]LogModuleManager: Shutting down and abandoning module OnlineBlueprintSupport (85)
[2016.10.12-14.03.49:467][146]LogModuleManager: Shutting down and abandoning module VREditor (84)
[2016.10.12-14.03.49:476][146]LogModuleManager: Shutting down and abandoning module GameplayTasksEditor (83)
[2016.10.12-14.03.49:477][146]LogModuleManager: Shutting down and abandoning module PropertyEditor (82)
[2016.10.12-14.03.49:477][146]LogModuleManager: Shutting down and abandoning module BehaviorTreeEditor (81)
[2016.10.12-14.03.49:504][146]LogModuleManager: Shutting down and abandoning module FunctionalTesting (80)
[2016.10.12-14.03.49:504][146]LogModuleManager: Shutting down and abandoning module CollisionAnalyzer (79)
[2016.10.12-14.03.49:520][146]LogModuleManager: Shutting down and abandoning module Sequencer (78)
[2016.10.12-14.03.49:553][146]LogModuleManager: Shutting down and abandoning module WorkspaceMenuStructure (77)
[2016.10.12-14.03.49:553][146]LogModuleManager: Shutting down and abandoning module MessageLog (76)
[2016.10.12-14.03.49:562][146]LogModuleManager: Shutting down and abandoning module AssetTools (75)
[2016.10.12-14.03.49:590][146]LogModuleManager: Shutting down and abandoning module UMGEditor (74)
[2016.10.12-14.03.49:620][146]LogModuleManager: Shutting down and abandoning module UMG (73)
[2016.10.12-14.03.49:638][146]LogModuleManager: Shutting down and abandoning module SlateReflector (72)
[2016.10.12-14.03.49:660][146]LogModuleManager: Shutting down and abandoning module Slate (71)
[2016.10.12-14.03.49:672][146]LogModuleManager: Shutting down and abandoning module EditorStyle (70)
[2016.10.12-14.03.49:745][146]LogModuleManager: Shutting down and abandoning module SourceCodeAccess (69)
[2016.10.12-14.03.49:745][146]LogModuleManager: Shutting down and abandoning module HeadMountedDisplay (68)
[2016.10.12-14.03.49:745][146]LogModuleManager: Shutting down and abandoning module XAudio2 (67)
[2016.10.12-14.03.49:745][146]LogModuleManager: Shutting down and abandoning module Networking (65)
[2016.10.12-14.03.49:745][146]LogModuleManager: Shutting down and abandoning module Core (64)
[2016.10.12-14.03.49:745][146]LogModuleManager: Shutting down and abandoning module DirectoryWatcher (63)
[2016.10.12-14.03.49:751][146]LogModuleManager: Shutting down and abandoning module AssetRegistry (62)
[2016.10.12-14.03.50:340][146]LogModuleManager: Shutting down and abandoning module KismetCompiler (61)
[2016.10.12-14.03.50:340][146]LogModuleManager: Shutting down and abandoning module PhysXFormats (60)
[2016.10.12-14.03.50:340][146]LogModuleManager: Shutting down and abandoning module MeshUtilities (59)
[2016.10.12-14.03.50:361][146]LogModuleManager: Shutting down and abandoning module DerivedDataCache (58)
[2016.10.12-14.03.50:433][146]LogDerivedDataCache: Shutdown
[2016.10.12-14.03.50:434][146]LogModuleManager: Shutting down and abandoning module VulkanShaderFormat (57)
[2016.10.12-14.03.50:447][146]LogModuleManager: Shutting down and abandoning module ShaderFormatOpenGL (56)
[2016.10.12-14.03.50:462][146]LogModuleManager: Shutting down and abandoning module ShaderFormatD3D (55)
[2016.10.12-14.03.50:470][146]LogModuleManager: Shutting down and abandoning module MetalShaderFormat (54)
[2016.10.12-14.03.50:480][146]LogModuleManager: Shutting down and abandoning module TextureFormatUncompressed (53)
[2016.10.12-14.03.50:482][146]LogModuleManager: Shutting down and abandoning module TextureFormatPVR (52)
[2016.10.12-14.03.50:482][146]LogModuleManager: Shutting down and abandoning module TextureFormatIntelISPCTexComp (51)
[2016.10.12-14.03.50:494][146]LogModuleManager: Shutting down and abandoning module TextureFormatDXT (50)
[2016.10.12-14.03.50:494][146]LogModuleManager: Shutting down and abandoning module ImageWrapper (49)
[2016.10.12-14.03.50:494][146]LogModuleManager: Shutting down and abandoning module TextureFormatASTC (48)
[2016.10.12-14.03.50:494][146]LogModuleManager: Shutting down and abandoning module TextureFormatAndroid (47)
[2016.10.12-14.03.50:494][146]LogModuleManager: Shutting down and abandoning module AudioFormatOpus (46)
[2016.10.12-14.03.50:510][146]LogModuleManager: Shutting down and abandoning module AudioFormatOgg (45)
[2016.10.12-14.03.50:512][146]LogModuleManager: Shutting down and abandoning module AudioFormatADPCM (44)
[2016.10.12-14.03.50:519][146]LogModuleManager: Shutting down and abandoning module LinuxTargetPlatform (43)
[2016.10.12-14.03.50:520][146]LogModuleManager: Shutting down and abandoning module LinuxServerTargetPlatform (42)
[2016.10.12-14.03.50:531][146]LogModuleManager: Shutting down and abandoning module LinuxNoEditorTargetPlatform (41)
[2016.10.12-14.03.50:541][146]LogModuleManager: Shutting down and abandoning module TVOSTargetPlatform (40)
[2016.10.12-14.03.50:541][146]LogModuleManager: Shutting down and abandoning module Messaging (39)
[2016.10.12-14.03.50:541][146]LogModuleManager: Shutting down and abandoning module IOSTargetPlatform (38)
[2016.10.12-14.03.50:542][146]LogModuleManager: Shutting down and abandoning module HTML5TargetPlatform (37)
[2016.10.12-14.03.50:542][146]LogModuleManager: Shutting down and abandoning module Android_PVRTCTargetPlatform (36)
[2016.10.12-14.03.50:543][146]LogModuleManager: Shutting down and abandoning module Android_MultiTargetPlatform (35)
[2016.10.12-14.03.50:551][146]LogModuleManager: Shutting down and abandoning module Android_ETC2TargetPlatform (34)
[2016.10.12-14.03.50:551][146]LogModuleManager: Shutting down and abandoning module Android_ETC1TargetPlatform (33)
[2016.10.12-14.03.50:551][146]LogModuleManager: Shutting down and abandoning module Android_DXTTargetPlatform (32)
[2016.10.12-14.03.50:551][146]LogModuleManager: Shutting down and abandoning module Android_ATCTargetPlatform (31)
[2016.10.12-14.03.50:551][146]LogModuleManager: Shutting down and abandoning module Android_ASTCTargetPlatform (30)
[2016.10.12-14.03.50:551][146]LogModuleManager: Shutting down and abandoning module AndroidTargetPlatform (29)
[2016.10.12-14.03.50:551][146]LogModuleManager: Shutting down and abandoning module WindowsTargetPlatform (28)
[2016.10.12-14.03.50:551][146]LogModuleManager: Shutting down and abandoning module WindowsServerTargetPlatform (27)
[2016.10.12-14.03.50:559][146]LogModuleManager: Shutting down and abandoning module WindowsNoEditorTargetPlatform (26)
[2016.10.12-14.03.50:563][146]LogModuleManager: Shutting down and abandoning module WindowsClientTargetPlatform (25)
[2016.10.12-14.03.50:567][146]LogModuleManager: Shutting down and abandoning module AllDesktopTargetPlatform (24)
[2016.10.12-14.03.50:567][146]LogModuleManager: Shutting down and abandoning module TargetPlatform (23)
[2016.10.12-14.03.50:571][146]LogModuleManager: Shutting down and abandoning module InputCore (22)
[2016.10.12-14.03.50:571][146]LogModuleManager: Shutting down and abandoning module Settings (21)
[2016.10.12-14.03.50:574][146]LogModuleManager: Shutting down and abandoning module OnlineSubsystem (19)
[2016.10.12-14.03.50:586][146]LogModuleManager: Shutting down and abandoning module HTTP (18)
[2016.10.12-14.03.53:593][146]LogModuleManager: Shutting down and abandoning module XMPP (17)
[2016.10.12-14.03.53:610][146]LogModuleManager: Shutting down and abandoning module OculusRift (16)
[2016.10.12-14.03.53:625][146]LogModuleManager: Shutting down and abandoning module ExampleDeviceProfileSelector (15)
[2016.10.12-14.03.53:625][146]LogModuleManager: Shutting down and abandoning module TextureCompressor (14)
[2016.10.12-14.03.53:633][146]LogModuleManager: Shutting down and abandoning module ShaderCore (13)
[2016.10.12-14.03.53:637][146]LogModuleManager: Shutting down and abandoning module Landscape (12)
[2016.10.12-14.03.53:637][146]LogModuleManager: Shutting down and abandoning module SlateRHIRenderer (11)
[2016.10.12-14.03.53:667][146]LogModuleManager: Shutting down and abandoning module OpenGLDrv (10)
[2016.10.12-14.03.53:677][146]LogModuleManager: Shutting down and abandoning module D3D11RHI (9)
[2016.10.12-14.03.53:677][146]LogModuleManager: Shutting down and abandoning module AnimGraphRuntime (8)
[2016.10.12-14.03.53:688][146]LogModuleManager: Shutting down and abandoning module Renderer (7)
[2016.10.12-14.03.53:688][146]LogModuleManager: Shutting down and abandoning module Engine (6)
[2016.10.12-14.03.53:708][146]LogModuleManager: Shutting down and abandoning module CoreUObject (5)
[2016.10.12-14.03.53:724][146]LogModuleManager: Shutting down and abandoning module NetworkFile (4)
[2016.10.12-14.03.53:737][146]LogModuleManager: Shutting down and abandoning module StreamingFile (3)
[2016.10.12-14.03.53:746][146]LogModuleManager: Shutting down and abandoning module SandboxFile (2)
[2016.10.12-14.03.53:752][146]LogModuleManager: Shutting down and abandoning module PakFile (1)
[2016.10.12-14.03.53:808][146]LogExit: Exiting.
[2016.10.12-14.03.53:856][146]Log file closed, 10/12/16 15:03:53
